<!DOCTYPE html PUBLIC "-//W3C//DTD XHTML 1.1//EN" "https://www.w3.org/TR/xhtml11/DTD/xhtml11.dtd">
<html xmlns="https://www.w3.org/1999/xhtml">
<head>
<meta http-equiv="content-type" content="text/html; charset=UTF-8"/>
<title>TestNG Report</title>
<style type="text/css">table {margin-bottom:10px;border-collapse:collapse;empty-cells:show}th,td {border:1px solid #009;padding:.25em .5em}th {vertical-align:bottom}td {vertical-align:top}table a {font-weight:bold}.stripe td {background-color: #E6EBF9}.num {text-align:right}.passedodd td {background-color: #3F3}.passedeven td {background-color: #0A0}.skippedodd td {background-color: #DDD}.skippedeven td {background-color: #CCC}.failedodd td,.attn {background-color: #F33}.failedeven td,.stripe .attn {background-color: #D00}.stacktrace {white-space:pre;font-family:monospace}.totop {font-size:85%;text-align:center;border-bottom:2px solid #000}.invisible {display:none}</style>
</head>
<body>
<table>
<tr><th>Test</th><th># Passed</th><th># Skipped</th><th># Retried</th><th># Failed</th><th>Time (ms)</th><th>Included Groups</th><th>Excluded Groups</th></tr>
<tr><th colspan="8">herokuapp Suite</th></tr>
<tr><td><a href="#t0">heroku chrome test</a></td><td class="num">18</td><td class="num">0</td><td class="num">0</td><td class="num attn">1</td><td class="num">241,223</td><td></td><td></td></tr>
<tr class="stripe"><td><a href="#t1">heroku Firefox test</a></td><td class="num">20</td><td class="num">0</td><td class="num">0</td><td class="num">0</td><td class="num">344,564</td><td></td><td></td></tr>
<tr><th>Total</th><th class="num">38</th><th class="num">0</th><th class="num">0</th><th class="num attn">1</th><th class="num">585,787</th><th colspan="2"></th></tr>
</table>
<table id='summary'><thead><tr><th>Class</th><th>Method</th><th>Start</th><th>Time (ms)</th></tr></thead><tbody><tr><th colspan="4">herokuapp Suite</th></tr></tbody><tbody id="t0"><tr><th colspan="4">heroku chrome test &#8212; failed</th></tr><tr class="failedeven"><td rowspan="1">herokuapp.pagestest.FT09_DynamicControlTest</td><td><a href="#m0">verifyDynamicControls</a></td><td rowspan="1">1768828544857</td><td rowspan="1">3037</td></tr><tr><th colspan="4">heroku chrome test &#8212; passed</th></tr><tr class="passedeven"><td rowspan="2">herokuapp.pagestest.FT01_ABTestingTest</td><td><a href="#m1">verifyHeadingText</a></td><td rowspan="1">1768828341060</td><td rowspan="1">652</td></tr><tr class="passedeven"><td><a href="#m2">verifyPageLoadsUnder3Seconds</a></td><td rowspan="1">1768828348197</td><td rowspan="1">411</td></tr><tr class="passedodd"><td rowspan="2">herokuapp.pagestest.FT02_AddRemoveTest</td><td><a href="#m3">verifyAddRemoveTest</a></td><td rowspan="1">1768828356866</td><td rowspan="1">7442</td></tr><tr class="passedodd"><td><a href="#m4">verifyPageLoadsUnder3Seconds</a></td><td rowspan="1">1768828371110</td><td rowspan="1">412</td></tr><tr class="passedeven"><td rowspan="5">herokuapp.pagestest.FT03_BasicAuthTest</td><td><a href="#m5">verifyBasicAuth</a></td><td rowspan="4">1768828405950</td><td rowspan="4">2780</td></tr><tr class="passedeven"><td><a href="#m6">verifyBasicAuth</a></td></tr><tr class="passedeven"><td><a href="#m7">verifyBasicAuth</a></td></tr><tr class="passedeven"><td><a href="#m8">verifyBasicAuth</a></td></tr><tr class="passedeven"><td><a href="#m9">verifyPageLoadsUnder3Seconds</a></td><td rowspan="1">1768828422990</td><td rowspan="1">414</td></tr><tr class="passedodd"><td rowspan="2">herokuapp.pagestest.FT04_BrokenImageTest</td><td><a href="#m10">verifyBrokenImages</a></td><td rowspan="1">1768828430471</td><td rowspan="1">1005</td></tr><tr class="passedodd"><td><a href="#m11">verifyPageLoadsUnder3Seconds</a></td><td rowspan="1">1768828439114</td><td rowspan="1">753</td></tr><tr class="passedeven"><td rowspan="2">herokuapp.pagestest.FT05_CheckBoxTest</td><td><a href="#m12">verifyCheckBoxes</a></td><td rowspan="1">1768828456711</td><td rowspan="1">687</td></tr><tr class="passedeven"><td><a href="#m13">verifyPageLoadsUnder3Seconds</a></td><td rowspan="1">1768828473887</td><td rowspan="1">427</td></tr><tr class="passedodd"><td rowspan="1">herokuapp.pagestest.FT06_ContextMenuTest</td><td><a href="#m14">verifyContextMenuAlert</a></td><td rowspan="1">1768828480668</td><td rowspan="1">795</td></tr><tr class="passedeven"><td rowspan="1">herokuapp.pagestest.FT07_DragDropTest</td><td><a href="#m15">verifyDragAndDrop</a></td><td rowspan="1">1768828494616</td><td rowspan="1">927</td></tr><tr class="passedodd"><td rowspan="2">herokuapp.pagestest.FT08_DropDownTest</td><td><a href="#m16">verifyDropDown</a></td><td rowspan="1">1768828533127</td><td rowspan="1">1304</td></tr><tr class="passedodd"><td><a href="#m17">verifyPageLoadsUnder3Seconds</a></td><td rowspan="1">1768828540487</td><td rowspan="1">842</td></tr><tr class="passedeven"><td rowspan="1">herokuapp.pagestest.FT10_DynamicLoadingTest</td><td><a href="#m18">verifyDynamicLoadingFlow</a></td><td rowspan="1">1768828568267</td><td rowspan="1">6619</td></tr></tbody>
<tbody id="t1"><tr><th colspan="4">heroku Firefox test &#8212; passed</th></tr><tr class="passedeven"><td rowspan="1">herokuapp.pagestest.FT11_EntryAdTest</td><td><a href="#m19">verifyEntryAdPopup</a></td><td rowspan="1">1768828584035</td><td rowspan="1">1321</td></tr><tr class="passedodd"><td rowspan="1">herokuapp.pagestest.FT12_TyposTest</td><td><a href="#m20">verifyNoTypoInParagraph</a></td><td rowspan="1">1768828606651</td><td rowspan="1">820</td></tr><tr class="passedeven"><td rowspan="2">herokuapp.pagestest.FT13_FileUploadTest</td><td><a href="#m21">verifyFileUpload</a></td><td rowspan="1">1768828617511</td><td rowspan="1">1511</td></tr><tr class="passedeven"><td><a href="#m22">verifyPageLoadsUnder3Seconds</a></td><td rowspan="1">1768828629950</td><td rowspan="1">771</td></tr><tr class="passedodd"><td rowspan="2">herokuapp.pagestest.FT14_FileDownloadTest</td><td><a href="#m23">verifyFileDownloadLink</a></td><td rowspan="1">1768828640670</td><td rowspan="1">5830</td></tr><tr class="passedodd"><td><a href="#m24">verifyPageLoadsUnder3Seconds</a></td><td rowspan="1">1768828657257</td><td rowspan="1">544</td></tr><tr class="passedeven"><td rowspan="1">herokuapp.pagestest.FT15_FloatingMenuTest</td><td><a href="#m25">verifyFloatingMenuStaysVisible</a></td><td rowspan="1">1768828672104</td><td rowspan="1">1221</td></tr><tr class="passedodd"><td rowspan="4">herokuapp.pagestest.FT16_LoginFormTest</td><td><a href="#m26">verifyLoginCredentials</a></td><td rowspan="4">1768828683418</td><td rowspan="4">2927</td></tr><tr class="passedodd"><td><a href="#m27">verifyLoginCredentials</a></td></tr><tr class="passedodd"><td><a href="#m28">verifyLoginCredentials</a></td></tr><tr class="passedodd"><td><a href="#m29">verifyLoginCredentials</a></td></tr><tr class="passedeven"><td rowspan="1">herokuapp.pagestest.FT17_HorizontalSliderTest</td><td><a href="#m30">verifySliderMovesUsingActions</a></td><td rowspan="1">1768828754090</td><td rowspan="1">1432</td></tr><tr class="passedodd"><td rowspan="2">herokuapp.pagestest.FT18_HoversTest</td><td><a href="#m31">verifyHoverUserProfile</a></td><td rowspan="1">1768828767074</td><td rowspan="1">1698</td></tr><tr class="passedodd"><td><a href="#m32">verifyPageLoadsUnder3Seconds</a></td><td rowspan="1">1768828788176</td><td rowspan="1">824</td></tr><tr class="passedeven"><td rowspan="1">herokuapp.pagestest.FT19_InfiniteScrollTest</td><td><a href="#m33">verifyInfiniteScrollLoadsMoreContent</a></td><td rowspan="1">1768828800407</td><td rowspan="1">5155</td></tr><tr class="passedodd"><td rowspan="5">herokuapp.pagestest.FT20_StatusCodesTest</td><td><a href="#m34">verifyPageLoadsUnder3Seconds</a></td><td rowspan="1">1768828823503</td><td rowspan="1">525</td></tr><tr class="passedodd"><td><a href="#m35">verifyStatusCodeMessage</a></td><td rowspan="4">1768828916353</td><td rowspan="4">1612</td></tr><tr class="passedodd"><td><a href="#m36">verifyStatusCodeMessage</a></td></tr><tr class="passedodd"><td><a href="#m37">verifyStatusCodeMessage</a></td></tr><tr class="passedodd"><td><a href="#m38">verifyStatusCodeMessage</a></td></tr></tbody>
</table>
<h2>heroku chrome test</h2><h3 id="m0">herokuapp.pagestest.FT09_DynamicControlTest#verifyDynamicControls</h3><table class="result"><tr><th>Messages</th></tr><tr><td><div class="messages">Test FAILED</div></td></tr><tr><th>Exception</th></tr><tr><td><div class="stacktrace">org.openqa.selenium.NoSuchElementException: no such element: Unable to locate element: {&quot;method&quot;:&quot;link text&quot;,&quot;selector&quot;:&quot;Dynamic Controls&quot;}
  (Session info: chrome=143.0.7499.193)
For documentation on this error, please visit: https://www.selenium.dev/documentation/webdriver/troubleshooting/errors#nosuchelementexception
Build info: version: &apos;4.38.0&apos;, revision: &apos;6b412e825c*&apos;
System info: os.name: &apos;Windows 11&apos;, os.arch: &apos;amd64&apos;, os.version: &apos;10.0&apos;, java.version: &apos;21.0.7&apos;
Driver info: org.openqa.selenium.chrome.ChromeDriver
Command: [96e1fc887a61684240e99f7aff27544d, findElement {value=Dynamic Controls, using=link text}]
Capabilities {acceptInsecureCerts: false, browserName: chrome, browserVersion: 143.0.7499.193, chrome: {chromedriverVersion: 143.0.7499.192 (be2c1f4fd45..., userDataDir: C:\Users\VIDHIY~1\AppData\L...}, fedcm:accounts: true, goog:chromeOptions: {debuggerAddress: localhost:65502}, goog:processID: 9728, networkConnectionEnabled: false, pageLoadStrategy: normal, platformName: windows, proxy: Proxy(), se:cdp: ws://localhost:65502/devtoo..., se:cdpVersion: 143.0.7499.193, setWindowRect: true, strictFileInteractability: false, timeouts: {implicit: 0, pageLoad: 300000, script: 30000}, unhandledPromptBehavior: dismiss and notify, webauthn:extension:credBlob: true, webauthn:extension:largeBlob: true, webauthn:extension:minPinLength: true, webauthn:extension:prf: true, webauthn:virtualAuthenticators: true}
Session ID: 96e1fc887a61684240e99f7aff27544d
	at org.openqa.selenium.remote.ErrorCodec.decode(ErrorCodec.java:167)
	at org.openqa.selenium.remote.codec.w3c.W3CHttpResponseCodec.decode(W3CHttpResponseCodec.java:138)
	at org.openqa.selenium.remote.codec.w3c.W3CHttpResponseCodec.decode(W3CHttpResponseCodec.java:50)
	at org.openqa.selenium.remote.HttpCommandExecutor.execute(HttpCommandExecutor.java:215)
	at org.openqa.selenium.remote.service.DriverCommandExecutor.invokeExecute(DriverCommandExecutor.java:216)
	at org.openqa.selenium.remote.service.DriverCommandExecutor.execute(DriverCommandExecutor.java:174)
	at org.openqa.selenium.remote.RemoteWebDriver.execute(RemoteWebDriver.java:557)
	at org.openqa.selenium.remote.ElementLocation$ElementFinder$2.findElement(ElementLocation.java:165)
	at org.openqa.selenium.remote.ElementLocation.findElement(ElementLocation.java:59)
	at org.openqa.selenium.remote.RemoteWebDriver.findElement(RemoteWebDriver.java:380)
	at org.openqa.selenium.remote.RemoteWebDriver.findElement(RemoteWebDriver.java:374)
	at herokuapp.pagestest.FT09_DynamicControlTest.verifyDynamicControls(FT09_DynamicControlTest.java:16)
	at java.base/java.util.ArrayList.forEach(ArrayList.java:1596)
... Removed 32 stack frames</div></td></tr></table><p class="totop"><a href="#summary">back to summary</a></p>
<h3 id="m1">herokuapp.pagestest.FT01_ABTestingTest#verifyHeadingText</h3><table class="result"><tr><th>Messages</th></tr><tr><td><div class="messages">Initializing ABtesting<br/>fetching heading text for abtesting<br/>Test PASSED</div></td></tr></table><p class="totop"><a href="#summary">back to summary</a></p>
<h3 id="m2">herokuapp.pagestest.FT01_ABTestingTest#verifyPageLoadsUnder3Seconds</h3><table class="result"><tr><th>Messages</th></tr><tr><td><div class="messages">Initializing PerformancePage<br/>Test PASSED</div></td></tr></table><p class="totop"><a href="#summary">back to summary</a></p>
<h3 id="m3">herokuapp.pagestest.FT02_AddRemoveTest#verifyAddRemoveTest</h3><table class="result"><tr><th>Messages</th></tr><tr><td><div class="messages">Initializing Add Remove Page<br/>Initialization of Add Button<br/>Initialization of Add Button<br/>Initialization of Add Button<br/>Deleting all delete Button<br/>Test PASSED</div></td></tr></table><p class="totop"><a href="#summary">back to summary</a></p>
<h3 id="m4">herokuapp.pagestest.FT02_AddRemoveTest#verifyPageLoadsUnder3Seconds</h3><table class="result"><tr><th>Messages</th></tr><tr><td><div class="messages">Initializing PerformancePage<br/>Test PASSED</div></td></tr></table><p class="totop"><a href="#summary">back to summary</a></p>
<h3 id="m5">herokuapp.pagestest.FT03_BasicAuthTest#verifyBasicAuth</h3><table class="result"><tr class="param"><th>Parameter #1</th><th>Parameter #2</th><th>Parameter #3</th></tr><tr class="param stripe"><td>admin</td><td>wrong</td><td>false</td></tr><tr><th colspan="3">Messages</th></tr><tr><td colspan="3"><div class="messages">Initializing Basic auth<br/>Navigating with Basic Auth credentials<br/>Test PASSED</div></td></tr></table><p class="totop"><a href="#summary">back to summary</a></p>
<h3 id="m6">herokuapp.pagestest.FT03_BasicAuthTest#verifyBasicAuth</h3><table class="result"><tr class="param"><th>Parameter #1</th><th>Parameter #2</th><th>Parameter #3</th></tr><tr class="param stripe"><td>admin</td><td>admin</td><td>true</td></tr><tr><th colspan="3">Messages</th></tr><tr><td colspan="3"><div class="messages">Initializing Basic auth<br/>Navigating with Basic Auth credentials<br/>Validating success message<br/>Test PASSED</div></td></tr></table><p class="totop"><a href="#summary">back to summary</a></p>
<h3 id="m7">herokuapp.pagestest.FT03_BasicAuthTest#verifyBasicAuth</h3><table class="result"><tr class="param"><th>Parameter #1</th><th>Parameter #2</th><th>Parameter #3</th></tr><tr class="param stripe"><td>user</td><td>pass</td><td>false</td></tr><tr><th colspan="3">Messages</th></tr><tr><td colspan="3"><div class="messages">Initializing Basic auth<br/>Navigating with Basic Auth credentials<br/>Test PASSED</div></td></tr></table><p class="totop"><a href="#summary">back to summary</a></p>
<h3 id="m8">herokuapp.pagestest.FT03_BasicAuthTest#verifyBasicAuth</h3><table class="result"><tr class="param"><th>Parameter #1</th><th>Parameter #2</th><th>Parameter #3</th></tr><tr class="param stripe"><td>wrong</td><td>admin</td><td>false</td></tr><tr><th colspan="3">Messages</th></tr><tr><td colspan="3"><div class="messages">Initializing Basic auth<br/>Navigating with Basic Auth credentials<br/>Test PASSED</div></td></tr></table><p class="totop"><a href="#summary">back to summary</a></p>
<h3 id="m9">herokuapp.pagestest.FT03_BasicAuthTest#verifyPageLoadsUnder3Seconds</h3><table class="result"><tr><th>Messages</th></tr><tr><td><div class="messages">Initializing PerformancePage<br/>Test PASSED</div></td></tr></table><p class="totop"><a href="#summary">back to summary</a></p>
<h3 id="m10">herokuapp.pagestest.FT04_BrokenImageTest#verifyBrokenImages</h3><table class="result"><tr><th>Messages</th></tr><tr><td><div class="messages">Initialization of Broken Image Test<br/>Checking the Broken state of the images<br/>Checking the Broken state of the images<br/>Test PASSED</div></td></tr></table><p class="totop"><a href="#summary">back to summary</a></p>
<h3 id="m11">herokuapp.pagestest.FT04_BrokenImageTest#verifyPageLoadsUnder3Seconds</h3><table class="result"><tr><th>Messages</th></tr><tr><td><div class="messages">Initializing PerformancePage<br/>Test PASSED</div></td></tr></table><p class="totop"><a href="#summary">back to summary</a></p>
<h3 id="m12">herokuapp.pagestest.FT05_CheckBoxTest#verifyCheckBoxes</h3><table class="result"><tr><th>Messages</th></tr><tr><td><div class="messages">Initialization of CheckBox Method<br/>Selecting checkBox at index : 0<br/>CheckBox is selected at Index: 0<br/>Test PASSED</div></td></tr></table><p class="totop"><a href="#summary">back to summary</a></p>
<h3 id="m13">herokuapp.pagestest.FT05_CheckBoxTest#verifyPageLoadsUnder3Seconds</h3><table class="result"><tr><th>Messages</th></tr><tr><td><div class="messages">Initializing PerformancePage<br/>Test PASSED</div></td></tr></table><p class="totop"><a href="#summary">back to summary</a></p>
<h3 id="m14">herokuapp.pagestest.FT06_ContextMenuTest#verifyContextMenuAlert</h3><table class="result"><tr><th>Messages</th></tr><tr><td><div class="messages">Initialization of the ContextMenuPage<br/>Performing right click on the contextMenu<br/>Started Handling the alert text<br/>Test PASSED</div></td></tr></table><p class="totop"><a href="#summary">back to summary</a></p>
<h3 id="m15">herokuapp.pagestest.FT07_DragDropTest#verifyDragAndDrop</h3><table class="result"><tr><th>Messages</th></tr><tr><td><div class="messages">Initializing DragDropPage<br/>Performing Drag and Drop A to B<br/>Test PASSED</div></td></tr></table><p class="totop"><a href="#summary">back to summary</a></p>
<h3 id="m16">herokuapp.pagestest.FT08_DropDownTest#verifyDropDown</h3><table class="result"><tr><th>Messages</th></tr><tr><td><div class="messages">Initialization of Drop-Down Page<br/>Selecting the option from drop down<br/>Selecting the option from drop down<br/>Test PASSED</div></td></tr></table><p class="totop"><a href="#summary">back to summary</a></p>
<h3 id="m17">herokuapp.pagestest.FT08_DropDownTest#verifyPageLoadsUnder3Seconds</h3><table class="result"><tr><th>Messages</th></tr><tr><td><div class="messages">Initializing PerformancePage<br/>Test PASSED</div></td></tr></table><p class="totop"><a href="#summary">back to summary</a></p>
<h3 id="m18">herokuapp.pagestest.FT10_DynamicLoadingTest#verifyDynamicLoadingFlow</h3><table class="result"><tr><th>Messages</th></tr><tr><td><div class="messages">Initializing DynamicLoadingPage<br/>Clicking Start button<br/>Waiting for loading to finish<br/>Waiting for finish text<br/>Test PASSED</div></td></tr></table><p class="totop"><a href="#summary">back to summary</a></p>
<h2>heroku Firefox test</h2><h3 id="m19">herokuapp.pagestest.FT11_EntryAdTest#verifyEntryAdPopup</h3><table class="result"><tr><th>Messages</th></tr><tr><td><div class="messages">Initializing EntryAdPage<br/>Waiting for modal popup<br/>Closing modal popup<br/>Checking if modal popup is closed<br/>Test PASSED</div></td></tr></table><p class="totop"><a href="#summary">back to summary</a></p>
<h3 id="m20">herokuapp.pagestest.FT12_TyposTest#verifyNoTypoInParagraph</h3><table class="result"><tr><th>Messages</th></tr><tr><td><div class="messages">Initializing TyposPage<br/>Test PASSED</div></td></tr></table><p class="totop"><a href="#summary">back to summary</a></p>
<h3 id="m21">herokuapp.pagestest.FT13_FileUploadTest#verifyFileUpload</h3><table class="result"><tr><th>Messages</th></tr><tr><td><div class="messages">Initializing FileUploadPage<br/>Uploading file: C:\Projects\Sample.txt.txt<br/>Clicking Upload button<br/>Uploaded file name: Sample.txt.txt<br/>Test PASSED</div></td></tr></table><p class="totop"><a href="#summary">back to summary</a></p>
<h3 id="m22">herokuapp.pagestest.FT13_FileUploadTest#verifyPageLoadsUnder3Seconds</h3><table class="result"><tr><th>Messages</th></tr><tr><td><div class="messages">Initializing PerformancePage<br/>Test PASSED</div></td></tr></table><p class="totop"><a href="#summary">back to summary</a></p>
<h3 id="m23">herokuapp.pagestest.FT14_FileDownloadTest#verifyFileDownloadLink</h3><table class="result"><tr><th>Messages</th></tr><tr><td><div class="messages">Initializing FileDownloadPage<br/>Download link: https://the-internet.herokuapp.com/download/some-file.txt<br/>Clicking file download link<br/>Test PASSED</div></td></tr></table><p class="totop"><a href="#summary">back to summary</a></p>
<h3 id="m24">herokuapp.pagestest.FT14_FileDownloadTest#verifyPageLoadsUnder3Seconds</h3><table class="result"><tr><th>Messages</th></tr><tr><td><div class="messages">Initializing PerformancePage<br/>Test PASSED</div></td></tr></table><p class="totop"><a href="#summary">back to summary</a></p>
<h3 id="m25">herokuapp.pagestest.FT15_FloatingMenuTest#verifyFloatingMenuStaysVisible</h3><table class="result"><tr><th>Messages</th></tr><tr><td><div class="messages">Initializing FloatingMenuPage<br/>Scrolling page by: 800<br/>Checking if floating menu is displayed<br/>Scrolling page by: -800<br/>Checking if floating menu is displayed<br/>Test PASSED</div></td></tr></table><p class="totop"><a href="#summary">back to summary</a></p>
<h3 id="m26">herokuapp.pagestest.FT16_LoginFormTest#verifyLoginCredentials</h3><table class="result"><tr class="param"><th>Parameter #1</th><th>Parameter #2</th><th>Parameter #3</th></tr><tr class="param stripe"><td>tomsmith</td><td>SuperSecretPassword!</td><td>true</td></tr><tr><th colspan="3">Messages</th></tr><tr><td colspan="3"><div class="messages">Initialization of LoginForm Page Authentication<br/>Test PASSED</div></td></tr></table><p class="totop"><a href="#summary">back to summary</a></p>
<h3 id="m27">herokuapp.pagestest.FT16_LoginFormTest#verifyLoginCredentials</h3><table class="result"><tr class="param"><th>Parameter #1</th><th>Parameter #2</th><th>Parameter #3</th></tr><tr class="param stripe"><td></td><td></td><td>false</td></tr><tr><th colspan="3">Messages</th></tr><tr><td colspan="3"><div class="messages">Initialization of LoginForm Page Authentication<br/>Test PASSED</div></td></tr></table><p class="totop"><a href="#summary">back to summary</a></p>
<h3 id="m28">herokuapp.pagestest.FT16_LoginFormTest#verifyLoginCredentials</h3><table class="result"><tr class="param"><th>Parameter #1</th><th>Parameter #2</th><th>Parameter #3</th></tr><tr class="param stripe"><td>wrongUser</td><td>SuperSecretPassword!</td><td>false</td></tr><tr><th colspan="3">Messages</th></tr><tr><td colspan="3"><div class="messages">Initialization of LoginForm Page Authentication<br/>Test PASSED</div></td></tr></table><p class="totop"><a href="#summary">back to summary</a></p>
<h3 id="m29">herokuapp.pagestest.FT16_LoginFormTest#verifyLoginCredentials</h3><table class="result"><tr class="param"><th>Parameter #1</th><th>Parameter #2</th><th>Parameter #3</th></tr><tr class="param stripe"><td>tomsmith</td><td>wrongPass</td><td>false</td></tr><tr><th colspan="3">Messages</th></tr><tr><td colspan="3"><div class="messages">Initialization of LoginForm Page Authentication<br/>Test PASSED</div></td></tr></table><p class="totop"><a href="#summary">back to summary</a></p>
<h3 id="m30">herokuapp.pagestest.FT17_HorizontalSliderTest#verifySliderMovesUsingActions</h3><table class="result"><tr><th>Messages</th></tr><tr><td><div class="messages">Initializing HorizontalSliderPage<br/>Moving slider to value (via Actions): 5<br/>Moved slider using Actions successfully<br/>Test PASSED</div></td></tr></table><p class="totop"><a href="#summary">back to summary</a></p>
<h3 id="m31">herokuapp.pagestest.FT18_HoversTest#verifyHoverUserProfile</h3><table class="result"><tr><th>Messages</th></tr><tr><td><div class="messages">Initializing HoversPage<br/>Hovering over user index: 0<br/>Hovering over user index: 1<br/>Hovering over user index: 2<br/>Test PASSED</div></td></tr></table><p class="totop"><a href="#summary">back to summary</a></p>
<h3 id="m32">herokuapp.pagestest.FT18_HoversTest#verifyPageLoadsUnder3Seconds</h3><table class="result"><tr><th>Messages</th></tr><tr><td><div class="messages">Initializing PerformancePage<br/>Test PASSED</div></td></tr></table><p class="totop"><a href="#summary">back to summary</a></p>
<h3 id="m33">herokuapp.pagestest.FT19_InfiniteScrollTest#verifyInfiniteScrollLoadsMoreContent</h3><table class="result"><tr><th>Messages</th></tr><tr><td><div class="messages">Initializing InfiniteScrollPage<br/>Scrolling down the page<br/>Scrolling down the page<br/>Scrolling down the page<br/>Scrolling down the page<br/>Test PASSED</div></td></tr></table><p class="totop"><a href="#summary">back to summary</a></p>
<h3 id="m34">herokuapp.pagestest.FT20_StatusCodesTest#verifyPageLoadsUnder3Seconds</h3><table class="result"><tr><th>Messages</th></tr><tr><td><div class="messages">Initializing PerformancePage<br/>Test PASSED</div></td></tr></table><p class="totop"><a href="#summary">back to summary</a></p>
<h3 id="m35">herokuapp.pagestest.FT20_StatusCodesTest#verifyStatusCodeMessage</h3><table class="result"><tr class="param"><th>Parameter #1</th></tr><tr class="param stripe"><td>500</td></tr><tr><th>Messages</th></tr><tr><td><div class="messages">Initializing StatusCodesPage<br/>Clicking Status Code: 500<br/>Test PASSED</div></td></tr></table><p class="totop"><a href="#summary">back to summary</a></p>
<h3 id="m36">herokuapp.pagestest.FT20_StatusCodesTest#verifyStatusCodeMessage</h3><table class="result"><tr class="param"><th>Parameter #1</th></tr><tr class="param stripe"><td>301</td></tr><tr><th>Messages</th></tr><tr><td><div class="messages">Initializing StatusCodesPage<br/>Clicking Status Code: 301<br/>Test PASSED</div></td></tr></table><p class="totop"><a href="#summary">back to summary</a></p>
<h3 id="m37">herokuapp.pagestest.FT20_StatusCodesTest#verifyStatusCodeMessage</h3><table class="result"><tr class="param"><th>Parameter #1</th></tr><tr class="param stripe"><td>404</td></tr><tr><th>Messages</th></tr><tr><td><div class="messages">Initializing StatusCodesPage<br/>Clicking Status Code: 404<br/>Test PASSED</div></td></tr></table><p class="totop"><a href="#summary">back to summary</a></p>
<h3 id="m38">herokuapp.pagestest.FT20_StatusCodesTest#verifyStatusCodeMessage</h3><table class="result"><tr class="param"><th>Parameter #1</th></tr><tr class="param stripe"><td>200</td></tr><tr><th>Messages</th></tr><tr><td><div class="messages">Initializing StatusCodesPage<br/>Clicking Status Code: 200<br/>Test PASSED</div></td></tr></table><p class="totop"><a href="#summary">back to summary</a></p>
</body>
</html>
