<?xml version="1.0" encoding="UTF-8"?>
<testsuite xmlns:xsi="http://www.w3.org/2001/XMLSchema-instance" xsi:noNamespaceSchemaLocation="https://maven.apache.org/surefire/maven-surefire-plugin/xsd/surefire-test-report.xsd" version="3.0.1" name="TestSuite" time="52.613" tests="7" errors="0" skipped="0" failures="0">
  <properties>
[...]
</properties>
  <testcase name="verifyHeadingText" classname="herokuapp.pagestest.FT01_ABTestingTest" time="0.909">
    <system-out><![CDATA[Browser is opening
login test started
chrome
Initializing ABtesting
fetching heading text for abtesting
15:49:09 INFO  [ABTestingPage] - Heading Text: A/B Test Variation 1
]]></system-out>
    <system-err><![CDATA[SLF4J: Failed to load class "org.slf4j.impl.StaticLoggerBinder".
SLF4J: Defaulting to no-operation (NOP) logger implementation
SLF4J: See http://www.slf4j.org/codes.html#StaticLoggerBinder for further details.
Jan 15, 2026 3:49:03 PM org.openqa.selenium.devtools.CdpVersionFinder findNearestMatch
WARNING: Unable to find an exact match for CDP version 143, returning the closest version; found: 142; Please update to a Selenium version that supports CDP version 143
]]></system-err>
  </testcase>
  <testcase name="verifyAddRemoveTest" classname="herokuapp.pagestest.FT02_AddRemoveTest" time="6.969">
    <system-out><![CDATA[Browser is closing
Browser is opening
login test started
chrome
Initializing Add Remove Page
Initialization of Add Button
15:49:15 INFO  [AddRemovePage] - Add button clicked
Initialization of Add Button
15:49:15 INFO  [AddRemovePage] - Add button clicked
Initialization of Add Button
15:49:15 INFO  [AddRemovePage] - Add button clicked
Deleting all delete Button
15:49:16 INFO  [AddRemovePage] - One delete button removed
15:49:16 INFO  [AddRemovePage] - One delete button removed
15:49:16 INFO  [AddRemovePage] - One delete button removed
]]></system-out>
    <system-err><![CDATA[Jan 15, 2026 3:49:10 PM org.openqa.selenium.devtools.CdpVersionFinder findNearestMatch
WARNING: Unable to find an exact match for CDP version 143, returning the closest version; found: 142; Please update to a Selenium version that supports CDP version 143
]]></system-err>
  </testcase>
  <testcase name="verifyBasicAuth[admin, admin, true](1)" classname="herokuapp.pagestest.FT03_BasicAuthTest" time="1.228">
    <system-out><![CDATA[Browser is closing
Start Inserting Values for BasicAuth
Browser is opening
login test started
chrome
Initializing Basic auth
Navigating with Basic Auth credentials
15:49:29 INFO  [BasicAuthPage] - Navigated with: admin/admin
Validating success message
]]></system-out>
    <system-err><![CDATA[Jan 15, 2026 3:49:23 PM org.openqa.selenium.devtools.CdpVersionFinder findNearestMatch
WARNING: Unable to find an exact match for CDP version 143, returning the closest version; found: 142; Please update to a Selenium version that supports CDP version 143
]]></system-err>
  </testcase>
  <testcase name="verifyBasicAuth[wrong, admin, false](2)" classname="herokuapp.pagestest.FT03_BasicAuthTest" time="1.128">
    <system-out><![CDATA[Browser is closing
Browser is opening
login test started
chrome
Initializing Basic auth
Navigating with Basic Auth credentials
15:49:35 INFO  [BasicAuthPage] - Navigated with: wrong/admin
]]></system-out>
    <system-err><![CDATA[Jan 15, 2026 3:49:30 PM org.openqa.selenium.devtools.CdpVersionFinder findNearestMatch
WARNING: Unable to find an exact match for CDP version 143, returning the closest version; found: 142; Please update to a Selenium version that supports CDP version 143
]]></system-err>
  </testcase>
  <testcase name="verifyBasicAuth[admin, wrong, false](3)" classname="herokuapp.pagestest.FT03_BasicAuthTest" time="1.129">
    <system-out><![CDATA[Browser is closing
Browser is opening
login test started
chrome
Initializing Basic auth
Navigating with Basic Auth credentials
15:49:41 INFO  [BasicAuthPage] - Navigated with: admin/wrong
]]></system-out>
    <system-err><![CDATA[Jan 15, 2026 3:49:35 PM org.openqa.selenium.devtools.CdpVersionFinder findNearestMatch
WARNING: Unable to find an exact match for CDP version 143, returning the closest version; found: 142; Please update to a Selenium version that supports CDP version 143
]]></system-err>
  </testcase>
  <testcase name="verifyBasicAuth[user, pass, false](4)" classname="herokuapp.pagestest.FT03_BasicAuthTest" time="1.113">
    <system-out><![CDATA[Browser is closing
Browser is opening
login test started
chrome
Initializing Basic auth
Navigating with Basic Auth credentials
15:49:47 INFO  [BasicAuthPage] - Navigated with: user/pass
]]></system-out>
    <system-err><![CDATA[Jan 15, 2026 3:49:41 PM org.openqa.selenium.devtools.CdpVersionFinder findNearestMatch
WARNING: Unable to find an exact match for CDP version 143, returning the closest version; found: 142; Please update to a Selenium version that supports CDP version 143
]]></system-err>
  </testcase>
  <testcase name="verifyBrokenImages" classname="herokuapp.pagestest.FT04_BrokenImageTest" time="0.817">
    <system-out><![CDATA[Browser is closing
Browser is opening
login test started
chrome
Initialization of Broken Image Test
Checking the Broken state of the images
15:49:53 ERROR [BrokenImagePage] - Broken image foundhttps://the-internet.herokuapp.com/asdf.jpg
Checking the Broken state of the images
15:49:53 ERROR [BrokenImagePage] - Broken image foundhttps://the-internet.herokuapp.com/asdf.jpg
]]></system-out>
    <system-err><![CDATA[Jan 15, 2026 3:49:48 PM org.openqa.selenium.devtools.CdpVersionFinder findNearestMatch
WARNING: Unable to find an exact match for CDP version 143, returning the closest version; found: 142; Please update to a Selenium version that supports CDP version 143
]]></system-err>
  </testcase>
</testsuite>