<?xml version="1.0" encoding="UTF-8"?>
<testsuite xmlns:xsi="http://www.w3.org/2001/XMLSchema-instance" xsi:noNamespaceSchemaLocation="https://maven.apache.org/surefire/maven-surefire-plugin/xsd/surefire-test-report.xsd" version="3.0.1" name="TestSuite" time="587.238" tests="39" errors="0" skipped="0" failures="1">
  <properties>
[...]
</properties>
  <testcase name="verifyHeadingText" classname="herokuapp.pagestest.FT01_ABTestingTest" time="0.82">
    <system-out><![CDATA[Browser is opening
login test started
chrome
Initializing ABtesting
fetching heading text for abtesting
18:42:21 INFO  [ABTestingPage] - Heading Text: A/B Test Variation 1
Test PASSED
]]></system-out>
    <system-err><![CDATA[SLF4J: Failed to load class "org.slf4j.impl.StaticLoggerBinder".
SLF4J: Defaulting to no-operation (NOP) logger implementation
SLF4J: See http://www.slf4j.org/codes.html#StaticLoggerBinder for further details.
Jan 19, 2026 6:42:15 PM org.openqa.selenium.devtools.CdpVersionFinder findNearestMatch
WARNING: Unable to find an exact match for CDP version 143, returning the closest version; found: 142; Please update to a Selenium version that supports CDP version 143
]]></system-err>
  </testcase>
  <testcase name="verifyPageLoadsUnder3Seconds" classname="herokuapp.pagestest.FT01_ABTestingTest" time="0.561">
    <system-out><![CDATA[Browser is closing
Browser is opening
login test started
chrome
Initializing PerformancePage
Test PASSED
]]></system-out>
    <system-err><![CDATA[Jan 19, 2026 6:42:23 PM org.openqa.selenium.devtools.CdpVersionFinder findNearestMatch
WARNING: Unable to find an exact match for CDP version 143, returning the closest version; found: 142; Please update to a Selenium version that supports CDP version 143
]]></system-err>
  </testcase>
  <testcase name="verifyAddRemoveTest" classname="herokuapp.pagestest.FT02_AddRemoveTest" time="7.594">
    <system-out><![CDATA[Browser is closing
Browser is opening
login test started
chrome
Initializing Add Remove Page
Initialization of Add Button
18:42:37 INFO  [AddRemovePage] - Add button clicked
Initialization of Add Button
18:42:37 INFO  [AddRemovePage] - Add button clicked
Initialization of Add Button
18:42:37 INFO  [AddRemovePage] - Add button clicked
Deleting all delete Button
18:42:37 INFO  [AddRemovePage] - One delete button removed
18:42:38 INFO  [AddRemovePage] - One delete button removed
18:42:38 INFO  [AddRemovePage] - One delete button removed
Test PASSED
]]></system-out>
    <system-err><![CDATA[Jan 19, 2026 6:42:29 PM org.openqa.selenium.devtools.CdpVersionFinder findNearestMatch
WARNING: Unable to find an exact match for CDP version 143, returning the closest version; found: 142; Please update to a Selenium version that supports CDP version 143
]]></system-err>
  </testcase>
  <testcase name="verifyPageLoadsUnder3Seconds" classname="herokuapp.pagestest.FT02_AddRemoveTest" time="0.608">
    <system-out><![CDATA[Browser is closing
Browser is opening
login test started
chrome
Initializing PerformancePage
Test PASSED
]]></system-out>
    <system-err><![CDATA[Jan 19, 2026 6:42:45 PM org.openqa.selenium.devtools.CdpVersionFinder findNearestMatch
WARNING: Unable to find an exact match for CDP version 143, returning the closest version; found: 142; Please update to a Selenium version that supports CDP version 143
]]></system-err>
  </testcase>
  <testcase name="verifyBasicAuth[admin, admin, true](1)" classname="herokuapp.pagestest.FT03_BasicAuthTest" time="1.552">
    <system-out><![CDATA[Browser is closing
Start Inserting Values for BasicAuth
Browser is opening
login test started
chrome
Initializing Basic auth
Navigating with Basic Auth credentials
18:43:06 INFO  [BasicAuthPage] - Navigated with: admin/admin
Validating success message
Test PASSED
]]></system-out>
    <system-err><![CDATA[Jan 19, 2026 6:42:52 PM org.openqa.selenium.devtools.CdpVersionFinder findNearestMatch
WARNING: Unable to find an exact match for CDP version 143, returning the closest version; found: 142; Please update to a Selenium version that supports CDP version 143
]]></system-err>
  </testcase>
  <testcase name="verifyBasicAuth[wrong, admin, false](2)" classname="herokuapp.pagestest.FT03_BasicAuthTest" time="1.398">
    <system-out><![CDATA[Browser is closing
Browser is opening
login test started
chrome
Initializing Basic auth
Navigating with Basic Auth credentials
18:43:14 INFO  [BasicAuthPage] - Navigated with: wrong/admin
Test PASSED
]]></system-out>
    <system-err><![CDATA[Jan 19, 2026 6:43:07 PM org.openqa.selenium.devtools.CdpVersionFinder findNearestMatch
WARNING: Unable to find an exact match for CDP version 143, returning the closest version; found: 142; Please update to a Selenium version that supports CDP version 143
]]></system-err>
  </testcase>
  <testcase name="verifyBasicAuth[admin, wrong, false](3)" classname="herokuapp.pagestest.FT03_BasicAuthTest" time="2.934">
    <system-out><![CDATA[Browser is closing
Browser is opening
login test started
chrome
Initializing Basic auth
Navigating with Basic Auth credentials
18:43:28 INFO  [BasicAuthPage] - Navigated with: admin/wrong
Test PASSED
]]></system-out>
    <system-err><![CDATA[Jan 19, 2026 6:43:15 PM org.openqa.selenium.devtools.CdpVersionFinder findNearestMatch
WARNING: Unable to find an exact match for CDP version 143, returning the closest version; found: 142; Please update to a Selenium version that supports CDP version 143
]]></system-err>
  </testcase>
  <testcase name="verifyBasicAuth[user, pass, false](4)" classname="herokuapp.pagestest.FT03_BasicAuthTest" time="1.385">
    <system-out><![CDATA[Browser is closing
Browser is opening
login test started
chrome
Initializing Basic auth
Navigating with Basic Auth credentials
18:43:36 INFO  [BasicAuthPage] - Navigated with: user/pass
Test PASSED
]]></system-out>
    <system-err><![CDATA[Jan 19, 2026 6:43:29 PM org.openqa.selenium.devtools.CdpVersionFinder findNearestMatch
WARNING: Unable to find an exact match for CDP version 143, returning the closest version; found: 142; Please update to a Selenium version that supports CDP version 143
]]></system-err>
  </testcase>
  <testcase name="verifyPageLoadsUnder3Seconds" classname="herokuapp.pagestest.FT03_BasicAuthTest" time="0.675">
    <system-out><![CDATA[Browser is closing
Browser is opening
login test started
chrome
Initializing PerformancePage
Test PASSED
]]></system-out>
    <system-err><![CDATA[Jan 19, 2026 6:43:37 PM org.openqa.selenium.devtools.CdpVersionFinder findNearestMatch
WARNING: Unable to find an exact match for CDP version 143, returning the closest version; found: 142; Please update to a Selenium version that supports CDP version 143
]]></system-err>
  </testcase>
  <testcase name="verifyBrokenImages" classname="herokuapp.pagestest.FT04_BrokenImageTest" time="1.147">
    <system-out><![CDATA[Browser is closing
Browser is opening
login test started
chrome
Initialization of Broken Image Test
Checking the Broken state of the images
18:43:51 ERROR [BrokenImagePage] - Broken image foundhttps://the-internet.herokuapp.com/asdf.jpg
Checking the Broken state of the images
18:43:51 ERROR [BrokenImagePage] - Broken image foundhttps://the-internet.herokuapp.com/asdf.jpg
Test PASSED
]]></system-out>
    <system-err><![CDATA[Jan 19, 2026 6:43:44 PM org.openqa.selenium.devtools.CdpVersionFinder findNearestMatch
WARNING: Unable to find an exact match for CDP version 143, returning the closest version; found: 142; Please update to a Selenium version that supports CDP version 143
]]></system-err>
  </testcase>
  <testcase name="verifyPageLoadsUnder3Seconds" classname="herokuapp.pagestest.FT04_BrokenImageTest" time="0.909">
    <system-out><![CDATA[Browser is closing
Browser is opening
login test started
chrome
Initializing PerformancePage
Test PASSED
]]></system-out>
    <system-err><![CDATA[Jan 19, 2026 6:43:52 PM org.openqa.selenium.devtools.CdpVersionFinder findNearestMatch
WARNING: Unable to find an exact match for CDP version 143, returning the closest version; found: 142; Please update to a Selenium version that supports CDP version 143
]]></system-err>
  </testcase>
  <testcase name="verifyCheckBoxes" classname="herokuapp.pagestest.FT05_CheckBoxTest" time="0.838">
    <system-out><![CDATA[Browser is closing
Browser is opening
login test started
chrome
Initialization of CheckBox Method
Selecting checkBox at index : 0
18:44:17 INFO  [CheckBoxPage] - checkbox selected
CheckBox is selected at Index: 0
Test PASSED
]]></system-out>
    <system-err><![CDATA[Jan 19, 2026 6:44:01 PM org.openqa.selenium.devtools.CdpVersionFinder findNearestMatch
WARNING: Unable to find an exact match for CDP version 143, returning the closest version; found: 142; Please update to a Selenium version that supports CDP version 143
]]></system-err>
  </testcase>
  <testcase name="verifyPageLoadsUnder3Seconds" classname="herokuapp.pagestest.FT05_CheckBoxTest" time="0.559">
    <system-out><![CDATA[Browser is closing
Browser is opening
login test started
chrome
Initializing PerformancePage
Test PASSED
]]></system-out>
    <system-err><![CDATA[Jan 19, 2026 6:44:18 PM org.openqa.selenium.devtools.CdpVersionFinder findNearestMatch
WARNING: Unable to find an exact match for CDP version 143, returning the closest version; found: 142; Please update to a Selenium version that supports CDP version 143
]]></system-err>
  </testcase>
  <testcase name="verifyContextMenuAlert" classname="herokuapp.pagestest.FT06_ContextMenuTest" time="1.073">
    <system-out><![CDATA[Browser is closing
Browser is opening
login test started
chrome
Initialization of the ContextMenuPage
Performing right click on the contextMenu
18:44:41 INFO  [ContextMenuPage] - Right click Performed
Started Handling the alert text
18:44:41 INFO  [ContextMenuPage] - Message Received: You selected a context menu
Test PASSED
]]></system-out>
    <system-err><![CDATA[Jan 19, 2026 6:44:35 PM org.openqa.selenium.devtools.CdpVersionFinder findNearestMatch
WARNING: Unable to find an exact match for CDP version 143, returning the closest version; found: 142; Please update to a Selenium version that supports CDP version 143
]]></system-err>
  </testcase>
  <testcase name="verifyDragAndDrop" classname="herokuapp.pagestest.FT07_DragDropTest" time="1.06">
    <system-out><![CDATA[Browser is closing
Browser is opening
login test started
chrome
Initializing DragDropPage
Performing Drag and Drop A to B
Test PASSED
]]></system-out>
    <system-err><![CDATA[Jan 19, 2026 6:44:42 PM org.openqa.selenium.devtools.CdpVersionFinder findNearestMatch
WARNING: Unable to find an exact match for CDP version 143, returning the closest version; found: 142; Please update to a Selenium version that supports CDP version 143
]]></system-err>
  </testcase>
  <testcase name="verifyDropDown" classname="herokuapp.pagestest.FT08_DropDownTest" time="1.426">
    <system-out><![CDATA[Browser is closing
Browser is opening
login test started
chrome
Initialization of Drop-Down Page
Selecting the option from drop down
18:45:33 INFO  [DropDownPage] - Selected: Option 1
18:45:34 INFO  [DropDownPage] - current selected option: Option 1
Selecting the option from drop down
18:45:34 INFO  [DropDownPage] - Selected: Option 2
18:45:34 INFO  [DropDownPage] - current selected option: Option 2
Test PASSED
]]></system-out>
    <system-err><![CDATA[Jan 19, 2026 6:44:56 PM org.openqa.selenium.devtools.CdpVersionFinder findNearestMatch
WARNING: Unable to find an exact match for CDP version 143, returning the closest version; found: 142; Please update to a Selenium version that supports CDP version 143
]]></system-err>
  </testcase>
  <testcase name="verifyPageLoadsUnder3Seconds" classname="herokuapp.pagestest.FT08_DropDownTest" time="1.158">
    <system-out><![CDATA[Browser is closing
Browser is opening
login test started
chrome
Initializing PerformancePage
Test PASSED
]]></system-out>
    <system-err><![CDATA[Jan 19, 2026 6:45:35 PM org.openqa.selenium.devtools.CdpVersionFinder findNearestMatch
WARNING: Unable to find an exact match for CDP version 143, returning the closest version; found: 142; Please update to a Selenium version that supports CDP version 143
]]></system-err>
  </testcase>
  <testcase name="verifyDynamicControls" classname="herokuapp.pagestest.FT09_DynamicControlTest" time="3.184">
    <failure message="no such element: Unable to locate element: {&quot;method&quot;:&quot;link text&quot;,&quot;selector&quot;:&quot;Dynamic Controls&quot;}&#10;  (Session info: chrome=143.0.7499.193)&#10;For documentation on this error, please visit: https://www.selenium.dev/documentation/webdriver/troubleshooting/errors#nosuchelementexception&#10;Build info: version: &apos;4.38.0&apos;, revision: &apos;6b412e825c*&apos;&#10;System info: os.name: &apos;Windows 11&apos;, os.arch: &apos;amd64&apos;, os.version: &apos;10.0&apos;, java.version: &apos;21.0.7&apos;&#10;Driver info: org.openqa.selenium.chrome.ChromeDriver&#10;Command: [96e1fc887a61684240e99f7aff27544d, findElement {value=Dynamic Controls, using=link text}]&#10;Capabilities {acceptInsecureCerts: false, browserName: chrome, browserVersion: 143.0.7499.193, chrome: {chromedriverVersion: 143.0.7499.192 (be2c1f4fd45..., userDataDir: C:\Users\VIDHIY~1\AppData\L...}, fedcm:accounts: true, goog:chromeOptions: {debuggerAddress: localhost:65502}, goog:processID: 9728, networkConnectionEnabled: false, pageLoadStrategy: normal, platformName: windows, proxy: Proxy(), se:cdp: ws://localhost:65502/devtoo..., se:cdpVersion: 143.0.7499.193, setWindowRect: true, strictFileInteractability: false, timeouts: {implicit: 0, pageLoad: 300000, script: 30000}, unhandledPromptBehavior: dismiss and notify, webauthn:extension:credBlob: true, webauthn:extension:largeBlob: true, webauthn:extension:minPinLength: true, webauthn:extension:prf: true, webauthn:virtualAuthenticators: true}&#10;Session ID: 96e1fc887a61684240e99f7aff27544d" type="org.openqa.selenium.NoSuchElementException"><![CDATA[org.openqa.selenium.NoSuchElementException: 
no such element: Unable to locate element: {"method":"link text","selector":"Dynamic Controls"}
  (Session info: chrome=143.0.7499.193)
For documentation on this error, please visit: https://www.selenium.dev/documentation/webdriver/troubleshooting/errors#nosuchelementexception
Build info: version: '4.38.0', revision: '6b412e825c*'
System info: os.name: 'Windows 11', os.arch: 'amd64', os.version: '10.0', java.version: '21.0.7'
Driver info: org.openqa.selenium.chrome.ChromeDriver
Command: [96e1fc887a61684240e99f7aff27544d, findElement {value=Dynamic Controls, using=link text}]
Capabilities {acceptInsecureCerts: false, browserName: chrome, browserVersion: 143.0.7499.193, chrome: {chromedriverVersion: 143.0.7499.192 (be2c1f4fd45..., userDataDir: C:\Users\VIDHIY~1\AppData\L...}, fedcm:accounts: true, goog:chromeOptions: {debuggerAddress: localhost:65502}, goog:processID: 9728, networkConnectionEnabled: false, pageLoadStrategy: normal, platformName: windows, proxy: Proxy(), se:cdp: ws://localhost:65502/devtoo..., se:cdpVersion: 143.0.7499.193, setWindowRect: true, strictFileInteractability: false, timeouts: {implicit: 0, pageLoad: 300000, script: 30000}, unhandledPromptBehavior: dismiss and notify, webauthn:extension:credBlob: true, webauthn:extension:largeBlob: true, webauthn:extension:minPinLength: true, webauthn:extension:prf: true, webauthn:virtualAuthenticators: true}
Session ID: 96e1fc887a61684240e99f7aff27544d
	at java.base/jdk.internal.reflect.DirectConstructorHandleAccessor.newInstance(DirectConstructorHandleAccessor.java:62)
	at java.base/java.lang.reflect.Constructor.newInstanceWithCaller(Constructor.java:502)
	at java.base/java.lang.reflect.Constructor.newInstance(Constructor.java:486)
	at org.openqa.selenium.remote.ErrorCodec.decode(ErrorCodec.java:167)
	at org.openqa.selenium.remote.codec.w3c.W3CHttpResponseCodec.decode(W3CHttpResponseCodec.java:138)
	at org.openqa.selenium.remote.codec.w3c.W3CHttpResponseCodec.decode(W3CHttpResponseCodec.java:50)
	at org.openqa.selenium.remote.HttpCommandExecutor.execute(HttpCommandExecutor.java:215)
	at org.openqa.selenium.remote.service.DriverCommandExecutor.invokeExecute(DriverCommandExecutor.java:216)
	at org.openqa.selenium.remote.service.DriverCommandExecutor.execute(DriverCommandExecutor.java:174)
	at org.openqa.selenium.remote.RemoteWebDriver.execute(RemoteWebDriver.java:557)
	at org.openqa.selenium.remote.ElementLocation$ElementFinder$2.findElement(ElementLocation.java:165)
	at org.openqa.selenium.remote.ElementLocation.findElement(ElementLocation.java:59)
	at org.openqa.selenium.remote.RemoteWebDriver.findElement(RemoteWebDriver.java:380)
	at org.openqa.selenium.remote.RemoteWebDriver.findElement(RemoteWebDriver.java:374)
	at herokuapp.pagestest.FT09_DynamicControlTest.verifyDynamicControls(FT09_DynamicControlTest.java:16)
	at java.base/jdk.internal.reflect.DirectMethodHandleAccessor.invoke(DirectMethodHandleAccessor.java:103)
	at java.base/java.lang.reflect.Method.invoke(Method.java:580)
	at org.testng.internal.invokers.MethodInvocationHelper.invokeMethod(MethodInvocationHelper.java:141)
	at org.testng.internal.invokers.TestInvoker.invokeMethod(TestInvoker.java:686)
	at org.testng.internal.invokers.TestInvoker.invokeTestMethod(TestInvoker.java:230)
	at org.testng.internal.invokers.MethodRunner.runInSequence(MethodRunner.java:63)
	at org.testng.internal.invokers.TestInvoker$MethodInvocationAgent.invoke(TestInvoker.java:992)
	at org.testng.internal.invokers.TestInvoker.invokeTestMethods(TestInvoker.java:203)
	at org.testng.internal.invokers.TestMethodWorker.invokeTestMethods(TestMethodWorker.java:154)
	at org.testng.internal.invokers.TestMethodWorker.run(TestMethodWorker.java:134)
	at java.base/java.util.ArrayList.forEach(ArrayList.java:1596)
	at org.testng.TestRunner.privateRun(TestRunner.java:739)
	at org.testng.TestRunner.run(TestRunner.java:614)
	at org.testng.SuiteRunner.runTest(SuiteRunner.java:421)
	at org.testng.SuiteRunner.runSequentially(SuiteRunner.java:413)
	at org.testng.SuiteRunner.privateRun(SuiteRunner.java:373)
	at org.testng.SuiteRunner.run(SuiteRunner.java:312)
	at org.testng.SuiteRunnerWorker.runSuite(SuiteRunnerWorker.java:52)
	at org.testng.SuiteRunnerWorker.run(SuiteRunnerWorker.java:95)
	at org.testng.TestNG.runSuitesSequentially(TestNG.java:1274)
	at org.testng.TestNG.runSuitesLocally(TestNG.java:1208)
	at org.testng.TestNG.runSuites(TestNG.java:1112)
	at org.testng.TestNG.run(TestNG.java:1079)
	at org.apache.maven.surefire.testng.TestNGExecutor.run(TestNGExecutor.java:308)
	at org.apache.maven.surefire.testng.TestNGXmlTestSuite.execute(TestNGXmlTestSuite.java:71)
	at org.apache.maven.surefire.testng.TestNGProvider.invoke(TestNGProvider.java:113)
	at org.apache.maven.surefire.booter.ForkedBooter.runSuitesInProcess(ForkedBooter.java:385)
	at org.apache.maven.surefire.booter.ForkedBooter.execute(ForkedBooter.java:162)
	at org.apache.maven.surefire.booter.ForkedBooter.run(ForkedBooter.java:507)
	at org.apache.maven.surefire.booter.ForkedBooter.main(ForkedBooter.java:495)
]]></failure>
    <system-out><![CDATA[Browser is closing
Browser is opening
login test started
chrome
Test FAILED
]]></system-out>
    <system-err><![CDATA[Jan 19, 2026 6:45:42 PM org.openqa.selenium.devtools.CdpVersionFinder findNearestMatch
WARNING: Unable to find an exact match for CDP version 143, returning the closest version; found: 142; Please update to a Selenium version that supports CDP version 143
]]></system-err>
  </testcase>
  <testcase name="verifyDynamicLoadingFlow" classname="herokuapp.pagestest.FT10_DynamicLoadingTest" time="6.759">
    <system-out><![CDATA[Browser is closing
Browser is opening
login test started
chrome
Initializing DynamicLoadingPage
Clicking Start button
18:46:09 INFO  [DynamicLoadingPage] - Start button clicked
Waiting for loading to finish
Waiting for finish text
18:46:14 INFO  [DynamicLoadingPage] - 'Hello World!' text is visible
Test PASSED
]]></system-out>
    <system-err><![CDATA[Jan 19, 2026 6:45:49 PM org.openqa.selenium.devtools.CdpVersionFinder findNearestMatch
WARNING: Unable to find an exact match for CDP version 143, returning the closest version; found: 142; Please update to a Selenium version that supports CDP version 143
]]></system-err>
  </testcase>
  <testcase name="verifyEntryAdPopup" classname="herokuapp.pagestest.FT11_EntryAdTest" time="1.376">
    <system-out><![CDATA[Browser is closing
Browser is opening
login test started
firefox
Initializing EntryAdPage
Waiting for modal popup
18:46:25 INFO  [EntryAdPage] - Modal popup is visible
Closing modal popup
18:46:25 INFO  [EntryAdPage] - Modal popup closed
Checking if modal popup is closed
Test PASSED
]]></system-out>
  </testcase>
  <testcase name="verifyNoTypoInParagraph" classname="herokuapp.pagestest.FT12_TyposTest" time="0.868">
    <system-out><![CDATA[Browser is closing
Browser is opening
login test started
firefox
Initializing TyposPage
Test PASSED
]]></system-out>
  </testcase>
  <testcase name="verifyFileUpload" classname="herokuapp.pagestest.FT13_FileUploadTest" time="1.553">
    <system-out><![CDATA[Browser is closing
Browser is opening
login test started
firefox
Initializing FileUploadPage
Uploading file: C:\Projects\Sample.txt.txt
Clicking Upload button
Uploaded file name: Sample.txt.txt
Test PASSED
]]></system-out>
  </testcase>
  <testcase name="verifyPageLoadsUnder3Seconds" classname="herokuapp.pagestest.FT13_FileUploadTest" time="0.841">
    <system-out><![CDATA[Browser is closing
Browser is opening
login test started
firefox
Initializing PerformancePage
Test PASSED
]]></system-out>
  </testcase>
  <testcase name="verifyFileDownloadLink" classname="herokuapp.pagestest.FT14_FileDownloadTest" time="5.885">
    <system-out><![CDATA[Browser is closing
Browser is opening
login test started
firefox
Initializing FileDownloadPage
Download link: https://the-internet.herokuapp.com/download/some-file.txt
Clicking file download link
Test PASSED
]]></system-out>
  </testcase>
  <testcase name="verifyPageLoadsUnder3Seconds" classname="herokuapp.pagestest.FT14_FileDownloadTest" time="0.63">
    <system-out><![CDATA[Browser is closing
Browser is opening
login test started
firefox
Initializing PerformancePage
Test PASSED
]]></system-out>
  </testcase>
  <testcase name="verifyFloatingMenuStaysVisible" classname="herokuapp.pagestest.FT15_FloatingMenuTest" time="1.29">
    <system-out><![CDATA[Browser is closing
Browser is opening
login test started
firefox
Initializing FloatingMenuPage
Scrolling page by: 800
18:47:53 INFO  [FloatingMenuPage] - Page scrolled
Checking if floating menu is displayed
18:47:53 INFO  [FloatingMenuPage] - Floating menu displayed: true
Scrolling page by: -800
18:47:53 INFO  [FloatingMenuPage] - Page scrolled
Checking if floating menu is displayed
18:47:53 INFO  [FloatingMenuPage] - Floating menu displayed: true
Test PASSED
]]></system-out>
  </testcase>
  <testcase name="verifyLoginCredentials[tomsmith, SuperSecretPassword!, true](1)" classname="herokuapp.pagestest.FT16_LoginFormTest" time="3.0">
    <system-out><![CDATA[Browser is closing
Starting Inserting values for Login Form
Browser is opening
login test started
firefox
Initialization of LoginForm Page Authentication
Test PASSED
]]></system-out>
  </testcase>
  <testcase name="verifyLoginCredentials[tomsmith, wrongPass, false](2)" classname="herokuapp.pagestest.FT16_LoginFormTest" time="2.007">
    <system-out><![CDATA[Browser is closing
Browser is opening
login test started
firefox
Initialization of LoginForm Page Authentication
Test PASSED
]]></system-out>
  </testcase>
  <testcase name="verifyLoginCredentials[wrongUser, SuperSecretPassword!, false](3)" classname="herokuapp.pagestest.FT16_LoginFormTest" time="2.167">
    <system-out><![CDATA[Browser is closing
Browser is opening
login test started
firefox
Initialization of LoginForm Page Authentication
Test PASSED
]]></system-out>
  </testcase>
  <testcase name="verifyLoginCredentials[, , false](4)" classname="herokuapp.pagestest.FT16_LoginFormTest" time="2.072">
    <system-out><![CDATA[Browser is closing
Browser is opening
login test started
firefox
Initialization of LoginForm Page Authentication
Test PASSED
]]></system-out>
  </testcase>
  <testcase name="verifySliderMovesUsingActions" classname="herokuapp.pagestest.FT17_HorizontalSliderTest" time="1.518">
    <system-out><![CDATA[Browser is closing
Browser is opening
login test started
firefox
Initializing HorizontalSliderPage
Moving slider to value (via Actions): 5
Moved slider using Actions successfully
Test PASSED
]]></system-out>
  </testcase>
  <testcase name="verifyHoverUserProfile" classname="herokuapp.pagestest.FT18_HoversTest" time="1.755">
    <system-out><![CDATA[Browser is closing
Browser is opening
login test started
firefox
Initializing HoversPage
Hovering over user index: 0
Hovering over user index: 1
Hovering over user index: 2
Test PASSED
]]></system-out>
  </testcase>
  <testcase name="verifyPageLoadsUnder3Seconds" classname="herokuapp.pagestest.FT18_HoversTest" time="0.914">
    <system-out><![CDATA[Browser is closing
Browser is opening
login test started
firefox
Initializing PerformancePage
Test PASSED
]]></system-out>
  </testcase>
  <testcase name="verifyInfiniteScrollLoadsMoreContent" classname="herokuapp.pagestest.FT19_InfiniteScrollTest" time="5.243">
    <system-out><![CDATA[Browser is closing
Browser is opening
login test started
firefox
Initializing InfiniteScrollPage
Scrolling down the page
Scrolling down the page
Scrolling down the page
Scrolling down the page
Test PASSED
]]></system-out>
  </testcase>
  <testcase name="verifyPageLoadsUnder3Seconds" classname="herokuapp.pagestest.FT20_StatusCodesTest" time="0.607">
    <system-out><![CDATA[Browser is closing
Browser is opening
login test started
firefox
Initializing PerformancePage
Test PASSED
]]></system-out>
  </testcase>
  <testcase name="verifyStatusCodeMessage[200](1)" classname="herokuapp.pagestest.FT20_StatusCodesTest" time="1.538">
    <system-out><![CDATA[Browser is closing
Starting providing different code to the page
Browser is opening
login test started
firefox
Initializing StatusCodesPage
Clicking Status Code: 200
Test PASSED
]]></system-out>
  </testcase>
  <testcase name="verifyStatusCodeMessage[301](2)" classname="herokuapp.pagestest.FT20_StatusCodesTest" time="1.5">
    <system-out><![CDATA[Browser is closing
Browser is opening
login test started
firefox
Initializing StatusCodesPage
Clicking Status Code: 301
Test PASSED
]]></system-out>
  </testcase>
  <testcase name="verifyStatusCodeMessage[404](3)" classname="herokuapp.pagestest.FT20_StatusCodesTest" time="1.64">
    <system-out><![CDATA[Browser is closing
Browser is opening
login test started
firefox
Initializing StatusCodesPage
Clicking Status Code: 404
Test PASSED
]]></system-out>
  </testcase>
  <testcase name="verifyStatusCodeMessage[500](4)" classname="herokuapp.pagestest.FT20_StatusCodesTest" time="1.677">
    <system-out><![CDATA[Browser is closing
Browser is opening
login test started
firefox
Initializing StatusCodesPage
Clicking Status Code: 500
Test PASSED
]]></system-out>
  </testcase>
</testsuite>