<?xml version="1.0" encoding="UTF-8"?>
<testng-results ignored="0" total="7" passed="7" failed="0" skipped="0">
  <reporter-output>
    <line>
      <![CDATA[Browser is opening]]>
    </line>
    <line>
      <![CDATA[login test started]]>
    </line>
    <line>
      <![CDATA[chrome]]>
    </line>
    <line>
      <![CDATA[Initializing ABtesting]]>
    </line>
    <line>
      <![CDATA[fetching heading text for abtesting]]>
    </line>
    <line>
      <![CDATA[Browser is closing]]>
    </line>
    <line>
      <![CDATA[Browser is opening]]>
    </line>
    <line>
      <![CDATA[login test started]]>
    </line>
    <line>
      <![CDATA[chrome]]>
    </line>
    <line>
      <![CDATA[Initializing Add Remove Page]]>
    </line>
    <line>
      <![CDATA[Initialization of Add Button]]>
    </line>
    <line>
      <![CDATA[Initialization of Add Button]]>
    </line>
    <line>
      <![CDATA[Initialization of Add Button]]>
    </line>
    <line>
      <![CDATA[Deleting all delete Button]]>
    </line>
    <line>
      <![CDATA[Browser is closing]]>
    </line>
    <line>
      <![CDATA[Start Inserting Values for BasicAuth]]>
    </line>
    <line>
      <![CDATA[Browser is opening]]>
    </line>
    <line>
      <![CDATA[login test started]]>
    </line>
    <line>
      <![CDATA[chrome]]>
    </line>
    <line>
      <![CDATA[Initializing Basic auth]]>
    </line>
    <line>
      <![CDATA[Navigating with Basic Auth credentials]]>
    </line>
    <line>
      <![CDATA[Validating success message]]>
    </line>
    <line>
      <![CDATA[Browser is closing]]>
    </line>
    <line>
      <![CDATA[Browser is opening]]>
    </line>
    <line>
      <![CDATA[login test started]]>
    </line>
    <line>
      <![CDATA[chrome]]>
    </line>
    <line>
      <![CDATA[Initializing Basic auth]]>
    </line>
    <line>
      <![CDATA[Navigating with Basic Auth credentials]]>
    </line>
    <line>
      <![CDATA[Browser is closing]]>
    </line>
    <line>
      <![CDATA[Browser is opening]]>
    </line>
    <line>
      <![CDATA[login test started]]>
    </line>
    <line>
      <![CDATA[chrome]]>
    </line>
    <line>
      <![CDATA[Initializing Basic auth]]>
    </line>
    <line>
      <![CDATA[Navigating with Basic Auth credentials]]>
    </line>
    <line>
      <![CDATA[Browser is closing]]>
    </line>
    <line>
      <![CDATA[Browser is opening]]>
    </line>
    <line>
      <![CDATA[login test started]]>
    </line>
    <line>
      <![CDATA[chrome]]>
    </line>
    <line>
      <![CDATA[Initializing Basic auth]]>
    </line>
    <line>
      <![CDATA[Navigating with Basic Auth credentials]]>
    </line>
    <line>
      <![CDATA[Browser is closing]]>
    </line>
    <line>
      <![CDATA[Browser is opening]]>
    </line>
    <line>
      <![CDATA[login test started]]>
    </line>
    <line>
      <![CDATA[chrome]]>
    </line>
    <line>
      <![CDATA[Initialization of Broken Image Test]]>
    </line>
    <line>
      <![CDATA[Checking the Broken state of the images]]>
    </line>
    <line>
      <![CDATA[Checking the Broken state of the images]]>
    </line>
    <line>
      <![CDATA[Browser is closing]]>
    </line>
  </reporter-output>
  <suite started-at="2026-01-15T15:49:01 IST" name="herokuapp Suite" finished-at="2026-01-15T15:49:53 IST" duration-ms="52214">
    <groups>
    </groups>
    <test started-at="2026-01-15T15:49:01 IST" name="heroku chrome test" finished-at="2026-01-15T15:49:53 IST" duration-ms="52214">
      <class name="herokuapp.pagestest.FT03_BasicAuthTest">
        <test-method is-config="true" signature="beforeClass()[pri:0, instance:herokuapp.pagestest.FT03_BasicAuthTest@747ddf94]" started-at="2026-01-15T15:49:22 IST" name="beforeClass" finished-at="2026-01-15T15:49:22 IST" duration-ms="0" status="PASS">
          <reporter-output>
          </reporter-output>
        </test-method> <!-- beforeClass -->
        <test-method is-config="true" signature="beforeMethod(java.lang.String)[pri:0, instance:herokuapp.pagestest.FT03_BasicAuthTest@747ddf94]" started-at="2026-01-15T15:49:22 IST" name="beforeMethod" finished-at="2026-01-15T15:49:28 IST" duration-ms="5619" status="PASS">
          <params>
            <param index="0">
              <value>
                <![CDATA[chrome]]>
              </value>
            </param>
          </params>
          <reporter-output>
            <line>
              <![CDATA[Browser is opening]]>
            </line>
            <line>
              <![CDATA[login test started]]>
            </line>
            <line>
              <![CDATA[chrome]]>
            </line>
          </reporter-output>
        </test-method> <!-- beforeMethod -->
        <test-method signature="verifyBasicAuth(java.lang.String,java.lang.String,boolean)[pri:0, instance:herokuapp.pagestest.FT03_BasicAuthTest@747ddf94]" started-at="2026-01-15T15:49:28 IST" name="verifyBasicAuth" data-provider="BasicAuthData" finished-at="2026-01-15T15:49:29 IST" duration-ms="1227" status="PASS">
          <params>
            <param index="0">
              <value>
                <![CDATA[admin]]>
              </value>
            </param>
            <param index="1">
              <value>
                <![CDATA[admin]]>
              </value>
            </param>
            <param index="2">
              <value>
                <![CDATA[true]]>
              </value>
            </param>
          </params>
          <reporter-output>
            <line>
              <![CDATA[Initializing Basic auth]]>
            </line>
            <line>
              <![CDATA[Navigating with Basic Auth credentials]]>
            </line>
            <line>
              <![CDATA[Validating success message]]>
            </line>
          </reporter-output>
        </test-method> <!-- verifyBasicAuth -->
        <test-method is-config="true" signature="afterMethod()[pri:0, instance:herokuapp.pagestest.FT03_BasicAuthTest@747ddf94]" started-at="2026-01-15T15:49:29 IST" name="afterMethod" finished-at="2026-01-15T15:49:29 IST" duration-ms="160" status="PASS">
          <reporter-output>
            <line>
              <![CDATA[Browser is closing]]>
            </line>
          </reporter-output>
        </test-method> <!-- afterMethod -->
        <test-method is-config="true" signature="beforeMethod(java.lang.String)[pri:0, instance:herokuapp.pagestest.FT03_BasicAuthTest@747ddf94]" started-at="2026-01-15T15:49:29 IST" name="beforeMethod" finished-at="2026-01-15T15:49:34 IST" duration-ms="4652" status="PASS">
          <params>
            <param index="0">
              <value>
                <![CDATA[chrome]]>
              </value>
            </param>
          </params>
          <reporter-output>
            <line>
              <![CDATA[Browser is opening]]>
            </line>
            <line>
              <![CDATA[login test started]]>
            </line>
            <line>
              <![CDATA[chrome]]>
            </line>
          </reporter-output>
        </test-method> <!-- beforeMethod -->
        <test-method signature="verifyBasicAuth(java.lang.String,java.lang.String,boolean)[pri:0, instance:herokuapp.pagestest.FT03_BasicAuthTest@747ddf94]" started-at="2026-01-15T15:49:34 IST" name="verifyBasicAuth" data-provider="BasicAuthData" finished-at="2026-01-15T15:49:35 IST" duration-ms="1128" status="PASS">
          <params>
            <param index="0">
              <value>
                <![CDATA[wrong]]>
              </value>
            </param>
            <param index="1">
              <value>
                <![CDATA[admin]]>
              </value>
            </param>
            <param index="2">
              <value>
                <![CDATA[false]]>
              </value>
            </param>
          </params>
          <reporter-output>
            <line>
              <![CDATA[Initializing Basic auth]]>
            </line>
            <line>
              <![CDATA[Navigating with Basic Auth credentials]]>
            </line>
          </reporter-output>
        </test-method> <!-- verifyBasicAuth -->
        <test-method is-config="true" signature="afterMethod()[pri:0, instance:herokuapp.pagestest.FT03_BasicAuthTest@747ddf94]" started-at="2026-01-15T15:49:35 IST" name="afterMethod" finished-at="2026-01-15T15:49:35 IST" duration-ms="159" status="PASS">
          <reporter-output>
            <line>
              <![CDATA[Browser is closing]]>
            </line>
          </reporter-output>
        </test-method> <!-- afterMethod -->
        <test-method is-config="true" signature="beforeMethod(java.lang.String)[pri:0, instance:herokuapp.pagestest.FT03_BasicAuthTest@747ddf94]" started-at="2026-01-15T15:49:35 IST" name="beforeMethod" finished-at="2026-01-15T15:49:39 IST" duration-ms="4596" status="PASS">
          <params>
            <param index="0">
              <value>
                <![CDATA[chrome]]>
              </value>
            </param>
          </params>
          <reporter-output>
            <line>
              <![CDATA[Browser is opening]]>
            </line>
            <line>
              <![CDATA[login test started]]>
            </line>
            <line>
              <![CDATA[chrome]]>
            </line>
          </reporter-output>
        </test-method> <!-- beforeMethod -->
        <test-method signature="verifyBasicAuth(java.lang.String,java.lang.String,boolean)[pri:0, instance:herokuapp.pagestest.FT03_BasicAuthTest@747ddf94]" started-at="2026-01-15T15:49:39 IST" name="verifyBasicAuth" data-provider="BasicAuthData" finished-at="2026-01-15T15:49:41 IST" duration-ms="1128" status="PASS">
          <params>
            <param index="0">
              <value>
                <![CDATA[admin]]>
              </value>
            </param>
            <param index="1">
              <value>
                <![CDATA[wrong]]>
              </value>
            </param>
            <param index="2">
              <value>
                <![CDATA[false]]>
              </value>
            </param>
          </params>
          <reporter-output>
            <line>
              <![CDATA[Initializing Basic auth]]>
            </line>
            <line>
              <![CDATA[Navigating with Basic Auth credentials]]>
            </line>
          </reporter-output>
        </test-method> <!-- verifyBasicAuth -->
        <test-method is-config="true" signature="afterMethod()[pri:0, instance:herokuapp.pagestest.FT03_BasicAuthTest@747ddf94]" started-at="2026-01-15T15:49:41 IST" name="afterMethod" finished-at="2026-01-15T15:49:41 IST" duration-ms="153" status="PASS">
          <reporter-output>
            <line>
              <![CDATA[Browser is closing]]>
            </line>
          </reporter-output>
        </test-method> <!-- afterMethod -->
        <test-method is-config="true" signature="beforeMethod(java.lang.String)[pri:0, instance:herokuapp.pagestest.FT03_BasicAuthTest@747ddf94]" started-at="2026-01-15T15:49:41 IST" name="beforeMethod" finished-at="2026-01-15T15:49:46 IST" duration-ms="5549" status="PASS">
          <params>
            <param index="0">
              <value>
                <![CDATA[chrome]]>
              </value>
            </param>
          </params>
          <reporter-output>
            <line>
              <![CDATA[Browser is opening]]>
            </line>
            <line>
              <![CDATA[login test started]]>
            </line>
            <line>
              <![CDATA[chrome]]>
            </line>
          </reporter-output>
        </test-method> <!-- beforeMethod -->
        <test-method signature="verifyBasicAuth(java.lang.String,java.lang.String,boolean)[pri:0, instance:herokuapp.pagestest.FT03_BasicAuthTest@747ddf94]" started-at="2026-01-15T15:49:46 IST" name="verifyBasicAuth" data-provider="BasicAuthData" finished-at="2026-01-15T15:49:47 IST" duration-ms="1112" status="PASS">
          <params>
            <param index="0">
              <value>
                <![CDATA[user]]>
              </value>
            </param>
            <param index="1">
              <value>
                <![CDATA[pass]]>
              </value>
            </param>
            <param index="2">
              <value>
                <![CDATA[false]]>
              </value>
            </param>
          </params>
          <reporter-output>
            <line>
              <![CDATA[Initializing Basic auth]]>
            </line>
            <line>
              <![CDATA[Navigating with Basic Auth credentials]]>
            </line>
          </reporter-output>
        </test-method> <!-- verifyBasicAuth -->
        <test-method is-config="true" signature="afterMethod()[pri:0, instance:herokuapp.pagestest.FT03_BasicAuthTest@747ddf94]" started-at="2026-01-15T15:49:47 IST" name="afterMethod" finished-at="2026-01-15T15:49:48 IST" duration-ms="142" status="PASS">
          <reporter-output>
            <line>
              <![CDATA[Browser is closing]]>
            </line>
          </reporter-output>
        </test-method> <!-- afterMethod -->
        <test-method is-config="true" signature="afterClass()[pri:0, instance:herokuapp.pagestest.FT03_BasicAuthTest@747ddf94]" started-at="2026-01-15T15:49:48 IST" name="afterClass" finished-at="2026-01-15T15:49:48 IST" duration-ms="0" status="PASS">
          <reporter-output>
          </reporter-output>
        </test-method> <!-- afterClass -->
      </class> <!-- herokuapp.pagestest.FT03_BasicAuthTest -->
      <class name="herokuapp.pagestest.FT01_ABTestingTest">
        <test-method is-config="true" signature="beforeClass()[pri:0, instance:herokuapp.pagestest.FT01_ABTestingTest@59662a0b]" started-at="2026-01-15T15:49:01 IST" name="beforeClass" finished-at="2026-01-15T15:49:01 IST" duration-ms="12" status="PASS">
          <reporter-output>
          </reporter-output>
        </test-method> <!-- beforeClass -->
        <test-method is-config="true" signature="beforeMethod(java.lang.String)[pri:0, instance:herokuapp.pagestest.FT01_ABTestingTest@59662a0b]" started-at="2026-01-15T15:49:01 IST" name="beforeMethod" finished-at="2026-01-15T15:49:08 IST" duration-ms="6630" status="PASS">
          <params>
            <param index="0">
              <value>
                <![CDATA[chrome]]>
              </value>
            </param>
          </params>
          <reporter-output>
            <line>
              <![CDATA[Browser is opening]]>
            </line>
            <line>
              <![CDATA[login test started]]>
            </line>
            <line>
              <![CDATA[chrome]]>
            </line>
          </reporter-output>
        </test-method> <!-- beforeMethod -->
        <test-method signature="verifyHeadingText()[pri:0, instance:herokuapp.pagestest.FT01_ABTestingTest@59662a0b]" started-at="2026-01-15T15:49:08 IST" name="verifyHeadingText" finished-at="2026-01-15T15:49:09 IST" duration-ms="909" status="PASS">
          <reporter-output>
            <line>
              <![CDATA[Initializing ABtesting]]>
            </line>
            <line>
              <![CDATA[fetching heading text for abtesting]]>
            </line>
          </reporter-output>
        </test-method> <!-- verifyHeadingText -->
        <test-method is-config="true" signature="afterMethod()[pri:0, instance:herokuapp.pagestest.FT01_ABTestingTest@59662a0b]" started-at="2026-01-15T15:49:09 IST" name="afterMethod" finished-at="2026-01-15T15:49:09 IST" duration-ms="146" status="PASS">
          <reporter-output>
            <line>
              <![CDATA[Browser is closing]]>
            </line>
          </reporter-output>
        </test-method> <!-- afterMethod -->
        <test-method is-config="true" signature="afterClass()[pri:0, instance:herokuapp.pagestest.FT01_ABTestingTest@59662a0b]" started-at="2026-01-15T15:49:09 IST" name="afterClass" finished-at="2026-01-15T15:49:09 IST" duration-ms="1" status="PASS">
          <reporter-output>
          </reporter-output>
        </test-method> <!-- afterClass -->
      </class> <!-- herokuapp.pagestest.FT01_ABTestingTest -->
      <class name="herokuapp.pagestest.FT04_BrokenImageTest">
        <test-method is-config="true" signature="beforeClass()[pri:0, instance:herokuapp.pagestest.FT04_BrokenImageTest@35e2d654]" started-at="2026-01-15T15:49:48 IST" name="beforeClass" finished-at="2026-01-15T15:49:48 IST" duration-ms="0" status="PASS">
          <reporter-output>
          </reporter-output>
        </test-method> <!-- beforeClass -->
        <test-method is-config="true" signature="beforeMethod(java.lang.String)[pri:0, instance:herokuapp.pagestest.FT04_BrokenImageTest@35e2d654]" started-at="2026-01-15T15:49:48 IST" name="beforeMethod" finished-at="2026-01-15T15:49:53 IST" duration-ms="4972" status="PASS">
          <params>
            <param index="0">
              <value>
                <![CDATA[chrome]]>
              </value>
            </param>
          </params>
          <reporter-output>
            <line>
              <![CDATA[Browser is opening]]>
            </line>
            <line>
              <![CDATA[login test started]]>
            </line>
            <line>
              <![CDATA[chrome]]>
            </line>
          </reporter-output>
        </test-method> <!-- beforeMethod -->
        <test-method signature="verifyBrokenImages()[pri:0, instance:herokuapp.pagestest.FT04_BrokenImageTest@35e2d654]" started-at="2026-01-15T15:49:53 IST" name="verifyBrokenImages" finished-at="2026-01-15T15:49:53 IST" duration-ms="816" status="PASS">
          <reporter-output>
            <line>
              <![CDATA[Initialization of Broken Image Test]]>
            </line>
            <line>
              <![CDATA[Checking the Broken state of the images]]>
            </line>
            <line>
              <![CDATA[Checking the Broken state of the images]]>
            </line>
          </reporter-output>
        </test-method> <!-- verifyBrokenImages -->
        <test-method is-config="true" signature="afterMethod()[pri:0, instance:herokuapp.pagestest.FT04_BrokenImageTest@35e2d654]" started-at="2026-01-15T15:49:53 IST" name="afterMethod" finished-at="2026-01-15T15:49:53 IST" duration-ms="157" status="PASS">
          <reporter-output>
            <line>
              <![CDATA[Browser is closing]]>
            </line>
          </reporter-output>
        </test-method> <!-- afterMethod -->
        <test-method is-config="true" signature="afterClass()[pri:0, instance:herokuapp.pagestest.FT04_BrokenImageTest@35e2d654]" started-at="2026-01-15T15:49:53 IST" name="afterClass" finished-at="2026-01-15T15:49:53 IST" duration-ms="1" status="PASS">
          <reporter-output>
          </reporter-output>
        </test-method> <!-- afterClass -->
      </class> <!-- herokuapp.pagestest.FT04_BrokenImageTest -->
      <class name="herokuapp.pagestest.FT02_AddRemoveTest">
        <test-method is-config="true" signature="beforeClass()[pri:0, instance:herokuapp.pagestest.FT02_AddRemoveTest@2f9f7dcf]" started-at="2026-01-15T15:49:09 IST" name="beforeClass" finished-at="2026-01-15T15:49:09 IST" duration-ms="0" status="PASS">
          <reporter-output>
          </reporter-output>
        </test-method> <!-- beforeClass -->
        <test-method is-config="true" signature="beforeMethod(java.lang.String)[pri:0, instance:herokuapp.pagestest.FT02_AddRemoveTest@2f9f7dcf]" started-at="2026-01-15T15:49:09 IST" name="beforeMethod" finished-at="2026-01-15T15:49:15 IST" duration-ms="5710" status="PASS">
          <params>
            <param index="0">
              <value>
                <![CDATA[chrome]]>
              </value>
            </param>
          </params>
          <reporter-output>
            <line>
              <![CDATA[Browser is opening]]>
            </line>
            <line>
              <![CDATA[login test started]]>
            </line>
            <line>
              <![CDATA[chrome]]>
            </line>
          </reporter-output>
        </test-method> <!-- beforeMethod -->
        <test-method signature="verifyAddRemoveTest()[pri:0, instance:herokuapp.pagestest.FT02_AddRemoveTest@2f9f7dcf]" started-at="2026-01-15T15:49:15 IST" name="verifyAddRemoveTest" finished-at="2026-01-15T15:49:22 IST" duration-ms="6970" status="PASS">
          <reporter-output>
            <line>
              <![CDATA[Initializing Add Remove Page]]>
            </line>
            <line>
              <![CDATA[Initialization of Add Button]]>
            </line>
            <line>
              <![CDATA[Initialization of Add Button]]>
            </line>
            <line>
              <![CDATA[Initialization of Add Button]]>
            </line>
            <line>
              <![CDATA[Deleting all delete Button]]>
            </line>
          </reporter-output>
        </test-method> <!-- verifyAddRemoveTest -->
        <test-method is-config="true" signature="afterMethod()[pri:0, instance:herokuapp.pagestest.FT02_AddRemoveTest@2f9f7dcf]" started-at="2026-01-15T15:49:22 IST" name="afterMethod" finished-at="2026-01-15T15:49:22 IST" duration-ms="216" status="PASS">
          <reporter-output>
            <line>
              <![CDATA[Browser is closing]]>
            </line>
          </reporter-output>
        </test-method> <!-- afterMethod -->
        <test-method is-config="true" signature="afterClass()[pri:0, instance:herokuapp.pagestest.FT02_AddRemoveTest@2f9f7dcf]" started-at="2026-01-15T15:49:22 IST" name="afterClass" finished-at="2026-01-15T15:49:22 IST" duration-ms="1" status="PASS">
          <reporter-output>
          </reporter-output>
        </test-method> <!-- afterClass -->
      </class> <!-- herokuapp.pagestest.FT02_AddRemoveTest -->
    </test> <!-- heroku chrome test -->
  </suite> <!-- herokuapp Suite -->
</testng-results>
