<?xml version="1.0" encoding="UTF-8"?>
<testng-results ignored="0" total="39" passed="39" failed="0" skipped="0">
  <reporter-output>
    <line>
      <![CDATA[Browser is opening]]>
    </line>
    <line>
      <![CDATA[login test started]]>
    </line>
    <line>
      <![CDATA[chrome]]>
    </line>
    <line>
      <![CDATA[Initializing ABtesting]]>
    </line>
    <line>
      <![CDATA[fetching heading text for abtesting]]>
    </line>
    <line>
      <![CDATA[Browser is closing]]>
    </line>
    <line>
      <![CDATA[Browser is opening]]>
    </line>
    <line>
      <![CDATA[login test started]]>
    </line>
    <line>
      <![CDATA[chrome]]>
    </line>
    <line>
      <![CDATA[Initializing PerformancePage]]>
    </line>
    <line>
      <![CDATA[Browser is closing]]>
    </line>
    <line>
      <![CDATA[Browser is opening]]>
    </line>
    <line>
      <![CDATA[login test started]]>
    </line>
    <line>
      <![CDATA[chrome]]>
    </line>
    <line>
      <![CDATA[Initializing Add Remove Page]]>
    </line>
    <line>
      <![CDATA[Initialization of Add Button]]>
    </line>
    <line>
      <![CDATA[Initialization of Add Button]]>
    </line>
    <line>
      <![CDATA[Initialization of Add Button]]>
    </line>
    <line>
      <![CDATA[Deleting all delete Button]]>
    </line>
    <line>
      <![CDATA[Browser is closing]]>
    </line>
    <line>
      <![CDATA[Browser is opening]]>
    </line>
    <line>
      <![CDATA[login test started]]>
    </line>
    <line>
      <![CDATA[chrome]]>
    </line>
    <line>
      <![CDATA[Initializing PerformancePage]]>
    </line>
    <line>
      <![CDATA[Browser is closing]]>
    </line>
    <line>
      <![CDATA[Start Inserting Values for BasicAuth]]>
    </line>
    <line>
      <![CDATA[Browser is opening]]>
    </line>
    <line>
      <![CDATA[login test started]]>
    </line>
    <line>
      <![CDATA[chrome]]>
    </line>
    <line>
      <![CDATA[Initializing Basic auth]]>
    </line>
    <line>
      <![CDATA[Navigating with Basic Auth credentials]]>
    </line>
    <line>
      <![CDATA[Validating success message]]>
    </line>
    <line>
      <![CDATA[Browser is closing]]>
    </line>
    <line>
      <![CDATA[Browser is opening]]>
    </line>
    <line>
      <![CDATA[login test started]]>
    </line>
    <line>
      <![CDATA[chrome]]>
    </line>
    <line>
      <![CDATA[Initializing Basic auth]]>
    </line>
    <line>
      <![CDATA[Navigating with Basic Auth credentials]]>
    </line>
    <line>
      <![CDATA[Browser is closing]]>
    </line>
    <line>
      <![CDATA[Browser is opening]]>
    </line>
    <line>
      <![CDATA[login test started]]>
    </line>
    <line>
      <![CDATA[chrome]]>
    </line>
    <line>
      <![CDATA[Initializing Basic auth]]>
    </line>
    <line>
      <![CDATA[Navigating with Basic Auth credentials]]>
    </line>
    <line>
      <![CDATA[Browser is closing]]>
    </line>
    <line>
      <![CDATA[Browser is opening]]>
    </line>
    <line>
      <![CDATA[login test started]]>
    </line>
    <line>
      <![CDATA[chrome]]>
    </line>
    <line>
      <![CDATA[Initializing Basic auth]]>
    </line>
    <line>
      <![CDATA[Navigating with Basic Auth credentials]]>
    </line>
    <line>
      <![CDATA[Browser is closing]]>
    </line>
    <line>
      <![CDATA[Browser is opening]]>
    </line>
    <line>
      <![CDATA[login test started]]>
    </line>
    <line>
      <![CDATA[chrome]]>
    </line>
    <line>
      <![CDATA[Initializing PerformancePage]]>
    </line>
    <line>
      <![CDATA[Browser is closing]]>
    </line>
    <line>
      <![CDATA[Browser is opening]]>
    </line>
    <line>
      <![CDATA[login test started]]>
    </line>
    <line>
      <![CDATA[chrome]]>
    </line>
    <line>
      <![CDATA[Initialization of Broken Image Test]]>
    </line>
    <line>
      <![CDATA[Checking the Broken state of the images]]>
    </line>
    <line>
      <![CDATA[Checking the Broken state of the images]]>
    </line>
    <line>
      <![CDATA[Browser is closing]]>
    </line>
    <line>
      <![CDATA[Browser is opening]]>
    </line>
    <line>
      <![CDATA[login test started]]>
    </line>
    <line>
      <![CDATA[chrome]]>
    </line>
    <line>
      <![CDATA[Initializing PerformancePage]]>
    </line>
    <line>
      <![CDATA[Browser is closing]]>
    </line>
    <line>
      <![CDATA[Browser is opening]]>
    </line>
    <line>
      <![CDATA[login test started]]>
    </line>
    <line>
      <![CDATA[chrome]]>
    </line>
    <line>
      <![CDATA[Initialization of CheckBox Method]]>
    </line>
    <line>
      <![CDATA[Selecting checkBox at index : 0]]>
    </line>
    <line>
      <![CDATA[CheckBox is selected at Index: 0]]>
    </line>
    <line>
      <![CDATA[Browser is closing]]>
    </line>
    <line>
      <![CDATA[Browser is opening]]>
    </line>
    <line>
      <![CDATA[login test started]]>
    </line>
    <line>
      <![CDATA[chrome]]>
    </line>
    <line>
      <![CDATA[Initializing PerformancePage]]>
    </line>
    <line>
      <![CDATA[Browser is closing]]>
    </line>
    <line>
      <![CDATA[Browser is opening]]>
    </line>
    <line>
      <![CDATA[login test started]]>
    </line>
    <line>
      <![CDATA[chrome]]>
    </line>
    <line>
      <![CDATA[Initialization of the ContextMenuPage]]>
    </line>
    <line>
      <![CDATA[Performing right click on the contextMenu]]>
    </line>
    <line>
      <![CDATA[Started Handling the alert text]]>
    </line>
    <line>
      <![CDATA[Browser is closing]]>
    </line>
    <line>
      <![CDATA[Browser is opening]]>
    </line>
    <line>
      <![CDATA[login test started]]>
    </line>
    <line>
      <![CDATA[chrome]]>
    </line>
    <line>
      <![CDATA[Initializing DragDropPage]]>
    </line>
    <line>
      <![CDATA[Performing Drag and Drop A to B]]>
    </line>
    <line>
      <![CDATA[Browser is closing]]>
    </line>
    <line>
      <![CDATA[Browser is opening]]>
    </line>
    <line>
      <![CDATA[login test started]]>
    </line>
    <line>
      <![CDATA[chrome]]>
    </line>
    <line>
      <![CDATA[Initialization of Drop-Down Page]]>
    </line>
    <line>
      <![CDATA[Selecting the option from drop down]]>
    </line>
    <line>
      <![CDATA[Selecting the option from drop down]]>
    </line>
    <line>
      <![CDATA[Browser is closing]]>
    </line>
    <line>
      <![CDATA[Browser is opening]]>
    </line>
    <line>
      <![CDATA[login test started]]>
    </line>
    <line>
      <![CDATA[chrome]]>
    </line>
    <line>
      <![CDATA[Initializing PerformancePage]]>
    </line>
    <line>
      <![CDATA[Browser is closing]]>
    </line>
    <line>
      <![CDATA[Browser is opening]]>
    </line>
    <line>
      <![CDATA[login test started]]>
    </line>
    <line>
      <![CDATA[chrome]]>
    </line>
    <line>
      <![CDATA[Initialization of Dynamic Control Page]]>
    </line>
    <line>
      <![CDATA[Started click on remove button]]>
    </line>
    <line>
      <![CDATA[Started click on add button]]>
    </line>
    <line>
      <![CDATA[Start clicking on Enabled Button]]>
    </line>
    <line>
      <![CDATA[Start clicking on Diabled button]]>
    </line>
    <line>
      <![CDATA[Browser is closing]]>
    </line>
    <line>
      <![CDATA[Browser is opening]]>
    </line>
    <line>
      <![CDATA[login test started]]>
    </line>
    <line>
      <![CDATA[chrome]]>
    </line>
    <line>
      <![CDATA[Initializing DynamicLoadingPage]]>
    </line>
    <line>
      <![CDATA[Clicking Start button]]>
    </line>
    <line>
      <![CDATA[Waiting for loading to finish]]>
    </line>
    <line>
      <![CDATA[Waiting for finish text]]>
    </line>
    <line>
      <![CDATA[Browser is closing]]>
    </line>
    <line>
      <![CDATA[Browser is opening]]>
    </line>
    <line>
      <![CDATA[login test started]]>
    </line>
    <line>
      <![CDATA[firefox]]>
    </line>
    <line>
      <![CDATA[Initializing EntryAdPage]]>
    </line>
    <line>
      <![CDATA[Waiting for modal popup]]>
    </line>
    <line>
      <![CDATA[Closing modal popup]]>
    </line>
    <line>
      <![CDATA[Checking if modal popup is closed]]>
    </line>
    <line>
      <![CDATA[Browser is closing]]>
    </line>
    <line>
      <![CDATA[Browser is opening]]>
    </line>
    <line>
      <![CDATA[login test started]]>
    </line>
    <line>
      <![CDATA[firefox]]>
    </line>
    <line>
      <![CDATA[Initializing TyposPage]]>
    </line>
    <line>
      <![CDATA[Browser is closing]]>
    </line>
    <line>
      <![CDATA[Browser is opening]]>
    </line>
    <line>
      <![CDATA[login test started]]>
    </line>
    <line>
      <![CDATA[firefox]]>
    </line>
    <line>
      <![CDATA[Initializing FileUploadPage]]>
    </line>
    <line>
      <![CDATA[Uploading file: C:\Projects\Sample.txt.txt]]>
    </line>
    <line>
      <![CDATA[Clicking Upload button]]>
    </line>
    <line>
      <![CDATA[Uploaded file name: Sample.txt.txt]]>
    </line>
    <line>
      <![CDATA[Browser is closing]]>
    </line>
    <line>
      <![CDATA[Browser is opening]]>
    </line>
    <line>
      <![CDATA[login test started]]>
    </line>
    <line>
      <![CDATA[firefox]]>
    </line>
    <line>
      <![CDATA[Initializing PerformancePage]]>
    </line>
    <line>
      <![CDATA[Browser is closing]]>
    </line>
    <line>
      <![CDATA[Browser is opening]]>
    </line>
    <line>
      <![CDATA[login test started]]>
    </line>
    <line>
      <![CDATA[firefox]]>
    </line>
    <line>
      <![CDATA[Initializing FileDownloadPage]]>
    </line>
    <line>
      <![CDATA[Download link: https://the-internet.herokuapp.com/download/some-file.txt]]>
    </line>
    <line>
      <![CDATA[Clicking file download link]]>
    </line>
    <line>
      <![CDATA[Browser is closing]]>
    </line>
    <line>
      <![CDATA[Browser is opening]]>
    </line>
    <line>
      <![CDATA[login test started]]>
    </line>
    <line>
      <![CDATA[firefox]]>
    </line>
    <line>
      <![CDATA[Initializing PerformancePage]]>
    </line>
    <line>
      <![CDATA[Browser is closing]]>
    </line>
    <line>
      <![CDATA[Browser is opening]]>
    </line>
    <line>
      <![CDATA[login test started]]>
    </line>
    <line>
      <![CDATA[firefox]]>
    </line>
    <line>
      <![CDATA[Initializing FloatingMenuPage]]>
    </line>
    <line>
      <![CDATA[Scrolling page by: 800]]>
    </line>
    <line>
      <![CDATA[Checking if floating menu is displayed]]>
    </line>
    <line>
      <![CDATA[Scrolling page by: -800]]>
    </line>
    <line>
      <![CDATA[Checking if floating menu is displayed]]>
    </line>
    <line>
      <![CDATA[Browser is closing]]>
    </line>
    <line>
      <![CDATA[Starting Inserting values for Login Form]]>
    </line>
    <line>
      <![CDATA[Browser is opening]]>
    </line>
    <line>
      <![CDATA[login test started]]>
    </line>
    <line>
      <![CDATA[firefox]]>
    </line>
    <line>
      <![CDATA[Initialization of LoginForm Page Authentication]]>
    </line>
    <line>
      <![CDATA[Browser is closing]]>
    </line>
    <line>
      <![CDATA[Browser is opening]]>
    </line>
    <line>
      <![CDATA[login test started]]>
    </line>
    <line>
      <![CDATA[firefox]]>
    </line>
    <line>
      <![CDATA[Initialization of LoginForm Page Authentication]]>
    </line>
    <line>
      <![CDATA[Browser is closing]]>
    </line>
    <line>
      <![CDATA[Browser is opening]]>
    </line>
    <line>
      <![CDATA[login test started]]>
    </line>
    <line>
      <![CDATA[firefox]]>
    </line>
    <line>
      <![CDATA[Initialization of LoginForm Page Authentication]]>
    </line>
    <line>
      <![CDATA[Browser is closing]]>
    </line>
    <line>
      <![CDATA[Browser is opening]]>
    </line>
    <line>
      <![CDATA[login test started]]>
    </line>
    <line>
      <![CDATA[firefox]]>
    </line>
    <line>
      <![CDATA[Initialization of LoginForm Page Authentication]]>
    </line>
    <line>
      <![CDATA[Browser is closing]]>
    </line>
    <line>
      <![CDATA[Browser is opening]]>
    </line>
    <line>
      <![CDATA[login test started]]>
    </line>
    <line>
      <![CDATA[firefox]]>
    </line>
    <line>
      <![CDATA[Initializing HorizontalSliderPage]]>
    </line>
    <line>
      <![CDATA[Moving slider to value (via Actions): 5]]>
    </line>
    <line>
      <![CDATA[Moved slider using Actions successfully]]>
    </line>
    <line>
      <![CDATA[Browser is closing]]>
    </line>
    <line>
      <![CDATA[Browser is opening]]>
    </line>
    <line>
      <![CDATA[login test started]]>
    </line>
    <line>
      <![CDATA[firefox]]>
    </line>
    <line>
      <![CDATA[Initializing HoversPage]]>
    </line>
    <line>
      <![CDATA[Hovering over user index: 0]]>
    </line>
    <line>
      <![CDATA[Hovering over user index: 1]]>
    </line>
    <line>
      <![CDATA[Hovering over user index: 2]]>
    </line>
    <line>
      <![CDATA[Browser is closing]]>
    </line>
    <line>
      <![CDATA[Browser is opening]]>
    </line>
    <line>
      <![CDATA[login test started]]>
    </line>
    <line>
      <![CDATA[firefox]]>
    </line>
    <line>
      <![CDATA[Initializing PerformancePage]]>
    </line>
    <line>
      <![CDATA[Browser is closing]]>
    </line>
    <line>
      <![CDATA[Browser is opening]]>
    </line>
    <line>
      <![CDATA[login test started]]>
    </line>
    <line>
      <![CDATA[firefox]]>
    </line>
    <line>
      <![CDATA[Initializing InfiniteScrollPage]]>
    </line>
    <line>
      <![CDATA[Scrolling down the page]]>
    </line>
    <line>
      <![CDATA[Scrolling down the page]]>
    </line>
    <line>
      <![CDATA[Scrolling down the page]]>
    </line>
    <line>
      <![CDATA[Scrolling down the page]]>
    </line>
    <line>
      <![CDATA[Browser is closing]]>
    </line>
    <line>
      <![CDATA[Browser is opening]]>
    </line>
    <line>
      <![CDATA[login test started]]>
    </line>
    <line>
      <![CDATA[firefox]]>
    </line>
    <line>
      <![CDATA[Initializing PerformancePage]]>
    </line>
    <line>
      <![CDATA[Browser is closing]]>
    </line>
    <line>
      <![CDATA[Starting providing different code to the page]]>
    </line>
    <line>
      <![CDATA[Browser is opening]]>
    </line>
    <line>
      <![CDATA[login test started]]>
    </line>
    <line>
      <![CDATA[firefox]]>
    </line>
    <line>
      <![CDATA[Initializing StatusCodesPage]]>
    </line>
    <line>
      <![CDATA[Clicking Status Code: 200]]>
    </line>
    <line>
      <![CDATA[Browser is closing]]>
    </line>
    <line>
      <![CDATA[Browser is opening]]>
    </line>
    <line>
      <![CDATA[login test started]]>
    </line>
    <line>
      <![CDATA[firefox]]>
    </line>
    <line>
      <![CDATA[Initializing StatusCodesPage]]>
    </line>
    <line>
      <![CDATA[Clicking Status Code: 301]]>
    </line>
    <line>
      <![CDATA[Browser is closing]]>
    </line>
    <line>
      <![CDATA[Browser is opening]]>
    </line>
    <line>
      <![CDATA[login test started]]>
    </line>
    <line>
      <![CDATA[firefox]]>
    </line>
    <line>
      <![CDATA[Initializing StatusCodesPage]]>
    </line>
    <line>
      <![CDATA[Clicking Status Code: 404]]>
    </line>
    <line>
      <![CDATA[Browser is closing]]>
    </line>
    <line>
      <![CDATA[Browser is opening]]>
    </line>
    <line>
      <![CDATA[login test started]]>
    </line>
    <line>
      <![CDATA[firefox]]>
    </line>
    <line>
      <![CDATA[Initializing StatusCodesPage]]>
    </line>
    <line>
      <![CDATA[Clicking Status Code: 500]]>
    </line>
    <line>
      <![CDATA[Browser is closing]]>
    </line>
  </reporter-output>
  <suite started-at="2026-01-21T18:44:03 IST" name="herokuapp Suite" finished-at="2026-01-21T18:53:11 IST" duration-ms="548158">
    <groups>
    </groups>
    <test started-at="2026-01-21T18:44:03 IST" name="heroku chrome test" finished-at="2026-01-21T18:46:44 IST" duration-ms="160617">
      <class name="herokuapp.pagestest.FT03_BasicAuthTest">
        <test-method is-config="true" signature="beforeClass()[pri:0, instance:herokuapp.pagestest.FT03_BasicAuthTest@f6efaab]" started-at="2026-01-21T18:44:36 IST" name="beforeClass" finished-at="2026-01-21T18:44:36 IST" duration-ms="0" status="PASS">
          <reporter-output>
          </reporter-output>
        </test-method> <!-- beforeClass -->
        <test-method is-config="true" signature="beforeMethod(java.lang.String)[pri:0, instance:herokuapp.pagestest.FT03_BasicAuthTest@f6efaab]" started-at="2026-01-21T18:44:36 IST" name="beforeMethod" finished-at="2026-01-21T18:44:45 IST" duration-ms="9106" status="PASS">
          <params>
            <param index="0">
              <value>
                <![CDATA[chrome]]>
              </value>
            </param>
          </params>
          <reporter-output>
            <line>
              <![CDATA[Browser is opening]]>
            </line>
            <line>
              <![CDATA[login test started]]>
            </line>
            <line>
              <![CDATA[chrome]]>
            </line>
          </reporter-output>
        </test-method> <!-- beforeMethod -->
        <test-method signature="verifyBasicAuth(java.lang.String,java.lang.String,boolean)[pri:0, instance:herokuapp.pagestest.FT03_BasicAuthTest@f6efaab]" started-at="2026-01-21T18:44:45 IST" name="verifyBasicAuth" data-provider="BasicAuthData" finished-at="2026-01-21T18:44:47 IST" duration-ms="1281" status="PASS">
          <params>
            <param index="0">
              <value>
                <![CDATA[admin]]>
              </value>
            </param>
            <param index="1">
              <value>
                <![CDATA[admin]]>
              </value>
            </param>
            <param index="2">
              <value>
                <![CDATA[true]]>
              </value>
            </param>
          </params>
          <reporter-output>
            <line>
              <![CDATA[Initializing Basic auth]]>
            </line>
            <line>
              <![CDATA[Navigating with Basic Auth credentials]]>
            </line>
            <line>
              <![CDATA[Validating success message]]>
            </line>
          </reporter-output>
        </test-method> <!-- verifyBasicAuth -->
        <test-method is-config="true" signature="afterMethod()[pri:0, instance:herokuapp.pagestest.FT03_BasicAuthTest@f6efaab]" started-at="2026-01-21T18:44:47 IST" name="afterMethod" finished-at="2026-01-21T18:44:47 IST" duration-ms="148" status="PASS">
          <reporter-output>
            <line>
              <![CDATA[Browser is closing]]>
            </line>
          </reporter-output>
        </test-method> <!-- afterMethod -->
        <test-method is-config="true" signature="beforeMethod(java.lang.String)[pri:0, instance:herokuapp.pagestest.FT03_BasicAuthTest@f6efaab]" started-at="2026-01-21T18:44:47 IST" name="beforeMethod" finished-at="2026-01-21T18:44:53 IST" duration-ms="5724" status="PASS">
          <params>
            <param index="0">
              <value>
                <![CDATA[chrome]]>
              </value>
            </param>
          </params>
          <reporter-output>
            <line>
              <![CDATA[Browser is opening]]>
            </line>
            <line>
              <![CDATA[login test started]]>
            </line>
            <line>
              <![CDATA[chrome]]>
            </line>
          </reporter-output>
        </test-method> <!-- beforeMethod -->
        <test-method signature="verifyBasicAuth(java.lang.String,java.lang.String,boolean)[pri:0, instance:herokuapp.pagestest.FT03_BasicAuthTest@f6efaab]" started-at="2026-01-21T18:44:53 IST" name="verifyBasicAuth" data-provider="BasicAuthData" finished-at="2026-01-21T18:44:54 IST" duration-ms="1155" status="PASS">
          <params>
            <param index="0">
              <value>
                <![CDATA[wrong]]>
              </value>
            </param>
            <param index="1">
              <value>
                <![CDATA[admin]]>
              </value>
            </param>
            <param index="2">
              <value>
                <![CDATA[false]]>
              </value>
            </param>
          </params>
          <reporter-output>
            <line>
              <![CDATA[Initializing Basic auth]]>
            </line>
            <line>
              <![CDATA[Navigating with Basic Auth credentials]]>
            </line>
          </reporter-output>
        </test-method> <!-- verifyBasicAuth -->
        <test-method is-config="true" signature="afterMethod()[pri:0, instance:herokuapp.pagestest.FT03_BasicAuthTest@f6efaab]" started-at="2026-01-21T18:44:54 IST" name="afterMethod" finished-at="2026-01-21T18:44:54 IST" duration-ms="144" status="PASS">
          <reporter-output>
            <line>
              <![CDATA[Browser is closing]]>
            </line>
          </reporter-output>
        </test-method> <!-- afterMethod -->
        <test-method is-config="true" signature="beforeMethod(java.lang.String)[pri:0, instance:herokuapp.pagestest.FT03_BasicAuthTest@f6efaab]" started-at="2026-01-21T18:44:54 IST" name="beforeMethod" finished-at="2026-01-21T18:45:00 IST" duration-ms="5894" status="PASS">
          <params>
            <param index="0">
              <value>
                <![CDATA[chrome]]>
              </value>
            </param>
          </params>
          <reporter-output>
            <line>
              <![CDATA[Browser is opening]]>
            </line>
            <line>
              <![CDATA[login test started]]>
            </line>
            <line>
              <![CDATA[chrome]]>
            </line>
          </reporter-output>
        </test-method> <!-- beforeMethod -->
        <test-method signature="verifyBasicAuth(java.lang.String,java.lang.String,boolean)[pri:0, instance:herokuapp.pagestest.FT03_BasicAuthTest@f6efaab]" started-at="2026-01-21T18:45:00 IST" name="verifyBasicAuth" data-provider="BasicAuthData" finished-at="2026-01-21T18:45:01 IST" duration-ms="1095" status="PASS">
          <params>
            <param index="0">
              <value>
                <![CDATA[admin]]>
              </value>
            </param>
            <param index="1">
              <value>
                <![CDATA[wrong]]>
              </value>
            </param>
            <param index="2">
              <value>
                <![CDATA[false]]>
              </value>
            </param>
          </params>
          <reporter-output>
            <line>
              <![CDATA[Initializing Basic auth]]>
            </line>
            <line>
              <![CDATA[Navigating with Basic Auth credentials]]>
            </line>
          </reporter-output>
        </test-method> <!-- verifyBasicAuth -->
        <test-method is-config="true" signature="afterMethod()[pri:0, instance:herokuapp.pagestest.FT03_BasicAuthTest@f6efaab]" started-at="2026-01-21T18:45:01 IST" name="afterMethod" finished-at="2026-01-21T18:45:01 IST" duration-ms="146" status="PASS">
          <reporter-output>
            <line>
              <![CDATA[Browser is closing]]>
            </line>
          </reporter-output>
        </test-method> <!-- afterMethod -->
        <test-method is-config="true" signature="beforeMethod(java.lang.String)[pri:0, instance:herokuapp.pagestest.FT03_BasicAuthTest@f6efaab]" started-at="2026-01-21T18:45:01 IST" name="beforeMethod" finished-at="2026-01-21T18:45:08 IST" duration-ms="7063" status="PASS">
          <params>
            <param index="0">
              <value>
                <![CDATA[chrome]]>
              </value>
            </param>
          </params>
          <reporter-output>
            <line>
              <![CDATA[Browser is opening]]>
            </line>
            <line>
              <![CDATA[login test started]]>
            </line>
            <line>
              <![CDATA[chrome]]>
            </line>
          </reporter-output>
        </test-method> <!-- beforeMethod -->
        <test-method signature="verifyBasicAuth(java.lang.String,java.lang.String,boolean)[pri:0, instance:herokuapp.pagestest.FT03_BasicAuthTest@f6efaab]" started-at="2026-01-21T18:45:08 IST" name="verifyBasicAuth" data-provider="BasicAuthData" finished-at="2026-01-21T18:45:09 IST" duration-ms="1122" status="PASS">
          <params>
            <param index="0">
              <value>
                <![CDATA[user]]>
              </value>
            </param>
            <param index="1">
              <value>
                <![CDATA[pass]]>
              </value>
            </param>
            <param index="2">
              <value>
                <![CDATA[false]]>
              </value>
            </param>
          </params>
          <reporter-output>
            <line>
              <![CDATA[Initializing Basic auth]]>
            </line>
            <line>
              <![CDATA[Navigating with Basic Auth credentials]]>
            </line>
          </reporter-output>
        </test-method> <!-- verifyBasicAuth -->
        <test-method is-config="true" signature="afterMethod()[pri:0, instance:herokuapp.pagestest.FT03_BasicAuthTest@f6efaab]" started-at="2026-01-21T18:45:09 IST" name="afterMethod" finished-at="2026-01-21T18:45:09 IST" duration-ms="155" status="PASS">
          <reporter-output>
            <line>
              <![CDATA[Browser is closing]]>
            </line>
          </reporter-output>
        </test-method> <!-- afterMethod -->
        <test-method is-config="true" signature="beforeMethod(java.lang.String)[pri:0, instance:herokuapp.pagestest.FT03_BasicAuthTest@f6efaab]" started-at="2026-01-21T18:45:09 IST" name="beforeMethod" finished-at="2026-01-21T18:45:14 IST" duration-ms="4870" status="PASS">
          <params>
            <param index="0">
              <value>
                <![CDATA[chrome]]>
              </value>
            </param>
          </params>
          <reporter-output>
            <line>
              <![CDATA[Browser is opening]]>
            </line>
            <line>
              <![CDATA[login test started]]>
            </line>
            <line>
              <![CDATA[chrome]]>
            </line>
          </reporter-output>
        </test-method> <!-- beforeMethod -->
        <test-method signature="verifyPageLoadsUnder3Seconds()[pri:0, instance:herokuapp.pagestest.FT03_BasicAuthTest@f6efaab]" started-at="2026-01-21T18:45:14 IST" name="verifyPageLoadsUnder3Seconds" finished-at="2026-01-21T18:45:15 IST" duration-ms="373" status="PASS">
          <reporter-output>
            <line>
              <![CDATA[Initializing PerformancePage]]>
            </line>
          </reporter-output>
        </test-method> <!-- verifyPageLoadsUnder3Seconds -->
        <test-method is-config="true" signature="afterMethod()[pri:0, instance:herokuapp.pagestest.FT03_BasicAuthTest@f6efaab]" started-at="2026-01-21T18:45:15 IST" name="afterMethod" finished-at="2026-01-21T18:45:15 IST" duration-ms="146" status="PASS">
          <reporter-output>
            <line>
              <![CDATA[Browser is closing]]>
            </line>
          </reporter-output>
        </test-method> <!-- afterMethod -->
        <test-method is-config="true" signature="afterClass()[pri:0, instance:herokuapp.pagestest.FT03_BasicAuthTest@f6efaab]" started-at="2026-01-21T18:45:15 IST" name="afterClass" finished-at="2026-01-21T18:45:15 IST" duration-ms="0" status="PASS">
          <reporter-output>
          </reporter-output>
        </test-method> <!-- afterClass -->
      </class> <!-- herokuapp.pagestest.FT03_BasicAuthTest -->
      <class name="herokuapp.pagestest.FT01_ABTestingTest">
        <test-method is-config="true" signature="beforeClass()[pri:0, instance:herokuapp.pagestest.FT01_ABTestingTest@7d8995e]" started-at="2026-01-21T18:44:03 IST" name="beforeClass" finished-at="2026-01-21T18:44:03 IST" duration-ms="12" status="PASS">
          <reporter-output>
          </reporter-output>
        </test-method> <!-- beforeClass -->
        <test-method is-config="true" signature="beforeMethod(java.lang.String)[pri:0, instance:herokuapp.pagestest.FT01_ABTestingTest@7d8995e]" started-at="2026-01-21T18:44:03 IST" name="beforeMethod" finished-at="2026-01-21T18:44:11 IST" duration-ms="7532" status="PASS">
          <params>
            <param index="0">
              <value>
                <![CDATA[chrome]]>
              </value>
            </param>
          </params>
          <reporter-output>
            <line>
              <![CDATA[Browser is opening]]>
            </line>
            <line>
              <![CDATA[login test started]]>
            </line>
            <line>
              <![CDATA[chrome]]>
            </line>
          </reporter-output>
        </test-method> <!-- beforeMethod -->
        <test-method signature="verifyHeadingText()[pri:0, instance:herokuapp.pagestest.FT01_ABTestingTest@7d8995e]" started-at="2026-01-21T18:44:11 IST" name="verifyHeadingText" finished-at="2026-01-21T18:44:12 IST" duration-ms="896" status="PASS">
          <reporter-output>
            <line>
              <![CDATA[Initializing ABtesting]]>
            </line>
            <line>
              <![CDATA[fetching heading text for abtesting]]>
            </line>
          </reporter-output>
        </test-method> <!-- verifyHeadingText -->
        <test-method is-config="true" signature="afterMethod()[pri:0, instance:herokuapp.pagestest.FT01_ABTestingTest@7d8995e]" started-at="2026-01-21T18:44:12 IST" name="afterMethod" finished-at="2026-01-21T18:44:12 IST" duration-ms="165" status="PASS">
          <reporter-output>
            <line>
              <![CDATA[Browser is closing]]>
            </line>
          </reporter-output>
        </test-method> <!-- afterMethod -->
        <test-method is-config="true" signature="beforeMethod(java.lang.String)[pri:0, instance:herokuapp.pagestest.FT01_ABTestingTest@7d8995e]" started-at="2026-01-21T18:44:12 IST" name="beforeMethod" finished-at="2026-01-21T18:44:18 IST" duration-ms="5954" status="PASS">
          <params>
            <param index="0">
              <value>
                <![CDATA[chrome]]>
              </value>
            </param>
          </params>
          <reporter-output>
            <line>
              <![CDATA[Browser is opening]]>
            </line>
            <line>
              <![CDATA[login test started]]>
            </line>
            <line>
              <![CDATA[chrome]]>
            </line>
          </reporter-output>
        </test-method> <!-- beforeMethod -->
        <test-method signature="verifyPageLoadsUnder3Seconds()[pri:0, instance:herokuapp.pagestest.FT01_ABTestingTest@7d8995e]" started-at="2026-01-21T18:44:18 IST" name="verifyPageLoadsUnder3Seconds" finished-at="2026-01-21T18:44:18 IST" duration-ms="367" status="PASS">
          <reporter-output>
            <line>
              <![CDATA[Initializing PerformancePage]]>
            </line>
          </reporter-output>
        </test-method> <!-- verifyPageLoadsUnder3Seconds -->
        <test-method is-config="true" signature="afterMethod()[pri:0, instance:herokuapp.pagestest.FT01_ABTestingTest@7d8995e]" started-at="2026-01-21T18:44:18 IST" name="afterMethod" finished-at="2026-01-21T18:44:18 IST" duration-ms="139" status="PASS">
          <reporter-output>
            <line>
              <![CDATA[Browser is closing]]>
            </line>
          </reporter-output>
        </test-method> <!-- afterMethod -->
        <test-method is-config="true" signature="afterClass()[pri:0, instance:herokuapp.pagestest.FT01_ABTestingTest@7d8995e]" started-at="2026-01-21T18:44:18 IST" name="afterClass" finished-at="2026-01-21T18:44:18 IST" duration-ms="0" status="PASS">
          <reporter-output>
          </reporter-output>
        </test-method> <!-- afterClass -->
      </class> <!-- herokuapp.pagestest.FT01_ABTestingTest -->
      <class name="herokuapp.pagestest.FT06_ContextMenuTest">
        <test-method is-config="true" signature="beforeClass()[pri:0, instance:herokuapp.pagestest.FT06_ContextMenuTest@409bf450]" started-at="2026-01-21T18:45:42 IST" name="beforeClass" finished-at="2026-01-21T18:45:42 IST" duration-ms="0" status="PASS">
          <reporter-output>
          </reporter-output>
        </test-method> <!-- beforeClass -->
        <test-method is-config="true" signature="beforeMethod(java.lang.String)[pri:0, instance:herokuapp.pagestest.FT06_ContextMenuTest@409bf450]" started-at="2026-01-21T18:45:42 IST" name="beforeMethod" finished-at="2026-01-21T18:45:48 IST" duration-ms="5720" status="PASS">
          <params>
            <param index="0">
              <value>
                <![CDATA[chrome]]>
              </value>
            </param>
          </params>
          <reporter-output>
            <line>
              <![CDATA[Browser is opening]]>
            </line>
            <line>
              <![CDATA[login test started]]>
            </line>
            <line>
              <![CDATA[chrome]]>
            </line>
          </reporter-output>
        </test-method> <!-- beforeMethod -->
        <test-method signature="verifyContextMenuAlert()[pri:0, instance:herokuapp.pagestest.FT06_ContextMenuTest@409bf450]" started-at="2026-01-21T18:45:48 IST" name="verifyContextMenuAlert" finished-at="2026-01-21T18:45:48 IST" duration-ms="604" status="PASS">
          <reporter-output>
            <line>
              <![CDATA[Initialization of the ContextMenuPage]]>
            </line>
            <line>
              <![CDATA[Performing right click on the contextMenu]]>
            </line>
            <line>
              <![CDATA[Started Handling the alert text]]>
            </line>
          </reporter-output>
        </test-method> <!-- verifyContextMenuAlert -->
        <test-method is-config="true" signature="afterMethod()[pri:0, instance:herokuapp.pagestest.FT06_ContextMenuTest@409bf450]" started-at="2026-01-21T18:45:48 IST" name="afterMethod" finished-at="2026-01-21T18:45:49 IST" duration-ms="154" status="PASS">
          <reporter-output>
            <line>
              <![CDATA[Browser is closing]]>
            </line>
          </reporter-output>
        </test-method> <!-- afterMethod -->
        <test-method is-config="true" signature="afterClass()[pri:0, instance:herokuapp.pagestest.FT06_ContextMenuTest@409bf450]" started-at="2026-01-21T18:45:49 IST" name="afterClass" finished-at="2026-01-21T18:45:49 IST" duration-ms="0" status="PASS">
          <reporter-output>
          </reporter-output>
        </test-method> <!-- afterClass -->
      </class> <!-- herokuapp.pagestest.FT06_ContextMenuTest -->
      <class name="herokuapp.pagestest.FT04_BrokenImageTest">
        <test-method is-config="true" signature="beforeMethod(java.lang.String)[pri:0, instance:herokuapp.pagestest.FT04_BrokenImageTest@3c19aaa5]" started-at="2026-01-21T18:45:15 IST" name="beforeMethod" finished-at="2026-01-21T18:45:20 IST" duration-ms="5693" status="PASS">
          <params>
            <param index="0">
              <value>
                <![CDATA[chrome]]>
              </value>
            </param>
          </params>
          <reporter-output>
            <line>
              <![CDATA[Browser is opening]]>
            </line>
            <line>
              <![CDATA[login test started]]>
            </line>
            <line>
              <![CDATA[chrome]]>
            </line>
          </reporter-output>
        </test-method> <!-- beforeMethod -->
        <test-method is-config="true" signature="beforeClass()[pri:0, instance:herokuapp.pagestest.FT04_BrokenImageTest@3c19aaa5]" started-at="2026-01-21T18:45:15 IST" name="beforeClass" finished-at="2026-01-21T18:45:15 IST" duration-ms="0" status="PASS">
          <reporter-output>
          </reporter-output>
        </test-method> <!-- beforeClass -->
        <test-method signature="verifyBrokenImages()[pri:0, instance:herokuapp.pagestest.FT04_BrokenImageTest@3c19aaa5]" started-at="2026-01-21T18:45:20 IST" name="verifyBrokenImages" finished-at="2026-01-21T18:45:21 IST" duration-ms="811" status="PASS">
          <reporter-output>
            <line>
              <![CDATA[Initialization of Broken Image Test]]>
            </line>
            <line>
              <![CDATA[Checking the Broken state of the images]]>
            </line>
            <line>
              <![CDATA[Checking the Broken state of the images]]>
            </line>
          </reporter-output>
        </test-method> <!-- verifyBrokenImages -->
        <test-method is-config="true" signature="afterMethod()[pri:0, instance:herokuapp.pagestest.FT04_BrokenImageTest@3c19aaa5]" started-at="2026-01-21T18:45:21 IST" name="afterMethod" finished-at="2026-01-21T18:45:21 IST" duration-ms="131" status="PASS">
          <reporter-output>
            <line>
              <![CDATA[Browser is closing]]>
            </line>
          </reporter-output>
        </test-method> <!-- afterMethod -->
        <test-method is-config="true" signature="beforeMethod(java.lang.String)[pri:0, instance:herokuapp.pagestest.FT04_BrokenImageTest@3c19aaa5]" started-at="2026-01-21T18:45:21 IST" name="beforeMethod" finished-at="2026-01-21T18:45:27 IST" duration-ms="5961" status="PASS">
          <params>
            <param index="0">
              <value>
                <![CDATA[chrome]]>
              </value>
            </param>
          </params>
          <reporter-output>
            <line>
              <![CDATA[Browser is opening]]>
            </line>
            <line>
              <![CDATA[login test started]]>
            </line>
            <line>
              <![CDATA[chrome]]>
            </line>
          </reporter-output>
        </test-method> <!-- beforeMethod -->
        <test-method signature="verifyPageLoadsUnder3Seconds()[pri:0, instance:herokuapp.pagestest.FT04_BrokenImageTest@3c19aaa5]" started-at="2026-01-21T18:45:27 IST" name="verifyPageLoadsUnder3Seconds" finished-at="2026-01-21T18:45:28 IST" duration-ms="687" status="PASS">
          <reporter-output>
            <line>
              <![CDATA[Initializing PerformancePage]]>
            </line>
          </reporter-output>
        </test-method> <!-- verifyPageLoadsUnder3Seconds -->
        <test-method is-config="true" signature="afterMethod()[pri:0, instance:herokuapp.pagestest.FT04_BrokenImageTest@3c19aaa5]" started-at="2026-01-21T18:45:28 IST" name="afterMethod" finished-at="2026-01-21T18:45:28 IST" duration-ms="139" status="PASS">
          <reporter-output>
            <line>
              <![CDATA[Browser is closing]]>
            </line>
          </reporter-output>
        </test-method> <!-- afterMethod -->
        <test-method is-config="true" signature="afterClass()[pri:0, instance:herokuapp.pagestest.FT04_BrokenImageTest@3c19aaa5]" started-at="2026-01-21T18:45:28 IST" name="afterClass" finished-at="2026-01-21T18:45:28 IST" duration-ms="0" status="PASS">
          <reporter-output>
          </reporter-output>
        </test-method> <!-- afterClass -->
      </class> <!-- herokuapp.pagestest.FT04_BrokenImageTest -->
      <class name="herokuapp.pagestest.FT08_DropDownTest">
        <test-method is-config="true" signature="beforeClass()[pri:0, instance:herokuapp.pagestest.FT08_DropDownTest@49e53c76]" started-at="2026-01-21T18:45:55 IST" name="beforeClass" finished-at="2026-01-21T18:45:55 IST" duration-ms="0" status="PASS">
          <reporter-output>
          </reporter-output>
        </test-method> <!-- beforeClass -->
        <test-method is-config="true" signature="beforeMethod(java.lang.String)[pri:0, instance:herokuapp.pagestest.FT08_DropDownTest@49e53c76]" started-at="2026-01-21T18:45:55 IST" name="beforeMethod" finished-at="2026-01-21T18:46:00 IST" duration-ms="5604" status="PASS">
          <params>
            <param index="0">
              <value>
                <![CDATA[chrome]]>
              </value>
            </param>
          </params>
          <reporter-output>
            <line>
              <![CDATA[Browser is opening]]>
            </line>
            <line>
              <![CDATA[login test started]]>
            </line>
            <line>
              <![CDATA[chrome]]>
            </line>
          </reporter-output>
        </test-method> <!-- beforeMethod -->
        <test-method signature="verifyDropDown()[pri:0, instance:herokuapp.pagestest.FT08_DropDownTest@49e53c76]" started-at="2026-01-21T18:46:00 IST" name="verifyDropDown" finished-at="2026-01-21T18:46:01 IST" duration-ms="803" status="PASS">
          <reporter-output>
            <line>
              <![CDATA[Initialization of Drop-Down Page]]>
            </line>
            <line>
              <![CDATA[Selecting the option from drop down]]>
            </line>
            <line>
              <![CDATA[Selecting the option from drop down]]>
            </line>
          </reporter-output>
        </test-method> <!-- verifyDropDown -->
        <test-method is-config="true" signature="afterMethod()[pri:0, instance:herokuapp.pagestest.FT08_DropDownTest@49e53c76]" started-at="2026-01-21T18:46:01 IST" name="afterMethod" finished-at="2026-01-21T18:46:01 IST" duration-ms="153" status="PASS">
          <reporter-output>
            <line>
              <![CDATA[Browser is closing]]>
            </line>
          </reporter-output>
        </test-method> <!-- afterMethod -->
        <test-method is-config="true" signature="beforeMethod(java.lang.String)[pri:0, instance:herokuapp.pagestest.FT08_DropDownTest@49e53c76]" started-at="2026-01-21T18:46:01 IST" name="beforeMethod" finished-at="2026-01-21T18:46:07 IST" duration-ms="5694" status="PASS">
          <params>
            <param index="0">
              <value>
                <![CDATA[chrome]]>
              </value>
            </param>
          </params>
          <reporter-output>
            <line>
              <![CDATA[Browser is opening]]>
            </line>
            <line>
              <![CDATA[login test started]]>
            </line>
            <line>
              <![CDATA[chrome]]>
            </line>
          </reporter-output>
        </test-method> <!-- beforeMethod -->
        <test-method signature="verifyPageLoadsUnder3Seconds()[pri:0, instance:herokuapp.pagestest.FT08_DropDownTest@49e53c76]" started-at="2026-01-21T18:46:07 IST" name="verifyPageLoadsUnder3Seconds" finished-at="2026-01-21T18:46:07 IST" duration-ms="377" status="PASS">
          <reporter-output>
            <line>
              <![CDATA[Initializing PerformancePage]]>
            </line>
          </reporter-output>
        </test-method> <!-- verifyPageLoadsUnder3Seconds -->
        <test-method is-config="true" signature="afterMethod()[pri:0, instance:herokuapp.pagestest.FT08_DropDownTest@49e53c76]" started-at="2026-01-21T18:46:07 IST" name="afterMethod" finished-at="2026-01-21T18:46:08 IST" duration-ms="154" status="PASS">
          <reporter-output>
            <line>
              <![CDATA[Browser is closing]]>
            </line>
          </reporter-output>
        </test-method> <!-- afterMethod -->
        <test-method is-config="true" signature="afterClass()[pri:0, instance:herokuapp.pagestest.FT08_DropDownTest@49e53c76]" started-at="2026-01-21T18:46:08 IST" name="afterClass" finished-at="2026-01-21T18:46:08 IST" duration-ms="0" status="PASS">
          <reporter-output>
          </reporter-output>
        </test-method> <!-- afterClass -->
      </class> <!-- herokuapp.pagestest.FT08_DropDownTest -->
      <class name="herokuapp.pagestest.FT10_DynamicLoadingTest">
        <test-method is-config="true" signature="beforeClass()[pri:0, instance:herokuapp.pagestest.FT10_DynamicLoadingTest@2a3b5b47]" started-at="2026-01-21T18:46:32 IST" name="beforeClass" finished-at="2026-01-21T18:46:32 IST" duration-ms="0" status="PASS">
          <reporter-output>
          </reporter-output>
        </test-method> <!-- beforeClass -->
        <test-method is-config="true" signature="beforeMethod(java.lang.String)[pri:0, instance:herokuapp.pagestest.FT10_DynamicLoadingTest@2a3b5b47]" started-at="2026-01-21T18:46:32 IST" name="beforeMethod" finished-at="2026-01-21T18:46:38 IST" duration-ms="5593" status="PASS">
          <params>
            <param index="0">
              <value>
                <![CDATA[chrome]]>
              </value>
            </param>
          </params>
          <reporter-output>
            <line>
              <![CDATA[Browser is opening]]>
            </line>
            <line>
              <![CDATA[login test started]]>
            </line>
            <line>
              <![CDATA[chrome]]>
            </line>
          </reporter-output>
        </test-method> <!-- beforeMethod -->
        <test-method signature="verifyDynamicLoadingFlow()[pri:0, instance:herokuapp.pagestest.FT10_DynamicLoadingTest@2a3b5b47]" started-at="2026-01-21T18:46:38 IST" name="verifyDynamicLoadingFlow" finished-at="2026-01-21T18:46:44 IST" duration-ms="6185" status="PASS">
          <reporter-output>
            <line>
              <![CDATA[Initializing DynamicLoadingPage]]>
            </line>
            <line>
              <![CDATA[Clicking Start button]]>
            </line>
            <line>
              <![CDATA[Waiting for loading to finish]]>
            </line>
            <line>
              <![CDATA[Waiting for finish text]]>
            </line>
          </reporter-output>
        </test-method> <!-- verifyDynamicLoadingFlow -->
        <test-method is-config="true" signature="afterMethod()[pri:0, instance:herokuapp.pagestest.FT10_DynamicLoadingTest@2a3b5b47]" started-at="2026-01-21T18:46:44 IST" name="afterMethod" finished-at="2026-01-21T18:46:44 IST" duration-ms="164" status="PASS">
          <reporter-output>
            <line>
              <![CDATA[Browser is closing]]>
            </line>
          </reporter-output>
        </test-method> <!-- afterMethod -->
        <test-method is-config="true" signature="afterClass()[pri:0, instance:herokuapp.pagestest.FT10_DynamicLoadingTest@2a3b5b47]" started-at="2026-01-21T18:46:44 IST" name="afterClass" finished-at="2026-01-21T18:46:44 IST" duration-ms="2" status="PASS">
          <reporter-output>
          </reporter-output>
        </test-method> <!-- afterClass -->
      </class> <!-- herokuapp.pagestest.FT10_DynamicLoadingTest -->
      <class name="herokuapp.pagestest.FT05_CheckBoxTest">
        <test-method is-config="true" signature="beforeClass()[pri:0, instance:herokuapp.pagestest.FT05_CheckBoxTest@3349e9bb]" started-at="2026-01-21T18:45:28 IST" name="beforeClass" finished-at="2026-01-21T18:45:28 IST" duration-ms="0" status="PASS">
          <reporter-output>
          </reporter-output>
        </test-method> <!-- beforeClass -->
        <test-method is-config="true" signature="beforeMethod(java.lang.String)[pri:0, instance:herokuapp.pagestest.FT05_CheckBoxTest@3349e9bb]" started-at="2026-01-21T18:45:28 IST" name="beforeMethod" finished-at="2026-01-21T18:45:35 IST" duration-ms="7166" status="PASS">
          <params>
            <param index="0">
              <value>
                <![CDATA[chrome]]>
              </value>
            </param>
          </params>
          <reporter-output>
            <line>
              <![CDATA[Browser is opening]]>
            </line>
            <line>
              <![CDATA[login test started]]>
            </line>
            <line>
              <![CDATA[chrome]]>
            </line>
          </reporter-output>
        </test-method> <!-- beforeMethod -->
        <test-method signature="verifyCheckBoxes()[pri:0, instance:herokuapp.pagestest.FT05_CheckBoxTest@3349e9bb]" started-at="2026-01-21T18:45:35 IST" name="verifyCheckBoxes" finished-at="2026-01-21T18:45:36 IST" duration-ms="494" status="PASS">
          <reporter-output>
            <line>
              <![CDATA[Initialization of CheckBox Method]]>
            </line>
            <line>
              <![CDATA[Selecting checkBox at index : 0]]>
            </line>
            <line>
              <![CDATA[CheckBox is selected at Index: 0]]>
            </line>
          </reporter-output>
        </test-method> <!-- verifyCheckBoxes -->
        <test-method is-config="true" signature="afterMethod()[pri:0, instance:herokuapp.pagestest.FT05_CheckBoxTest@3349e9bb]" started-at="2026-01-21T18:45:36 IST" name="afterMethod" finished-at="2026-01-21T18:45:36 IST" duration-ms="133" status="PASS">
          <reporter-output>
            <line>
              <![CDATA[Browser is closing]]>
            </line>
          </reporter-output>
        </test-method> <!-- afterMethod -->
        <test-method is-config="true" signature="beforeMethod(java.lang.String)[pri:0, instance:herokuapp.pagestest.FT05_CheckBoxTest@3349e9bb]" started-at="2026-01-21T18:45:36 IST" name="beforeMethod" finished-at="2026-01-21T18:45:42 IST" duration-ms="5626" status="PASS">
          <params>
            <param index="0">
              <value>
                <![CDATA[chrome]]>
              </value>
            </param>
          </params>
          <reporter-output>
            <line>
              <![CDATA[Browser is opening]]>
            </line>
            <line>
              <![CDATA[login test started]]>
            </line>
            <line>
              <![CDATA[chrome]]>
            </line>
          </reporter-output>
        </test-method> <!-- beforeMethod -->
        <test-method signature="verifyPageLoadsUnder3Seconds()[pri:0, instance:herokuapp.pagestest.FT05_CheckBoxTest@3349e9bb]" started-at="2026-01-21T18:45:42 IST" name="verifyPageLoadsUnder3Seconds" finished-at="2026-01-21T18:45:42 IST" duration-ms="369" status="PASS">
          <reporter-output>
            <line>
              <![CDATA[Initializing PerformancePage]]>
            </line>
          </reporter-output>
        </test-method> <!-- verifyPageLoadsUnder3Seconds -->
        <test-method is-config="true" signature="afterMethod()[pri:0, instance:herokuapp.pagestest.FT05_CheckBoxTest@3349e9bb]" started-at="2026-01-21T18:45:42 IST" name="afterMethod" finished-at="2026-01-21T18:45:42 IST" duration-ms="135" status="PASS">
          <reporter-output>
            <line>
              <![CDATA[Browser is closing]]>
            </line>
          </reporter-output>
        </test-method> <!-- afterMethod -->
        <test-method is-config="true" signature="afterClass()[pri:0, instance:herokuapp.pagestest.FT05_CheckBoxTest@3349e9bb]" started-at="2026-01-21T18:45:42 IST" name="afterClass" finished-at="2026-01-21T18:45:42 IST" duration-ms="0" status="PASS">
          <reporter-output>
          </reporter-output>
        </test-method> <!-- afterClass -->
      </class> <!-- herokuapp.pagestest.FT05_CheckBoxTest -->
      <class name="herokuapp.pagestest.FT07_DragDropTest">
        <test-method is-config="true" signature="beforeClass()[pri:0, instance:herokuapp.pagestest.FT07_DragDropTest@38d8f54a]" started-at="2026-01-21T18:45:49 IST" name="beforeClass" finished-at="2026-01-21T18:45:49 IST" duration-ms="1" status="PASS">
          <reporter-output>
          </reporter-output>
        </test-method> <!-- beforeClass -->
        <test-method is-config="true" signature="beforeMethod(java.lang.String)[pri:0, instance:herokuapp.pagestest.FT07_DragDropTest@38d8f54a]" started-at="2026-01-21T18:45:49 IST" name="beforeMethod" finished-at="2026-01-21T18:45:54 IST" duration-ms="5270" status="PASS">
          <params>
            <param index="0">
              <value>
                <![CDATA[chrome]]>
              </value>
            </param>
          </params>
          <reporter-output>
            <line>
              <![CDATA[Browser is opening]]>
            </line>
            <line>
              <![CDATA[login test started]]>
            </line>
            <line>
              <![CDATA[chrome]]>
            </line>
          </reporter-output>
        </test-method> <!-- beforeMethod -->
        <test-method signature="verifyDragAndDrop()[pri:0, instance:herokuapp.pagestest.FT07_DragDropTest@38d8f54a]" started-at="2026-01-21T18:45:54 IST" name="verifyDragAndDrop" finished-at="2026-01-21T18:45:55 IST" duration-ms="749" status="PASS">
          <reporter-output>
            <line>
              <![CDATA[Initializing DragDropPage]]>
            </line>
            <line>
              <![CDATA[Performing Drag and Drop A to B]]>
            </line>
          </reporter-output>
        </test-method> <!-- verifyDragAndDrop -->
        <test-method is-config="true" signature="afterMethod()[pri:0, instance:herokuapp.pagestest.FT07_DragDropTest@38d8f54a]" started-at="2026-01-21T18:45:55 IST" name="afterMethod" finished-at="2026-01-21T18:45:55 IST" duration-ms="138" status="PASS">
          <reporter-output>
            <line>
              <![CDATA[Browser is closing]]>
            </line>
          </reporter-output>
        </test-method> <!-- afterMethod -->
        <test-method is-config="true" signature="afterClass()[pri:0, instance:herokuapp.pagestest.FT07_DragDropTest@38d8f54a]" started-at="2026-01-21T18:45:55 IST" name="afterClass" finished-at="2026-01-21T18:45:55 IST" duration-ms="1" status="PASS">
          <reporter-output>
          </reporter-output>
        </test-method> <!-- afterClass -->
      </class> <!-- herokuapp.pagestest.FT07_DragDropTest -->
      <class name="herokuapp.pagestest.FT09_DynamicControlTest">
        <test-method is-config="true" signature="beforeMethod(java.lang.String)[pri:0, instance:herokuapp.pagestest.FT09_DynamicControlTest@351d00c0]" started-at="2026-01-21T18:46:08 IST" name="beforeMethod" finished-at="2026-01-21T18:46:12 IST" duration-ms="4944" status="PASS">
          <params>
            <param index="0">
              <value>
                <![CDATA[chrome]]>
              </value>
            </param>
          </params>
          <reporter-output>
            <line>
              <![CDATA[Browser is opening]]>
            </line>
            <line>
              <![CDATA[login test started]]>
            </line>
            <line>
              <![CDATA[chrome]]>
            </line>
          </reporter-output>
        </test-method> <!-- beforeMethod -->
        <test-method is-config="true" signature="beforeClass()[pri:0, instance:herokuapp.pagestest.FT09_DynamicControlTest@351d00c0]" started-at="2026-01-21T18:46:08 IST" name="beforeClass" finished-at="2026-01-21T18:46:08 IST" duration-ms="0" status="PASS">
          <reporter-output>
          </reporter-output>
        </test-method> <!-- beforeClass -->
        <test-method signature="verifyDynamicControls()[pri:0, instance:herokuapp.pagestest.FT09_DynamicControlTest@351d00c0]" started-at="2026-01-21T18:46:12 IST" name="verifyDynamicControls" finished-at="2026-01-21T18:46:32 IST" duration-ms="19271" status="PASS">
          <reporter-output>
            <line>
              <![CDATA[Initialization of Dynamic Control Page]]>
            </line>
            <line>
              <![CDATA[Started click on remove button]]>
            </line>
            <line>
              <![CDATA[Started click on add button]]>
            </line>
            <line>
              <![CDATA[Start clicking on Enabled Button]]>
            </line>
            <line>
              <![CDATA[Start clicking on Diabled button]]>
            </line>
          </reporter-output>
        </test-method> <!-- verifyDynamicControls -->
        <test-method is-config="true" signature="afterMethod()[pri:0, instance:herokuapp.pagestest.FT09_DynamicControlTest@351d00c0]" started-at="2026-01-21T18:46:32 IST" name="afterMethod" finished-at="2026-01-21T18:46:32 IST" duration-ms="198" status="PASS">
          <reporter-output>
            <line>
              <![CDATA[Browser is closing]]>
            </line>
          </reporter-output>
        </test-method> <!-- afterMethod -->
        <test-method is-config="true" signature="afterClass()[pri:0, instance:herokuapp.pagestest.FT09_DynamicControlTest@351d00c0]" started-at="2026-01-21T18:46:32 IST" name="afterClass" finished-at="2026-01-21T18:46:32 IST" duration-ms="0" status="PASS">
          <reporter-output>
          </reporter-output>
        </test-method> <!-- afterClass -->
      </class> <!-- herokuapp.pagestest.FT09_DynamicControlTest -->
      <class name="herokuapp.pagestest.FT02_AddRemoveTest">
        <test-method is-config="true" signature="beforeClass()[pri:0, instance:herokuapp.pagestest.FT02_AddRemoveTest@74f0ea28]" started-at="2026-01-21T18:44:18 IST" name="beforeClass" finished-at="2026-01-21T18:44:18 IST" duration-ms="0" status="PASS">
          <reporter-output>
          </reporter-output>
        </test-method> <!-- beforeClass -->
        <test-method is-config="true" signature="beforeMethod(java.lang.String)[pri:0, instance:herokuapp.pagestest.FT02_AddRemoveTest@74f0ea28]" started-at="2026-01-21T18:44:18 IST" name="beforeMethod" finished-at="2026-01-21T18:44:23 IST" duration-ms="5093" status="PASS">
          <params>
            <param index="0">
              <value>
                <![CDATA[chrome]]>
              </value>
            </param>
          </params>
          <reporter-output>
            <line>
              <![CDATA[Browser is opening]]>
            </line>
            <line>
              <![CDATA[login test started]]>
            </line>
            <line>
              <![CDATA[chrome]]>
            </line>
          </reporter-output>
        </test-method> <!-- beforeMethod -->
        <test-method signature="verifyAddRemoveTest()[pri:0, instance:herokuapp.pagestest.FT02_AddRemoveTest@74f0ea28]" started-at="2026-01-21T18:44:23 IST" name="verifyAddRemoveTest" finished-at="2026-01-21T18:44:30 IST" duration-ms="6905" status="PASS">
          <reporter-output>
            <line>
              <![CDATA[Initializing Add Remove Page]]>
            </line>
            <line>
              <![CDATA[Initialization of Add Button]]>
            </line>
            <line>
              <![CDATA[Initialization of Add Button]]>
            </line>
            <line>
              <![CDATA[Initialization of Add Button]]>
            </line>
            <line>
              <![CDATA[Deleting all delete Button]]>
            </line>
          </reporter-output>
        </test-method> <!-- verifyAddRemoveTest -->
        <test-method is-config="true" signature="afterMethod()[pri:0, instance:herokuapp.pagestest.FT02_AddRemoveTest@74f0ea28]" started-at="2026-01-21T18:44:30 IST" name="afterMethod" finished-at="2026-01-21T18:44:31 IST" duration-ms="153" status="PASS">
          <reporter-output>
            <line>
              <![CDATA[Browser is closing]]>
            </line>
          </reporter-output>
        </test-method> <!-- afterMethod -->
        <test-method is-config="true" signature="beforeMethod(java.lang.String)[pri:0, instance:herokuapp.pagestest.FT02_AddRemoveTest@74f0ea28]" started-at="2026-01-21T18:44:31 IST" name="beforeMethod" finished-at="2026-01-21T18:44:36 IST" duration-ms="5281" status="PASS">
          <params>
            <param index="0">
              <value>
                <![CDATA[chrome]]>
              </value>
            </param>
          </params>
          <reporter-output>
            <line>
              <![CDATA[Browser is opening]]>
            </line>
            <line>
              <![CDATA[login test started]]>
            </line>
            <line>
              <![CDATA[chrome]]>
            </line>
          </reporter-output>
        </test-method> <!-- beforeMethod -->
        <test-method signature="verifyPageLoadsUnder3Seconds()[pri:0, instance:herokuapp.pagestest.FT02_AddRemoveTest@74f0ea28]" started-at="2026-01-21T18:44:36 IST" name="verifyPageLoadsUnder3Seconds" finished-at="2026-01-21T18:44:36 IST" duration-ms="367" status="PASS">
          <reporter-output>
            <line>
              <![CDATA[Initializing PerformancePage]]>
            </line>
          </reporter-output>
        </test-method> <!-- verifyPageLoadsUnder3Seconds -->
        <test-method is-config="true" signature="afterMethod()[pri:0, instance:herokuapp.pagestest.FT02_AddRemoveTest@74f0ea28]" started-at="2026-01-21T18:44:36 IST" name="afterMethod" finished-at="2026-01-21T18:44:36 IST" duration-ms="147" status="PASS">
          <reporter-output>
            <line>
              <![CDATA[Browser is closing]]>
            </line>
          </reporter-output>
        </test-method> <!-- afterMethod -->
        <test-method is-config="true" signature="afterClass()[pri:0, instance:herokuapp.pagestest.FT02_AddRemoveTest@74f0ea28]" started-at="2026-01-21T18:44:36 IST" name="afterClass" finished-at="2026-01-21T18:44:36 IST" duration-ms="1" status="PASS">
          <reporter-output>
          </reporter-output>
        </test-method> <!-- afterClass -->
      </class> <!-- herokuapp.pagestest.FT02_AddRemoveTest -->
    </test> <!-- heroku chrome test -->
    <test started-at="2026-01-21T18:46:44 IST" name="heroku Firefox test" finished-at="2026-01-21T18:53:11 IST" duration-ms="387524">
      <class name="herokuapp.pagestest.FT16_LoginFormTest">
        <test-method is-config="true" signature="beforeMethod(java.lang.String)[pri:0, instance:herokuapp.pagestest.FT16_LoginFormTest@702657cc]" started-at="2026-01-21T18:48:11 IST" name="beforeMethod" finished-at="2026-01-21T18:48:21 IST" duration-ms="9771" status="PASS">
          <params>
            <param index="0">
              <value>
                <![CDATA[firefox]]>
              </value>
            </param>
          </params>
          <reporter-output>
            <line>
              <![CDATA[Browser is opening]]>
            </line>
            <line>
              <![CDATA[login test started]]>
            </line>
            <line>
              <![CDATA[firefox]]>
            </line>
          </reporter-output>
        </test-method> <!-- beforeMethod -->
        <test-method is-config="true" signature="beforeClass()[pri:0, instance:herokuapp.pagestest.FT16_LoginFormTest@702657cc]" started-at="2026-01-21T18:48:11 IST" name="beforeClass" finished-at="2026-01-21T18:48:11 IST" duration-ms="0" status="PASS">
          <reporter-output>
          </reporter-output>
        </test-method> <!-- beforeClass -->
        <test-method signature="verifyLoginCredentials(java.lang.String,java.lang.String,boolean)[pri:0, instance:herokuapp.pagestest.FT16_LoginFormTest@702657cc]" started-at="2026-01-21T18:48:21 IST" name="verifyLoginCredentials" data-provider="LoginForm" finished-at="2026-01-21T18:48:25 IST" duration-ms="4291" status="PASS">
          <params>
            <param index="0">
              <value>
                <![CDATA[tomsmith]]>
              </value>
            </param>
            <param index="1">
              <value>
                <![CDATA[SuperSecretPassword!]]>
              </value>
            </param>
            <param index="2">
              <value>
                <![CDATA[true]]>
              </value>
            </param>
          </params>
          <reporter-output>
            <line>
              <![CDATA[Initialization of LoginForm Page Authentication]]>
            </line>
          </reporter-output>
        </test-method> <!-- verifyLoginCredentials -->
        <test-method is-config="true" signature="afterMethod()[pri:0, instance:herokuapp.pagestest.FT16_LoginFormTest@702657cc]" started-at="2026-01-21T18:48:25 IST" name="afterMethod" finished-at="2026-01-21T18:48:26 IST" duration-ms="996" status="PASS">
          <reporter-output>
            <line>
              <![CDATA[Browser is closing]]>
            </line>
          </reporter-output>
        </test-method> <!-- afterMethod -->
        <test-method is-config="true" signature="beforeMethod(java.lang.String)[pri:0, instance:herokuapp.pagestest.FT16_LoginFormTest@702657cc]" started-at="2026-01-21T18:48:26 IST" name="beforeMethod" finished-at="2026-01-21T18:48:49 IST" duration-ms="22980" status="PASS">
          <params>
            <param index="0">
              <value>
                <![CDATA[firefox]]>
              </value>
            </param>
          </params>
          <reporter-output>
            <line>
              <![CDATA[Browser is opening]]>
            </line>
            <line>
              <![CDATA[login test started]]>
            </line>
            <line>
              <![CDATA[firefox]]>
            </line>
          </reporter-output>
        </test-method> <!-- beforeMethod -->
        <test-method signature="verifyLoginCredentials(java.lang.String,java.lang.String,boolean)[pri:0, instance:herokuapp.pagestest.FT16_LoginFormTest@702657cc]" started-at="2026-01-21T18:48:49 IST" name="verifyLoginCredentials" data-provider="LoginForm" finished-at="2026-01-21T18:48:51 IST" duration-ms="2292" status="PASS">
          <params>
            <param index="0">
              <value>
                <![CDATA[tomsmith]]>
              </value>
            </param>
            <param index="1">
              <value>
                <![CDATA[wrongPass]]>
              </value>
            </param>
            <param index="2">
              <value>
                <![CDATA[false]]>
              </value>
            </param>
          </params>
          <reporter-output>
            <line>
              <![CDATA[Initialization of LoginForm Page Authentication]]>
            </line>
          </reporter-output>
        </test-method> <!-- verifyLoginCredentials -->
        <test-method is-config="true" signature="afterMethod()[pri:0, instance:herokuapp.pagestest.FT16_LoginFormTest@702657cc]" started-at="2026-01-21T18:48:51 IST" name="afterMethod" finished-at="2026-01-21T18:48:52 IST" duration-ms="919" status="PASS">
          <reporter-output>
            <line>
              <![CDATA[Browser is closing]]>
            </line>
          </reporter-output>
        </test-method> <!-- afterMethod -->
        <test-method is-config="true" signature="beforeMethod(java.lang.String)[pri:0, instance:herokuapp.pagestest.FT16_LoginFormTest@702657cc]" started-at="2026-01-21T18:48:52 IST" name="beforeMethod" finished-at="2026-01-21T18:49:00 IST" duration-ms="7431" status="PASS">
          <params>
            <param index="0">
              <value>
                <![CDATA[firefox]]>
              </value>
            </param>
          </params>
          <reporter-output>
            <line>
              <![CDATA[Browser is opening]]>
            </line>
            <line>
              <![CDATA[login test started]]>
            </line>
            <line>
              <![CDATA[firefox]]>
            </line>
          </reporter-output>
        </test-method> <!-- beforeMethod -->
        <test-method signature="verifyLoginCredentials(java.lang.String,java.lang.String,boolean)[pri:0, instance:herokuapp.pagestest.FT16_LoginFormTest@702657cc]" started-at="2026-01-21T18:49:00 IST" name="verifyLoginCredentials" data-provider="LoginForm" finished-at="2026-01-21T18:49:01 IST" duration-ms="1754" status="PASS">
          <params>
            <param index="0">
              <value>
                <![CDATA[wrongUser]]>
              </value>
            </param>
            <param index="1">
              <value>
                <![CDATA[SuperSecretPassword!]]>
              </value>
            </param>
            <param index="2">
              <value>
                <![CDATA[false]]>
              </value>
            </param>
          </params>
          <reporter-output>
            <line>
              <![CDATA[Initialization of LoginForm Page Authentication]]>
            </line>
          </reporter-output>
        </test-method> <!-- verifyLoginCredentials -->
        <test-method is-config="true" signature="afterMethod()[pri:0, instance:herokuapp.pagestest.FT16_LoginFormTest@702657cc]" started-at="2026-01-21T18:49:01 IST" name="afterMethod" finished-at="2026-01-21T18:49:02 IST" duration-ms="1091" status="PASS">
          <reporter-output>
            <line>
              <![CDATA[Browser is closing]]>
            </line>
          </reporter-output>
        </test-method> <!-- afterMethod -->
        <test-method is-config="true" signature="beforeMethod(java.lang.String)[pri:0, instance:herokuapp.pagestest.FT16_LoginFormTest@702657cc]" started-at="2026-01-21T18:49:02 IST" name="beforeMethod" finished-at="2026-01-21T18:49:18 IST" duration-ms="15842" status="PASS">
          <params>
            <param index="0">
              <value>
                <![CDATA[firefox]]>
              </value>
            </param>
          </params>
          <reporter-output>
            <line>
              <![CDATA[Browser is opening]]>
            </line>
            <line>
              <![CDATA[login test started]]>
            </line>
            <line>
              <![CDATA[firefox]]>
            </line>
          </reporter-output>
        </test-method> <!-- beforeMethod -->
        <test-method signature="verifyLoginCredentials(java.lang.String,java.lang.String,boolean)[pri:0, instance:herokuapp.pagestest.FT16_LoginFormTest@702657cc]" started-at="2026-01-21T18:49:18 IST" name="verifyLoginCredentials" data-provider="LoginForm" finished-at="2026-01-21T18:49:20 IST" duration-ms="2035" status="PASS">
          <params>
            <param index="0">
              <value>
                <![CDATA[]]>
              </value>
            </param>
            <param index="1">
              <value>
                <![CDATA[]]>
              </value>
            </param>
            <param index="2">
              <value>
                <![CDATA[false]]>
              </value>
            </param>
          </params>
          <reporter-output>
            <line>
              <![CDATA[Initialization of LoginForm Page Authentication]]>
            </line>
          </reporter-output>
        </test-method> <!-- verifyLoginCredentials -->
        <test-method is-config="true" signature="afterMethod()[pri:0, instance:herokuapp.pagestest.FT16_LoginFormTest@702657cc]" started-at="2026-01-21T18:49:20 IST" name="afterMethod" finished-at="2026-01-21T18:49:21 IST" duration-ms="903" status="PASS">
          <reporter-output>
            <line>
              <![CDATA[Browser is closing]]>
            </line>
          </reporter-output>
        </test-method> <!-- afterMethod -->
        <test-method is-config="true" signature="afterClass()[pri:0, instance:herokuapp.pagestest.FT16_LoginFormTest@702657cc]" started-at="2026-01-21T18:49:21 IST" name="afterClass" finished-at="2026-01-21T18:49:21 IST" duration-ms="0" status="PASS">
          <reporter-output>
          </reporter-output>
        </test-method> <!-- afterClass -->
      </class> <!-- herokuapp.pagestest.FT16_LoginFormTest -->
      <class name="herokuapp.pagestest.FT12_TyposTest">
        <test-method is-config="true" signature="beforeClass()[pri:0, instance:herokuapp.pagestest.FT12_TyposTest@3c41ed1d]" started-at="2026-01-21T18:46:54 IST" name="beforeClass" finished-at="2026-01-21T18:46:54 IST" duration-ms="0" status="PASS">
          <reporter-output>
          </reporter-output>
        </test-method> <!-- beforeClass -->
        <test-method is-config="true" signature="beforeMethod(java.lang.String)[pri:0, instance:herokuapp.pagestest.FT12_TyposTest@3c41ed1d]" started-at="2026-01-21T18:46:54 IST" name="beforeMethod" finished-at="2026-01-21T18:47:01 IST" duration-ms="6920" status="PASS">
          <params>
            <param index="0">
              <value>
                <![CDATA[firefox]]>
              </value>
            </param>
          </params>
          <reporter-output>
            <line>
              <![CDATA[Browser is opening]]>
            </line>
            <line>
              <![CDATA[login test started]]>
            </line>
            <line>
              <![CDATA[firefox]]>
            </line>
          </reporter-output>
        </test-method> <!-- beforeMethod -->
        <test-method signature="verifyNoTypoInParagraph()[pri:0, instance:herokuapp.pagestest.FT12_TyposTest@3c41ed1d]" started-at="2026-01-21T18:47:01 IST" name="verifyNoTypoInParagraph" finished-at="2026-01-21T18:47:01 IST" duration-ms="582" status="PASS">
          <reporter-output>
            <line>
              <![CDATA[Initializing TyposPage]]>
            </line>
          </reporter-output>
        </test-method> <!-- verifyNoTypoInParagraph -->
        <test-method is-config="true" signature="afterMethod()[pri:0, instance:herokuapp.pagestest.FT12_TyposTest@3c41ed1d]" started-at="2026-01-21T18:47:01 IST" name="afterMethod" finished-at="2026-01-21T18:47:02 IST" duration-ms="1059" status="PASS">
          <reporter-output>
            <line>
              <![CDATA[Browser is closing]]>
            </line>
          </reporter-output>
        </test-method> <!-- afterMethod -->
        <test-method is-config="true" signature="afterClass()[pri:0, instance:herokuapp.pagestest.FT12_TyposTest@3c41ed1d]" started-at="2026-01-21T18:47:02 IST" name="afterClass" finished-at="2026-01-21T18:47:02 IST" duration-ms="0" status="PASS">
          <reporter-output>
          </reporter-output>
        </test-method> <!-- afterClass -->
      </class> <!-- herokuapp.pagestest.FT12_TyposTest -->
      <class name="herokuapp.pagestest.FT18_HoversTest">
        <test-method is-config="true" signature="beforeClass()[pri:0, instance:herokuapp.pagestest.FT18_HoversTest@40a4337a]" started-at="2026-01-21T18:49:39 IST" name="beforeClass" finished-at="2026-01-21T18:49:39 IST" duration-ms="0" status="PASS">
          <reporter-output>
          </reporter-output>
        </test-method> <!-- beforeClass -->
        <test-method is-config="true" signature="beforeMethod(java.lang.String)[pri:0, instance:herokuapp.pagestest.FT18_HoversTest@40a4337a]" started-at="2026-01-21T18:49:39 IST" name="beforeMethod" finished-at="2026-01-21T18:49:47 IST" duration-ms="8414" status="PASS">
          <params>
            <param index="0">
              <value>
                <![CDATA[firefox]]>
              </value>
            </param>
          </params>
          <reporter-output>
            <line>
              <![CDATA[Browser is opening]]>
            </line>
            <line>
              <![CDATA[login test started]]>
            </line>
            <line>
              <![CDATA[firefox]]>
            </line>
          </reporter-output>
        </test-method> <!-- beforeMethod -->
        <test-method signature="verifyHoverUserProfile()[pri:0, instance:herokuapp.pagestest.FT18_HoversTest@40a4337a]" started-at="2026-01-21T18:49:47 IST" name="verifyHoverUserProfile" finished-at="2026-01-21T18:49:48 IST" duration-ms="1304" status="PASS">
          <reporter-output>
            <line>
              <![CDATA[Initializing HoversPage]]>
            </line>
            <line>
              <![CDATA[Hovering over user index: 0]]>
            </line>
            <line>
              <![CDATA[Hovering over user index: 1]]>
            </line>
            <line>
              <![CDATA[Hovering over user index: 2]]>
            </line>
          </reporter-output>
        </test-method> <!-- verifyHoverUserProfile -->
        <test-method is-config="true" signature="afterMethod()[pri:0, instance:herokuapp.pagestest.FT18_HoversTest@40a4337a]" started-at="2026-01-21T18:49:48 IST" name="afterMethod" finished-at="2026-01-21T18:49:49 IST" duration-ms="961" status="PASS">
          <reporter-output>
            <line>
              <![CDATA[Browser is closing]]>
            </line>
          </reporter-output>
        </test-method> <!-- afterMethod -->
        <test-method is-config="true" signature="beforeMethod(java.lang.String)[pri:0, instance:herokuapp.pagestest.FT18_HoversTest@40a4337a]" started-at="2026-01-21T18:49:49 IST" name="beforeMethod" finished-at="2026-01-21T18:49:56 IST" duration-ms="7174" status="PASS">
          <params>
            <param index="0">
              <value>
                <![CDATA[firefox]]>
              </value>
            </param>
          </params>
          <reporter-output>
            <line>
              <![CDATA[Browser is opening]]>
            </line>
            <line>
              <![CDATA[login test started]]>
            </line>
            <line>
              <![CDATA[firefox]]>
            </line>
          </reporter-output>
        </test-method> <!-- beforeMethod -->
        <test-method signature="verifyPageLoadsUnder3Seconds()[pri:0, instance:herokuapp.pagestest.FT18_HoversTest@40a4337a]" started-at="2026-01-21T18:49:56 IST" name="verifyPageLoadsUnder3Seconds" finished-at="2026-01-21T18:49:57 IST" duration-ms="703" status="PASS">
          <reporter-output>
            <line>
              <![CDATA[Initializing PerformancePage]]>
            </line>
          </reporter-output>
        </test-method> <!-- verifyPageLoadsUnder3Seconds -->
        <test-method is-config="true" signature="afterMethod()[pri:0, instance:herokuapp.pagestest.FT18_HoversTest@40a4337a]" started-at="2026-01-21T18:49:57 IST" name="afterMethod" finished-at="2026-01-21T18:49:58 IST" duration-ms="1210" status="PASS">
          <reporter-output>
            <line>
              <![CDATA[Browser is closing]]>
            </line>
          </reporter-output>
        </test-method> <!-- afterMethod -->
        <test-method is-config="true" signature="afterClass()[pri:0, instance:herokuapp.pagestest.FT18_HoversTest@40a4337a]" started-at="2026-01-21T18:49:58 IST" name="afterClass" finished-at="2026-01-21T18:49:58 IST" duration-ms="0" status="PASS">
          <reporter-output>
          </reporter-output>
        </test-method> <!-- afterClass -->
      </class> <!-- herokuapp.pagestest.FT18_HoversTest -->
      <class name="herokuapp.pagestest.FT13_FileUploadTest">
        <test-method is-config="true" signature="beforeClass()[pri:0, instance:herokuapp.pagestest.FT13_FileUploadTest@54d9d12d]" started-at="2026-01-21T18:47:02 IST" name="beforeClass" finished-at="2026-01-21T18:47:02 IST" duration-ms="0" status="PASS">
          <reporter-output>
          </reporter-output>
        </test-method> <!-- beforeClass -->
        <test-method is-config="true" signature="beforeMethod(java.lang.String)[pri:0, instance:herokuapp.pagestest.FT13_FileUploadTest@54d9d12d]" started-at="2026-01-21T18:47:02 IST" name="beforeMethod" finished-at="2026-01-21T18:47:10 IST" duration-ms="7416" status="PASS">
          <params>
            <param index="0">
              <value>
                <![CDATA[firefox]]>
              </value>
            </param>
          </params>
          <reporter-output>
            <line>
              <![CDATA[Browser is opening]]>
            </line>
            <line>
              <![CDATA[login test started]]>
            </line>
            <line>
              <![CDATA[firefox]]>
            </line>
          </reporter-output>
        </test-method> <!-- beforeMethod -->
        <test-method signature="verifyFileUpload()[pri:0, instance:herokuapp.pagestest.FT13_FileUploadTest@54d9d12d]" started-at="2026-01-21T18:47:10 IST" name="verifyFileUpload" finished-at="2026-01-21T18:47:11 IST" duration-ms="1215" status="PASS">
          <reporter-output>
            <line>
              <![CDATA[Initializing FileUploadPage]]>
            </line>
            <line>
              <![CDATA[Uploading file: C:\Projects\Sample.txt.txt]]>
            </line>
            <line>
              <![CDATA[Clicking Upload button]]>
            </line>
            <line>
              <![CDATA[Uploaded file name: Sample.txt.txt]]>
            </line>
          </reporter-output>
[...]
            <line>
              <![CDATA[login test started]]>
            </line>
            <line>
              <![CDATA[firefox]]>
            </line>
          </reporter-output>
        </test-method> <!-- beforeMethod -->
        <test-method signature="verifyInfiniteScrollLoadsMoreContent()[pri:0, instance:herokuapp.pagestest.FT19_InfiniteScrollTest@6025e1b6]" started-at="2026-01-21T18:50:06 IST" name="verifyInfiniteScrollLoadsMoreContent" finished-at="2026-01-21T18:50:11 IST" duration-ms="4854" status="PASS">
          <reporter-output>
            <line>
              <![CDATA[Initializing InfiniteScrollPage]]>
            </line>
            <line>
              <![CDATA[Scrolling down the page]]>
            </line>
            <line>
              <![CDATA[Scrolling down the page]]>
            </line>
            <line>
              <![CDATA[Scrolling down the page]]>
            </line>
            <line>
              <![CDATA[Scrolling down the page]]>
            </line>
          </reporter-output>
        </test-method> <!-- verifyInfiniteScrollLoadsMoreContent -->
        <test-method is-config="true" signature="afterMethod()[pri:0, instance:herokuapp.pagestest.FT19_InfiniteScrollTest@6025e1b6]" started-at="2026-01-21T18:50:11 IST" name="afterMethod" finished-at="2026-01-21T18:50:12 IST" duration-ms="1022" status="PASS">
          <reporter-output>
            <line>
              <![CDATA[Browser is closing]]>
            </line>
          </reporter-output>
        </test-method> <!-- afterMethod -->
        <test-method is-config="true" signature="afterClass()[pri:0, instance:herokuapp.pagestest.FT19_InfiniteScrollTest@6025e1b6]" started-at="2026-01-21T18:50:12 IST" name="afterClass" finished-at="2026-01-21T18:50:12 IST" duration-ms="0" status="PASS">
          <reporter-output>
          </reporter-output>
        </test-method> <!-- afterClass -->
      </class> <!-- herokuapp.pagestest.FT19_InfiniteScrollTest -->
      <class name="herokuapp.pagestest.FT14_FileDownloadTest">
        <test-method is-config="true" signature="beforeClass()[pri:0, instance:herokuapp.pagestest.FT14_FileDownloadTest@38425407]" started-at="2026-01-21T18:47:23 IST" name="beforeClass" finished-at="2026-01-21T18:47:23 IST" duration-ms="0" status="PASS">
          <reporter-output>
          </reporter-output>
        </test-method> <!-- beforeClass -->
        <test-method is-config="true" signature="beforeMethod(java.lang.String)[pri:0, instance:herokuapp.pagestest.FT14_FileDownloadTest@38425407]" started-at="2026-01-21T18:47:23 IST" name="beforeMethod" finished-at="2026-01-21T18:47:31 IST" duration-ms="7249" status="PASS">
          <params>
            <param index="0">
              <value>
                <![CDATA[firefox]]>
              </value>
            </param>
          </params>
          <reporter-output>
            <line>
              <![CDATA[Browser is opening]]>
            </line>
            <line>
              <![CDATA[login test started]]>
            </line>
            <line>
              <![CDATA[firefox]]>
            </line>
          </reporter-output>
        </test-method> <!-- beforeMethod -->
        <test-method signature="verifyFileDownloadLink()[pri:0, instance:herokuapp.pagestest.FT14_FileDownloadTest@38425407]" started-at="2026-01-21T18:47:31 IST" name="verifyFileDownloadLink" finished-at="2026-01-21T18:47:36 IST" duration-ms="5651" status="PASS">
          <reporter-output>
            <line>
              <![CDATA[Initializing FileDownloadPage]]>
            </line>
            <line>
              <![CDATA[Download link: https://the-internet.herokuapp.com/download/some-file.txt]]>
            </line>
            <line>
              <![CDATA[Clicking file download link]]>
            </line>
          </reporter-output>
        </test-method> <!-- verifyFileDownloadLink -->
        <test-method is-config="true" signature="afterMethod()[pri:0, instance:herokuapp.pagestest.FT14_FileDownloadTest@38425407]" started-at="2026-01-21T18:47:36 IST" name="afterMethod" finished-at="2026-01-21T18:47:37 IST" duration-ms="1049" status="PASS">
          <reporter-output>
            <line>
              <![CDATA[Browser is closing]]>
            </line>
          </reporter-output>
        </test-method> <!-- afterMethod -->
        <test-method is-config="true" signature="beforeMethod(java.lang.String)[pri:0, instance:herokuapp.pagestest.FT14_FileDownloadTest@38425407]" started-at="2026-01-21T18:47:37 IST" name="beforeMethod" finished-at="2026-01-21T18:47:50 IST" duration-ms="13058" status="PASS">
          <params>
            <param index="0">
              <value>
                <![CDATA[firefox]]>
              </value>
            </param>
          </params>
          <reporter-output>
            <line>
              <![CDATA[Browser is opening]]>
            </line>
            <line>
              <![CDATA[login test started]]>
            </line>
            <line>
              <![CDATA[firefox]]>
            </line>
          </reporter-output>
        </test-method> <!-- beforeMethod -->
        <test-method signature="verifyPageLoadsUnder3Seconds()[pri:0, instance:herokuapp.pagestest.FT14_FileDownloadTest@38425407]" started-at="2026-01-21T18:47:50 IST" name="verifyPageLoadsUnder3Seconds" finished-at="2026-01-21T18:47:51 IST" duration-ms="397" status="PASS">
          <reporter-output>
            <line>
              <![CDATA[Initializing PerformancePage]]>
            </line>
          </reporter-output>
        </test-method> <!-- verifyPageLoadsUnder3Seconds -->
        <test-method is-config="true" signature="afterMethod()[pri:0, instance:herokuapp.pagestest.FT14_FileDownloadTest@38425407]" started-at="2026-01-21T18:47:51 IST" name="afterMethod" finished-at="2026-01-21T18:47:52 IST" duration-ms="889" status="PASS">
          <reporter-output>
            <line>
              <![CDATA[Browser is closing]]>
            </line>
          </reporter-output>
        </test-method> <!-- afterMethod -->
        <test-method is-config="true" signature="afterClass()[pri:0, instance:herokuapp.pagestest.FT14_FileDownloadTest@38425407]" started-at="2026-01-21T18:47:52 IST" name="afterClass" finished-at="2026-01-21T18:47:52 IST" duration-ms="0" status="PASS">
          <reporter-output>
          </reporter-output>
        </test-method> <!-- afterClass -->
      </class> <!-- herokuapp.pagestest.FT14_FileDownloadTest -->
      <class name="herokuapp.pagestest.FT20_StatusCodesTest">
        <test-method is-config="true" signature="beforeClass()[pri:0, instance:herokuapp.pagestest.FT20_StatusCodesTest@22ff4249]" started-at="2026-01-21T18:50:12 IST" name="beforeClass" finished-at="2026-01-21T18:50:12 IST" duration-ms="0" status="PASS">
          <reporter-output>
          </reporter-output>
        </test-method> <!-- beforeClass -->
        <test-method is-config="true" signature="beforeMethod(java.lang.String)[pri:0, instance:herokuapp.pagestest.FT20_StatusCodesTest@22ff4249]" started-at="2026-01-21T18:50:12 IST" name="beforeMethod" finished-at="2026-01-21T18:50:23 IST" duration-ms="11381" status="PASS">
          <params>
            <param index="0">
              <value>
                <![CDATA[firefox]]>
              </value>
            </param>
          </params>
          <reporter-output>
            <line>
              <![CDATA[Browser is opening]]>
            </line>
            <line>
              <![CDATA[login test started]]>
            </line>
            <line>
              <![CDATA[firefox]]>
            </line>
          </reporter-output>
        </test-method> <!-- beforeMethod -->
        <test-method signature="verifyPageLoadsUnder3Seconds()[pri:0, instance:herokuapp.pagestest.FT20_StatusCodesTest@22ff4249]" started-at="2026-01-21T18:50:23 IST" name="verifyPageLoadsUnder3Seconds" finished-at="2026-01-21T18:50:24 IST" duration-ms="426" status="PASS">
          <reporter-output>
            <line>
              <![CDATA[Initializing PerformancePage]]>
            </line>
          </reporter-output>
        </test-method> <!-- verifyPageLoadsUnder3Seconds -->
        <test-method is-config="true" signature="afterMethod()[pri:0, instance:herokuapp.pagestest.FT20_StatusCodesTest@22ff4249]" started-at="2026-01-21T18:50:24 IST" name="afterMethod" finished-at="2026-01-21T18:50:25 IST" duration-ms="1787" status="PASS">
          <reporter-output>
            <line>
              <![CDATA[Browser is closing]]>
            </line>
          </reporter-output>
        </test-method> <!-- afterMethod -->
        <test-method is-config="true" signature="beforeMethod(java.lang.String)[pri:0, instance:herokuapp.pagestest.FT20_StatusCodesTest@22ff4249]" started-at="2026-01-21T18:50:25 IST" name="beforeMethod" finished-at="2026-01-21T18:50:39 IST" duration-ms="13636" status="PASS">
          <params>
            <param index="0">
              <value>
                <![CDATA[firefox]]>
              </value>
            </param>
          </params>
          <reporter-output>
            <line>
              <![CDATA[Browser is opening]]>
            </line>
            <line>
              <![CDATA[login test started]]>
            </line>
            <line>
              <![CDATA[firefox]]>
            </line>
          </reporter-output>
        </test-method> <!-- beforeMethod -->
        <test-method signature="verifyStatusCodeMessage(java.lang.String)[pri:0, instance:herokuapp.pagestest.FT20_StatusCodesTest@22ff4249]" started-at="2026-01-21T18:50:39 IST" name="verifyStatusCodeMessage" data-provider="StatusCode" finished-at="2026-01-21T18:50:40 IST" duration-ms="989" status="PASS">
          <params>
            <param index="0">
              <value>
                <![CDATA[200]]>
              </value>
            </param>
          </params>
          <reporter-output>
            <line>
              <![CDATA[Initializing StatusCodesPage]]>
            </line>
            <line>
              <![CDATA[Clicking Status Code: 200]]>
            </line>
          </reporter-output>
        </test-method> <!-- verifyStatusCodeMessage -->
        <test-method is-config="true" signature="afterMethod()[pri:0, instance:herokuapp.pagestest.FT20_StatusCodesTest@22ff4249]" started-at="2026-01-21T18:50:40 IST" name="afterMethod" finished-at="2026-01-21T18:50:41 IST" duration-ms="965" status="PASS">
          <reporter-output>
            <line>
              <![CDATA[Browser is closing]]>
            </line>
          </reporter-output>
        </test-method> <!-- afterMethod -->
        <test-method is-config="true" signature="beforeMethod(java.lang.String)[pri:0, instance:herokuapp.pagestest.FT20_StatusCodesTest@22ff4249]" started-at="2026-01-21T18:50:41 IST" name="beforeMethod" finished-at="2026-01-21T18:50:48 IST" duration-ms="7180" status="PASS">
          <params>
            <param index="0">
              <value>
                <![CDATA[firefox]]>
              </value>
            </param>
          </params>
          <reporter-output>
            <line>
              <![CDATA[Browser is opening]]>
            </line>
            <line>
              <![CDATA[login test started]]>
            </line>
            <line>
              <![CDATA[firefox]]>
            </line>
          </reporter-output>
        </test-method> <!-- beforeMethod -->
        <test-method signature="verifyStatusCodeMessage(java.lang.String)[pri:0, instance:herokuapp.pagestest.FT20_StatusCodesTest@22ff4249]" started-at="2026-01-21T18:50:48 IST" name="verifyStatusCodeMessage" data-provider="StatusCode" finished-at="2026-01-21T18:50:49 IST" duration-ms="1060" status="PASS">
          <params>
            <param index="0">
              <value>
                <![CDATA[301]]>
              </value>
            </param>
          </params>
          <reporter-output>
            <line>
              <![CDATA[Initializing StatusCodesPage]]>
            </line>
            <line>
              <![CDATA[Clicking Status Code: 301]]>
            </line>
          </reporter-output>
        </test-method> <!-- verifyStatusCodeMessage -->
        <test-method is-config="true" signature="afterMethod()[pri:0, instance:herokuapp.pagestest.FT20_StatusCodesTest@22ff4249]" started-at="2026-01-21T18:50:49 IST" name="afterMethod" finished-at="2026-01-21T18:50:50 IST" duration-ms="1155" status="PASS">
          <reporter-output>
            <line>
              <![CDATA[Browser is closing]]>
            </line>
          </reporter-output>
        </test-method> <!-- afterMethod -->
        <test-method is-config="true" signature="beforeMethod(java.lang.String)[pri:0, instance:herokuapp.pagestest.FT20_StatusCodesTest@22ff4249]" started-at="2026-01-21T18:50:50 IST" name="beforeMethod" finished-at="2026-01-21T18:52:51 IST" duration-ms="120699" status="PASS">
          <params>
            <param index="0">
              <value>
                <![CDATA[firefox]]>
              </value>
            </param>
          </params>
          <reporter-output>
            <line>
              <![CDATA[Browser is opening]]>
            </line>
            <line>
              <![CDATA[login test started]]>
            </line>
            <line>
              <![CDATA[firefox]]>
            </line>
          </reporter-output>
        </test-method> <!-- beforeMethod -->
        <test-method signature="verifyStatusCodeMessage(java.lang.String)[pri:0, instance:herokuapp.pagestest.FT20_StatusCodesTest@22ff4249]" started-at="2026-01-21T18:52:51 IST" name="verifyStatusCodeMessage" data-provider="StatusCode" finished-at="2026-01-21T18:52:52 IST" duration-ms="992" status="PASS">
          <params>
            <param index="0">
              <value>
                <![CDATA[404]]>
              </value>
            </param>
          </params>
          <reporter-output>
            <line>
              <![CDATA[Initializing StatusCodesPage]]>
            </line>
            <line>
              <![CDATA[Clicking Status Code: 404]]>
            </line>
          </reporter-output>
        </test-method> <!-- verifyStatusCodeMessage -->
        <test-method is-config="true" signature="afterMethod()[pri:0, instance:herokuapp.pagestest.FT20_StatusCodesTest@22ff4249]" started-at="2026-01-21T18:52:52 IST" name="afterMethod" finished-at="2026-01-21T18:52:53 IST" duration-ms="934" status="PASS">
          <reporter-output>
            <line>
              <![CDATA[Browser is closing]]>
            </line>
          </reporter-output>
        </test-method> <!-- afterMethod -->
        <test-method is-config="true" signature="beforeMethod(java.lang.String)[pri:0, instance:herokuapp.pagestest.FT20_StatusCodesTest@22ff4249]" started-at="2026-01-21T18:52:53 IST" name="beforeMethod" finished-at="2026-01-21T18:53:09 IST" duration-ms="16331" status="PASS">
          <params>
            <param index="0">
              <value>
                <![CDATA[firefox]]>
              </value>
            </param>
          </params>
          <reporter-output>
            <line>
              <![CDATA[Browser is opening]]>
            </line>
            <line>
              <![CDATA[login test started]]>
            </line>
            <line>
              <![CDATA[firefox]]>
            </line>
          </reporter-output>
        </test-method> <!-- beforeMethod -->
        <test-method signature="verifyStatusCodeMessage(java.lang.String)[pri:0, instance:herokuapp.pagestest.FT20_StatusCodesTest@22ff4249]" started-at="2026-01-21T18:53:09 IST" name="verifyStatusCodeMessage" data-provider="StatusCode" finished-at="2026-01-21T18:53:10 IST" duration-ms="992" status="PASS">
          <params>
            <param index="0">
              <value>
                <![CDATA[500]]>
              </value>
            </param>
          </params>
          <reporter-output>
            <line>
              <![CDATA[Initializing StatusCodesPage]]>
            </line>
            <line>
              <![CDATA[Clicking Status Code: 500]]>
            </line>
          </reporter-output>
        </test-method> <!-- verifyStatusCodeMessage -->
        <test-method is-config="true" signature="afterMethod()[pri:0, instance:herokuapp.pagestest.FT20_StatusCodesTest@22ff4249]" started-at="2026-01-21T18:53:10 IST" name="afterMethod" finished-at="2026-01-21T18:53:11 IST" duration-ms="1033" status="PASS">
          <reporter-output>
            <line>
              <![CDATA[Browser is closing]]>
            </line>
          </reporter-output>
        </test-method> <!-- afterMethod -->
        <test-method is-config="true" signature="afterClass()[pri:0, instance:herokuapp.pagestest.FT20_StatusCodesTest@22ff4249]" started-at="2026-01-21T18:53:11 IST" name="afterClass" finished-at="2026-01-21T18:53:11 IST" duration-ms="0" status="PASS">
          <reporter-output>
          </reporter-output>
        </test-method> <!-- afterClass -->
      </class> <!-- herokuapp.pagestest.FT20_StatusCodesTest -->
      <class name="herokuapp.pagestest.FT17_HorizontalSliderTest">
        <test-method is-config="true" signature="beforeMethod(java.lang.String)[pri:0, instance:herokuapp.pagestest.FT17_HorizontalSliderTest@6a6cb05c]" started-at="2026-01-21T18:49:21 IST" name="beforeMethod" finished-at="2026-01-21T18:49:36 IST" duration-ms="15284" status="PASS">
          <params>
            <param index="0">
              <value>
                <![CDATA[firefox]]>
              </value>
            </param>
          </params>
          <reporter-output>
            <line>
              <![CDATA[Browser is opening]]>
            </line>
            <line>
              <![CDATA[login test started]]>
            </line>
            <line>
              <![CDATA[firefox]]>
            </line>
          </reporter-output>
        </test-method> <!-- beforeMethod -->
        <test-method is-config="true" signature="beforeClass()[pri:0, instance:herokuapp.pagestest.FT17_HorizontalSliderTest@6a6cb05c]" started-at="2026-01-21T18:49:21 IST" name="beforeClass" finished-at="2026-01-21T18:49:21 IST" duration-ms="0" status="PASS">
          <reporter-output>
          </reporter-output>
        </test-method> <!-- beforeClass -->
        <test-method signature="verifySliderMovesUsingActions()[pri:0, instance:herokuapp.pagestest.FT17_HorizontalSliderTest@6a6cb05c]" started-at="2026-01-21T18:49:36 IST" name="verifySliderMovesUsingActions" finished-at="2026-01-21T18:49:38 IST" duration-ms="1066" status="PASS">
          <reporter-output>
            <line>
              <![CDATA[Initializing HorizontalSliderPage]]>
            </line>
            <line>
              <![CDATA[Moving slider to value (via Actions): 5]]>
            </line>
            <line>
              <![CDATA[Moved slider using Actions successfully]]>
            </line>
          </reporter-output>
        </test-method> <!-- verifySliderMovesUsingActions -->
        <test-method is-config="true" signature="afterMethod()[pri:0, instance:herokuapp.pagestest.FT17_HorizontalSliderTest@6a6cb05c]" started-at="2026-01-21T18:49:38 IST" name="afterMethod" finished-at="2026-01-21T18:49:39 IST" duration-ms="1072" status="PASS">
          <reporter-output>
            <line>
              <![CDATA[Browser is closing]]>
            </line>
          </reporter-output>
        </test-method> <!-- afterMethod -->
        <test-method is-config="true" signature="afterClass()[pri:0, instance:herokuapp.pagestest.FT17_HorizontalSliderTest@6a6cb05c]" started-at="2026-01-21T18:49:39 IST" name="afterClass" finished-at="2026-01-21T18:49:39 IST" duration-ms="0" status="PASS">
          <reporter-output>
          </reporter-output>
        </test-method> <!-- afterClass -->
      </class> <!-- herokuapp.pagestest.FT17_HorizontalSliderTest -->
    </test> <!-- heroku Firefox test -->
  </suite> <!-- herokuapp Suite -->
</testng-results>
