<?xml version="1.0" encoding="UTF-8"?>
<!-- Generated by org.testng.reporters.JUnitXMLReporter -->
<testsuite ignored="0" hostname="DESKTOP-NACMCLL" failures="0" tests="20" name="heroku Firefox test" time="344.564" errors="0" timestamp="2026-01-19T18:51:59 IST">
  <testcase classname="herokuapp.pagestest.FT11_EntryAdTest" name="verifyEntryAdPopup" time="1.321"/>
  <testcase classname="herokuapp.pagestest.FT12_TyposTest" name="verifyNoTypoInParagraph" time="0.82"/>
  <testcase classname="herokuapp.pagestest.FT13_FileUploadTest" name="verifyFileUpload" time="1.511"/>
  <testcase classname="herokuapp.pagestest.FT13_FileUploadTest" name="verifyPageLoadsUnder3Seconds" time="0.771"/>
  <testcase classname="herokuapp.pagestest.FT14_FileDownloadTest" name="verifyFileDownloadLink" time="5.83"/>
  <testcase classname="herokuapp.pagestest.FT14_FileDownloadTest" name="verifyPageLoadsUnder3Seconds" time="0.544"/>
  <testcase classname="herokuapp.pagestest.FT15_FloatingMenuTest" name="verifyFloatingMenuStaysVisible" time="1.221"/>
  <testcase classname="herokuapp.pagestest.FT16_LoginFormTest" name="verifyLoginCredentials" time="2.927"/>
  <testcase classname="herokuapp.pagestest.FT16_LoginFormTest" name="verifyLoginCredentials" time="1.957"/>
  <testcase classname="herokuapp.pagestest.FT16_LoginFormTest" name="verifyLoginCredentials" time="2.112"/>
  <testcase classname="herokuapp.pagestest.FT16_LoginFormTest" name="verifyLoginCredentials" time="2.023"/>
  <testcase classname="herokuapp.pagestest.FT17_HorizontalSliderTest" name="verifySliderMovesUsingActions" time="1.432"/>
  <testcase classname="herokuapp.pagestest.FT18_HoversTest" name="verifyHoverUserProfile" time="1.698"/>
  <testcase classname="herokuapp.pagestest.FT18_HoversTest" name="verifyPageLoadsUnder3Seconds" time="0.824"/>
  <testcase classname="herokuapp.pagestest.FT19_InfiniteScrollTest" name="verifyInfiniteScrollLoadsMoreContent" time="5.155"/>
  <testcase classname="herokuapp.pagestest.FT20_StatusCodesTest" name="verifyPageLoadsUnder3Seconds" time="0.525"/>
  <testcase classname="herokuapp.pagestest.FT20_StatusCodesTest" name="verifyStatusCodeMessage" time="1.482"/>
  <testcase classname="herokuapp.pagestest.FT20_StatusCodesTest" name="verifyStatusCodeMessage" time="1.443"/>
  <testcase classname="herokuapp.pagestest.FT20_StatusCodesTest" name="verifyStatusCodeMessage" time="1.58"/>
  <testcase classname="herokuapp.pagestest.FT20_StatusCodesTest" name="verifyStatusCodeMessage" time="1.612"/>
</testsuite> <!-- heroku Firefox test -->
