<?xml version="1.0" encoding="UTF-8"?>
<!-- Generated by org.testng.reporters.JUnitXMLReporter -->
<testsuite ignored="0" hostname="DESKTOP-NACMCLL" failures="0" tests="20" name="heroku Firefox test" time="387.524" errors="0" timestamp="2026-01-21T18:53:11 IST">
  <testcase classname="herokuapp.pagestest.FT11_EntryAdTest" name="verifyEntryAdPopup" time="1.08"/>
  <testcase classname="herokuapp.pagestest.FT12_TyposTest" name="verifyNoTypoInParagraph" time="0.582"/>
  <testcase classname="herokuapp.pagestest.FT13_FileUploadTest" name="verifyFileUpload" time="1.215"/>
  <testcase classname="herokuapp.pagestest.FT13_FileUploadTest" name="verifyPageLoadsUnder3Seconds" time="0.701"/>
  <testcase classname="herokuapp.pagestest.FT14_FileDownloadTest" name="verifyFileDownloadLink" time="5.651"/>
  <testcase classname="herokuapp.pagestest.FT14_FileDownloadTest" name="verifyPageLoadsUnder3Seconds" time="0.397"/>
  <testcase classname="herokuapp.pagestest.FT15_FloatingMenuTest" name="verifyFloatingMenuStaysVisible" time="1.2"/>
  <testcase classname="herokuapp.pagestest.FT16_LoginFormTest" name="verifyLoginCredentials" time="4.291"/>
  <testcase classname="herokuapp.pagestest.FT16_LoginFormTest" name="verifyLoginCredentials" time="2.292"/>
  <testcase classname="herokuapp.pagestest.FT16_LoginFormTest" name="verifyLoginCredentials" time="1.754"/>
  <testcase classname="herokuapp.pagestest.FT16_LoginFormTest" name="verifyLoginCredentials" time="2.035"/>
  <testcase classname="herokuapp.pagestest.FT17_HorizontalSliderTest" name="verifySliderMovesUsingActions" time="1.066"/>
  <testcase classname="herokuapp.pagestest.FT18_HoversTest" name="verifyHoverUserProfile" time="1.304"/>
  <testcase classname="herokuapp.pagestest.FT18_HoversTest" name="verifyPageLoadsUnder3Seconds" time="0.703"/>
  <testcase classname="herokuapp.pagestest.FT19_InfiniteScrollTest" name="verifyInfiniteScrollLoadsMoreContent" time="4.854"/>
  <testcase classname="herokuapp.pagestest.FT20_StatusCodesTest" name="verifyPageLoadsUnder3Seconds" time="0.426"/>
  <testcase classname="herokuapp.pagestest.FT20_StatusCodesTest" name="verifyStatusCodeMessage" time="0.989"/>
  <testcase classname="herokuapp.pagestest.FT20_StatusCodesTest" name="verifyStatusCodeMessage" time="1.06"/>
  <testcase classname="herokuapp.pagestest.FT20_StatusCodesTest" name="verifyStatusCodeMessage" time="0.992"/>
  <testcase classname="herokuapp.pagestest.FT20_StatusCodesTest" name="verifyStatusCodeMessage" time="0.992"/>
</testsuite> <!-- heroku Firefox test -->
