<?xml version="1.0" encoding="UTF-8"?>
<!-- Generated by org.testng.reporters.JUnitXMLReporter -->
<testsuite ignored="0" hostname="DESKTOP-NACMCLL" failures="1" tests="19" name="heroku chrome test" time="241.223" errors="0" timestamp="2026-01-19T18:46:15 IST">
  <testcase classname="herokuapp.pagestest.FT01_ABTestingTest" name="verifyHeadingText" time="0.652"/>
  <testcase classname="herokuapp.pagestest.FT01_ABTestingTest" name="verifyPageLoadsUnder3Seconds" time="0.411"/>
  <testcase classname="herokuapp.pagestest.FT02_AddRemoveTest" name="verifyAddRemoveTest" time="7.442"/>
  <testcase classname="herokuapp.pagestest.FT02_AddRemoveTest" name="verifyPageLoadsUnder3Seconds" time="0.412"/>
  <testcase classname="herokuapp.pagestest.FT03_BasicAuthTest" name="verifyBasicAuth" time="1.405"/>
  <testcase classname="herokuapp.pagestest.FT03_BasicAuthTest" name="verifyBasicAuth" time="1.229"/>
  <testcase classname="herokuapp.pagestest.FT03_BasicAuthTest" name="verifyBasicAuth" time="2.78"/>
  <testcase classname="herokuapp.pagestest.FT03_BasicAuthTest" name="verifyBasicAuth" time="1.248"/>
  <testcase classname="herokuapp.pagestest.FT03_BasicAuthTest" name="verifyPageLoadsUnder3Seconds" time="0.414"/>
  <testcase classname="herokuapp.pagestest.FT04_BrokenImageTest" name="verifyBrokenImages" time="1.005"/>
  <testcase classname="herokuapp.pagestest.FT04_BrokenImageTest" name="verifyPageLoadsUnder3Seconds" time="0.753"/>
  <testcase classname="herokuapp.pagestest.FT05_CheckBoxTest" name="verifyCheckBoxes" time="0.687"/>
  <testcase classname="herokuapp.pagestest.FT05_CheckBoxTest" name="verifyPageLoadsUnder3Seconds" time="0.427"/>
  <testcase classname="herokuapp.pagestest.FT06_ContextMenuTest" name="verifyContextMenuAlert" time="0.795"/>
  <testcase classname="herokuapp.pagestest.FT07_DragDropTest" name="verifyDragAndDrop" time="0.927"/>
  <testcase classname="herokuapp.pagestest.FT08_DropDownTest" name="verifyDropDown" time="1.304"/>
  <testcase classname="herokuapp.pagestest.FT08_DropDownTest" name="verifyPageLoadsUnder3Seconds" time="0.842"/>
  <testcase classname="herokuapp.pagestest.FT09_DynamicControlTest" name="verifyDynamicControls" time="3.037">
    <failure type="org.openqa.selenium.NoSuchElementException" message="no such element: Unable to locate element: {&amp;quot;method&amp;quot;:&amp;quot;link text&amp;quot;,&amp;quot;selector&amp;quot;:&amp;quot;Dynamic Controls&amp;quot;}
  (Session info: chrome=143.0.7499.193)
For documentation on this error, please visit: https://www.selenium.dev/documentation/webdriver/troubleshooting/errors#nosuchelementexception
Build info: version: &amp;apos;4.38.0&amp;apos;, revision: &amp;apos;6b412e825c*&amp;apos;
System info: os.name: &amp;apos;Windows 11&amp;apos;, os.arch: &amp;apos;amd64&amp;apos;, os.version: &amp;apos;10.0&amp;apos;, java.version: &amp;apos;21.0.7&amp;apos;
Driver info: org.openqa.selenium.chrome.ChromeDriver
Command: [96e1fc887a61684240e99f7aff27544d, findElement {value=Dynamic Controls, using=link text}]
Capabilities {acceptInsecureCerts: false, browserName: chrome, browserVersion: 143.0.7499.193, chrome: {chromedriverVersion: 143.0.7499.192 (be2c1f4fd45..., userDataDir: C:\Users\VIDHIY~1\AppData\L...}, fedcm:accounts: true, goog:chromeOptions: {debuggerAddress: localhost:65502}, goog:processID: 9728, networkConnectionEnabled: false, pageLoadStrategy: normal, platformName: windows, proxy: Proxy(), se:cdp: ws://localhost:65502/devtoo..., se:cdpVersion: 143.0.7499.193, setWindowRect: true, strictFileInteractability: false, timeouts: {implicit: 0, pageLoad: 300000, script: 30000}, unhandledPromptBehavior: dismiss and notify, webauthn:extension:credBlob: true, webauthn:extension:largeBlob: true, webauthn:extension:minPinLength: true, webauthn:extension:prf: true, webauthn:virtualAuthenticators: true}
Session ID: 96e1fc887a61684240e99f7aff27544d">
      <![CDATA[org.openqa.selenium.NoSuchElementException: no such element: Unable to locate element: {"method":"link text","selector":"Dynamic Controls"}
  (Session info: chrome=143.0.7499.193)
For documentation on this error, please visit: https://www.selenium.dev/documentation/webdriver/troubleshooting/errors#nosuchelementexception
Build info: version: '4.38.0', revision: '6b412e825c*'
System info: os.name: 'Windows 11', os.arch: 'amd64', os.version: '10.0', java.version: '21.0.7'
Driver info: org.openqa.selenium.chrome.ChromeDriver
Command: [96e1fc887a61684240e99f7aff27544d, findElement {value=Dynamic Controls, using=link text}]
Capabilities {acceptInsecureCerts: false, browserName: chrome, browserVersion: 143.0.7499.193, chrome: {chromedriverVersion: 143.0.7499.192 (be2c1f4fd45..., userDataDir: C:\Users\VIDHIY~1\AppData\L...}, fedcm:accounts: true, goog:chromeOptions: {debuggerAddress: localhost:65502}, goog:processID: 9728, networkConnectionEnabled: false, pageLoadStrategy: normal, platformName: windows, proxy: Proxy(), se:cdp: ws://localhost:65502/devtoo..., se:cdpVersion: 143.0.7499.193, setWindowRect: true, strictFileInteractability: false, timeouts: {implicit: 0, pageLoad: 300000, script: 30000}, unhandledPromptBehavior: dismiss and notify, webauthn:extension:credBlob: true, webauthn:extension:largeBlob: true, webauthn:extension:minPinLength: true, webauthn:extension:prf: true, webauthn:virtualAuthenticators: true}
Session ID: 96e1fc887a61684240e99f7aff27544d
at org.openqa.selenium.remote.ErrorCodec.decode(ErrorCodec.java:167)
at org.openqa.selenium.remote.codec.w3c.W3CHttpResponseCodec.decode(W3CHttpResponseCodec.java:138)
at org.openqa.selenium.remote.codec.w3c.W3CHttpResponseCodec.decode(W3CHttpResponseCodec.java:50)
at org.openqa.selenium.remote.HttpCommandExecutor.execute(HttpCommandExecutor.java:215)
at org.openqa.selenium.remote.service.DriverCommandExecutor.invokeExecute(DriverCommandExecutor.java:216)
at org.openqa.selenium.remote.service.DriverCommandExecutor.execute(DriverCommandExecutor.java:174)
at org.openqa.selenium.remote.RemoteWebDriver.execute(RemoteWebDriver.java:557)
at org.openqa.selenium.remote.ElementLocation$ElementFinder$2.findElement(ElementLocation.java:165)
at org.openqa.selenium.remote.ElementLocation.findElement(ElementLocation.java:59)
at org.openqa.selenium.remote.RemoteWebDriver.findElement(RemoteWebDriver.java:380)
at org.openqa.selenium.remote.RemoteWebDriver.findElement(RemoteWebDriver.java:374)
at herokuapp.pagestest.FT09_DynamicControlTest.verifyDynamicControls(FT09_DynamicControlTest.java:16)
at java.base/java.util.ArrayList.forEach(ArrayList.java:1596)
... Removed 32 stack frames]]>
    </failure>
  </testcase> <!-- verifyDynamicControls -->
  <testcase classname="herokuapp.pagestest.FT10_DynamicLoadingTest" name="verifyDynamicLoadingFlow" time="6.619"/>
</testsuite> <!-- heroku chrome test -->
