<?xml version="1.0" encoding="UTF-8"?>
<!-- Generated by org.testng.reporters.JUnitXMLReporter -->
<testsuite ignored="0" hostname="DESKTOP-NACMCLL" failures="0" tests="19" name="heroku chrome test" time="160.617" errors="0" timestamp="2026-01-21T18:46:44 IST">
  <testcase classname="herokuapp.pagestest.FT01_ABTestingTest" name="verifyHeadingText" time="0.896"/>
  <testcase classname="herokuapp.pagestest.FT01_ABTestingTest" name="verifyPageLoadsUnder3Seconds" time="0.367"/>
  <testcase classname="herokuapp.pagestest.FT02_AddRemoveTest" name="verifyAddRemoveTest" time="6.905"/>
  <testcase classname="herokuapp.pagestest.FT02_AddRemoveTest" name="verifyPageLoadsUnder3Seconds" time="0.367"/>
  <testcase classname="herokuapp.pagestest.FT03_BasicAuthTest" name="verifyBasicAuth" time="1.281"/>
  <testcase classname="herokuapp.pagestest.FT03_BasicAuthTest" name="verifyBasicAuth" time="1.155"/>
  <testcase classname="herokuapp.pagestest.FT03_BasicAuthTest" name="verifyBasicAuth" time="1.095"/>
  <testcase classname="herokuapp.pagestest.FT03_BasicAuthTest" name="verifyBasicAuth" time="1.122"/>
  <testcase classname="herokuapp.pagestest.FT03_BasicAuthTest" name="verifyPageLoadsUnder3Seconds" time="0.373"/>
  <testcase classname="herokuapp.pagestest.FT04_BrokenImageTest" name="verifyBrokenImages" time="0.811"/>
  <testcase classname="herokuapp.pagestest.FT04_BrokenImageTest" name="verifyPageLoadsUnder3Seconds" time="0.687"/>
  <testcase classname="herokuapp.pagestest.FT05_CheckBoxTest" name="verifyCheckBoxes" time="0.494"/>
  <testcase classname="herokuapp.pagestest.FT05_CheckBoxTest" name="verifyPageLoadsUnder3Seconds" time="0.369"/>
  <testcase classname="herokuapp.pagestest.FT06_ContextMenuTest" name="verifyContextMenuAlert" time="0.604"/>
  <testcase classname="herokuapp.pagestest.FT07_DragDropTest" name="verifyDragAndDrop" time="0.749"/>
  <testcase classname="herokuapp.pagestest.FT08_DropDownTest" name="verifyDropDown" time="0.803"/>
  <testcase classname="herokuapp.pagestest.FT08_DropDownTest" name="verifyPageLoadsUnder3Seconds" time="0.377"/>
  <testcase classname="herokuapp.pagestest.FT09_DynamicControlTest" name="verifyDynamicControls" time="19.271"/>
  <testcase classname="herokuapp.pagestest.FT10_DynamicLoadingTest" name="verifyDynamicLoadingFlow" time="6.185"/>
</testsuite> <!-- heroku chrome test -->
