<?xml version="1.0" encoding="UTF-8"?>
<!-- Generated by org.testng.reporters.JUnitXMLReporter -->
<testsuite ignored="0" hostname="DESKTOP-NACMCLL" failures="0" tests="7" name="heroku chrome test" time="52.214" errors="0" timestamp="2026-01-15T15:49:54 IST">
  <testcase classname="herokuapp.pagestest.FT01_ABTestingTest" name="verifyHeadingText" time="0.909"/>
  <testcase classname="herokuapp.pagestest.FT02_AddRemoveTest" name="verifyAddRemoveTest" time="6.97"/>
  <testcase classname="herokuapp.pagestest.FT03_BasicAuthTest" name="verifyBasicAuth" time="1.227"/>
  <testcase classname="herokuapp.pagestest.FT03_BasicAuthTest" name="verifyBasicAuth" time="1.128"/>
  <testcase classname="herokuapp.pagestest.FT03_BasicAuthTest" name="verifyBasicAuth" time="1.128"/>
  <testcase classname="herokuapp.pagestest.FT03_BasicAuthTest" name="verifyBasicAuth" time="1.112"/>
  <testcase classname="herokuapp.pagestest.FT04_BrokenImageTest" name="verifyBrokenImages" time="0.816"/>
</testsuite> <!-- heroku chrome test -->
