<?xml version="1.0" encoding="UTF-8"?>
<!-- Generated by org.testng.reporters.JUnitReportReporter -->
<testsuite hostname="DESKTOP-NACMCLL" failures="0" tests="1" name="herokuapp.pagestest.FT02_AddRemoveTest" time="12.896" errors="0" timestamp="2026-01-15T15:49:54 IST" skipped="0">
  <testcase classname="herokuapp.pagestest.FT02_AddRemoveTest" name="verifyAddRemoveTest" time="12.896">
    <system-out>
      <![CDATA[Initializing Add Remove Page
Initialization of Add Button
Initialization of Add Button
Initialization of Add Button
Deleting all delete Button]]>
    </system-out>
  </testcase> <!-- verifyAddRemoveTest -->
  <system-out>
    <![CDATA[Browser is opening
login test started
chrome
Initializing ABtesting
fetching heading text for abtesting
Browser is closing
Browser is opening
login test started
chrome
Initializing Add Remove Page
Initialization of Add Button
Initialization of Add Button
Initialization of Add Button
Deleting all delete Button
Browser is closing
Start Inserting Values for BasicAuth
Browser is opening
login test started
chrome
Initializing Basic auth
Navigating with Basic Auth credentials
Validating success message
Browser is closing
Browser is opening
login test started
chrome
Initializing Basic auth
Navigating with Basic Auth credentials
Browser is closing
Browser is opening
login test started
chrome
Initializing Basic auth
Navigating with Basic Auth credentials
Browser is closing
Browser is opening
login test started
chrome
Initializing Basic auth
Navigating with Basic Auth credentials
Browser is closing
Browser is opening
login test started
chrome
Initialization of Broken Image Test
Checking the Broken state of the images
Checking the Broken state of the images
Browser is closing]]>
  </system-out>
</testsuite> <!-- herokuapp.pagestest.FT02_AddRemoveTest -->
