<?xml version="1.0" encoding="UTF-8"?>
<!-- Generated by org.testng.reporters.JUnitReportReporter -->
<testsuite hostname="DESKTOP-NACMCLL" failures="0" tests="1" name="herokuapp.pagestest.FT09_DynamicControlTest" time="6.269" errors="1" timestamp="2026-01-19T18:52:00 IST" skipped="0">
  <testcase classname="herokuapp.pagestest.FT09_DynamicControlTest" name="verifyDynamicControls" time="6.269">
    <error message="no such element: Unable to locate element: {&quot;method&quot;:&quot;link text&quot;,&quot;selector&quot;:&quot;Dynamic Controls&quot;}
  (Session info: chrome=143.0.7499.193)
For documentation on this error, please visit: https://www.selenium.dev/documentation/webdriver/troubleshooting/errors#nosuchelementexception
Build info: version: &#039;4.38.0&#039;, revision: &#039;6b412e825c*&#039;
System info: os.name: &#039;Windows 11&#039;, os.arch: &#039;amd64&#039;, os.version: &#039;10.0&#039;, java.version: &#039;21.0.7&#039;
Driver info: org.openqa.selenium.chrome.ChromeDriver
Command: [96e1fc887a61684240e99f7aff27544d, findElement {value=Dynamic Controls, using=link text}]
Capabilities {acceptInsecureCerts: false, browserName: chrome, browserVersion: 143.0.7499.193, chrome: {chromedriverVersion: 143.0.7499.192 (be2c1f4fd45..., userDataDir: C:\Users\VIDHIY~1\AppData\L...}, fedcm:accounts: true, goog:chromeOptions: {debuggerAddress: localhost:65502}, goog:processID: 9728, networkConnectionEnabled: false, pageLoadStrategy: normal, platformName: windows, proxy: Proxy(), se:cdp: ws://localhost:65502/devtoo..., se:cdpVersion: 143.0.7499.193, setWindowRect: true, strictFileInteractability: false, timeouts: {implicit: 0, pageLoad: 300000, script: 30000}, unhandledPromptBehavior: dismiss and notify, webauthn:extension:credBlob: true, webauthn:extension:largeBlob: true, webauthn:extension:minPinLength: true, webauthn:extension:prf: true, webauthn:virtualAuthenticators: true}
Session ID: 96e1fc887a61684240e99f7aff27544d" type="org.openqa.selenium.NoSuchElementException">
      <![CDATA[org.openqa.selenium.NoSuchElementException: no such element: Unable to locate element: {"method":"link text","selector":"Dynamic Controls"}
  (Session info: chrome=143.0.7499.193)
For documentation on this error, please visit: https://www.selenium.dev/documentation/webdriver/troubleshooting/errors#nosuchelementexception
Build info: version: '4.38.0', revision: '6b412e825c*'
System info: os.name: 'Windows 11', os.arch: 'amd64', os.version: '10.0', java.version: '21.0.7'
Driver info: org.openqa.selenium.chrome.ChromeDriver
Command: [96e1fc887a61684240e99f7aff27544d, findElement {value=Dynamic Controls, using=link text}]
Capabilities {acceptInsecureCerts: false, browserName: chrome, browserVersion: 143.0.7499.193, chrome: {chromedriverVersion: 143.0.7499.192 (be2c1f4fd45..., userDataDir: C:\Users\VIDHIY~1\AppData\L...}, fedcm:accounts: true, goog:chromeOptions: {debuggerAddress: localhost:65502}, goog:processID: 9728, networkConnectionEnabled: false, pageLoadStrategy: normal, platformName: windows, proxy: Proxy(), se:cdp: ws://localhost:65502/devtoo..., se:cdpVersion: 143.0.7499.193, setWindowRect: true, strictFileInteractability: false, timeouts: {implicit: 0, pageLoad: 300000, script: 30000}, unhandledPromptBehavior: dismiss and notify, webauthn:extension:credBlob: true, webauthn:extension:largeBlob: true, webauthn:extension:minPinLength: true, webauthn:extension:prf: true, webauthn:virtualAuthenticators: true}
Session ID: 96e1fc887a61684240e99f7aff27544d
at java.base/jdk.internal.reflect.DirectConstructorHandleAccessor.newInstance(DirectConstructorHandleAccessor.java:62)
at java.base/java.lang.reflect.Constructor.newInstanceWithCaller(Constructor.java:502)
at java.base/java.lang.reflect.Constructor.newInstance(Constructor.java:486)
at org.openqa.selenium.remote.ErrorCodec.decode(ErrorCodec.java:167)
at org.openqa.selenium.remote.codec.w3c.W3CHttpResponseCodec.decode(W3CHttpResponseCodec.java:138)
at org.openqa.selenium.remote.codec.w3c.W3CHttpResponseCodec.decode(W3CHttpResponseCodec.java:50)
at org.openqa.selenium.remote.HttpCommandExecutor.execute(HttpCommandExecutor.java:215)
at org.openqa.selenium.remote.service.DriverCommandExecutor.invokeExecute(DriverCommandExecutor.java:216)
at org.openqa.selenium.remote.service.DriverCommandExecutor.execute(DriverCommandExecutor.java:174)
at org.openqa.selenium.remote.RemoteWebDriver.execute(RemoteWebDriver.java:557)
at org.openqa.selenium.remote.ElementLocation$ElementFinder$2.findElement(ElementLocation.java:165)
at org.openqa.selenium.remote.ElementLocation.findElement(ElementLocation.java:59)
at org.openqa.selenium.remote.RemoteWebDriver.findElement(RemoteWebDriver.java:380)
at org.openqa.selenium.remote.RemoteWebDriver.findElement(RemoteWebDriver.java:374)
at herokuapp.pagestest.FT09_DynamicControlTest.verifyDynamicControls(FT09_DynamicControlTest.java:16)
at java.base/jdk.internal.reflect.DirectMethodHandleAccessor.invoke(DirectMethodHandleAccessor.java:103)
at java.base/java.lang.reflect.Method.invoke(Method.java:580)
at org.testng.internal.invokers.MethodInvocationHelper.invokeMethod(MethodInvocationHelper.java:141)
at org.testng.internal.invokers.TestInvoker.invokeMethod(TestInvoker.java:686)
at org.testng.internal.invokers.TestInvoker.invokeTestMethod(TestInvoker.java:230)
at org.testng.internal.invokers.MethodRunner.runInSequence(MethodRunner.java:63)
at org.testng.internal.invokers.TestInvoker$MethodInvocationAgent.invoke(TestInvoker.java:992)
at org.testng.internal.invokers.TestInvoker.invokeTestMethods(TestInvoker.java:203)
at org.testng.internal.invokers.TestMethodWorker.invokeTestMethods(TestMethodWorker.java:154)
at org.testng.internal.invokers.TestMethodWorker.run(TestMethodWorker.java:134)
at java.base/java.util.ArrayList.forEach(ArrayList.java:1596)
at org.testng.TestRunner.privateRun(TestRunner.java:739)
at org.testng.TestRunner.run(TestRunner.java:614)
at org.testng.SuiteRunner.runTest(SuiteRunner.java:421)
at org.testng.SuiteRunner.runSequentially(SuiteRunner.java:413)
at org.testng.SuiteRunner.privateRun(SuiteRunner.java:373)
at org.testng.SuiteRunner.run(SuiteRunner.java:312)
at org.testng.SuiteRunnerWorker.runSuite(SuiteRunnerWorker.java:52)
at org.testng.SuiteRunnerWorker.run(SuiteRunnerWorker.java:95)
at org.testng.TestNG.runSuitesSequentially(TestNG.java:1274)
at org.testng.TestNG.runSuitesLocally(TestNG.java:1208)
at org.testng.TestNG.runSuites(TestNG.java:1112)
at org.testng.TestNG.run(TestNG.java:1079)
at org.apache.maven.surefire.testng.TestNGExecutor.run(TestNGExecutor.java:308)
at org.apache.maven.surefire.testng.TestNGXmlTestSuite.execute(TestNGXmlTestSuite.java:71)
at org.apache.maven.surefire.testng.TestNGProvider.invoke(TestNGProvider.java:113)
at org.apache.maven.surefire.booter.ForkedBooter.runSuitesInProcess(ForkedBooter.java:385)
at org.apache.maven.surefire.booter.ForkedBooter.execute(ForkedBooter.java:162)
at org.apache.maven.surefire.booter.ForkedBooter.run(ForkedBooter.java:507)
at org.apache.maven.surefire.booter.ForkedBooter.main(ForkedBooter.java:495)
]]>
    </error>
    <system-out>
      <![CDATA[Test FAILED]]>
    </system-out>
  </testcase> <!-- verifyDynamicControls -->
  <system-out>
    <![CDATA[Browser is opening
login test started
chrome
Initializing ABtesting
fetching heading text for abtesting
Test PASSED
Browser is closing
Browser is opening
login test started
chrome
Initializing PerformancePage
Test PASSED
Browser is closing
Browser is opening
login test started
chrome
Initializing Add Remove Page
Initialization of Add Button
Initialization of Add Button
Initialization of Add Button
Deleting all delete Button
Test PASSED
Browser is closing
Browser is opening
login test started
chrome
Initializing PerformancePage
Test PASSED
Browser is closing
Start Inserting Values for BasicAuth
Browser is opening
login test started
chrome
Initializing Basic auth
Navigating with Basic Auth credentials
Validating success message
Test PASSED
Browser is closing
Browser is opening
login test started
chrome
Initializing Basic auth
Navigating with Basic Auth credentials
Test PASSED
Browser is closing
Browser is opening
login test started
chrome
Initializing Basic auth
Navigating with Basic Auth credentials
Test PASSED
Browser is closing
Browser is opening
login test started
chrome
Initializing Basic auth
Navigating with Basic Auth credentials
Test PASSED
Browser is closing
Browser is opening
login test started
chrome
Initializing PerformancePage
Test PASSED
Browser is closing
Browser is opening
login test started
chrome
Initialization of Broken Image Test
Checking the Broken state of the images
Checking the Broken state of the images
Test PASSED
Browser is closing
Browser is opening
login test started
chrome
Initializing PerformancePage
Test PASSED
Browser is closing
Browser is opening
login test started
chrome
Initialization of CheckBox Method
Selecting checkBox at index : 0
CheckBox is selected at Index: 0
Test PASSED
Browser is closing
Browser is opening
login test started
chrome
Initializing PerformancePage
Test PASSED
Browser is closing
Browser is opening
login test started
chrome
Initialization of the ContextMenuPage
Performing right click on the contextMenu
Started Handling the alert text
Test PASSED
Browser is closing
Browser is opening
login test started
chrome
Initializing DragDropPage
Performing Drag and Drop A to B
Test PASSED
Browser is closing
Browser is opening
login test started
chrome
Initialization of Drop-Down Page
Selecting the option from drop down
Selecting the option from drop down
Test PASSED
Browser is closing
Browser is opening
login test started
chrome
Initializing PerformancePage
Test PASSED
Browser is closing
Browser is opening
login test started
chrome
Test FAILED
Browser is closing
Browser is opening
login test started
chrome
Initializing DynamicLoadingPage
Clicking Start button
Waiting for loading to finish
Waiting for finish text
Test PASSED
Browser is closing
Browser is opening
login test started
firefox
Initializing EntryAdPage
Waiting for modal popup
Closing modal popup
Checking if modal popup is closed
Test PASSED
Browser is closing
Browser is opening
login test started
firefox
Initializing TyposPage
Test PASSED
Browser is closing
Browser is opening
login test started
firefox
Initializing FileUploadPage
Uploading file: C:\Projects\Sample.txt.txt
Clicking Upload button
Uploaded file name: Sample.txt.txt
Test PASSED
Browser is closing
Browser is opening
login test started
firefox
Initializing PerformancePage
Test PASSED
Browser is closing
Browser is opening
login test started
firefox
Initializing FileDownloadPage
Download link: https://the-internet.herokuapp.com/download/some-file.txt
Clicking file download link
Test PASSED
Browser is closing
Browser is opening
login test started
firefox
Initializing PerformancePage
Test PASSED
Browser is closing
Browser is opening
login test started
firefox
Initializing FloatingMenuPage
Scrolling page by: 800
Checking if floating menu is displayed
Scrolling page by: -800
Checking if floating menu is displayed
Test PASSED
Browser is closing
Starting Inserting values for Login Form
Browser is opening
login test started
firefox
Initialization of LoginForm Page Authentication
Test PASSED
Browser is closing
Browser is opening
login test started
firefox
Initialization of LoginForm Page Authentication
Test PASSED
Browser is closing
Browser is opening
login test started
firefox
Initialization of LoginForm Page Authentication
Test PASSED
Browser is closing
Browser is opening
login test started
firefox
Initialization of LoginForm Page Authentication
Test PASSED
Browser is closing
Browser is opening
login test started
firefox
Initializing HorizontalSliderPage
Moving slider to value (via Actions): 5
Moved slider using Actions successfully
Test PASSED
Browser is closing
Browser is opening
login test started
firefox
Initializing HoversPage
Hovering over user index: 0
Hovering over user index: 1
Hovering over user index: 2
Test PASSED
Browser is closing
Browser is opening
login test started
firefox
Initializing PerformancePage
Test PASSED
Browser is closing
Browser is opening
login test started
firefox
Initializing InfiniteScrollPage
Scrolling down the page
Scrolling down the page
Scrolling down the page
Scrolling down the page
Test PASSED
Browser is closing
Browser is opening
login test started
firefox
Initializing PerformancePage
Test PASSED
Browser is closing
Starting providing different code to the page
Browser is opening
login test started
firefox
Initializing StatusCodesPage
Clicking Status Code: 200
Test PASSED
Browser is closing
Browser is opening
login test started
firefox
Initializing StatusCodesPage
Clicking Status Code: 301
Test PASSED
Browser is closing
Browser is opening
login test started
firefox
Initializing StatusCodesPage
Clicking Status Code: 404
Test PASSED
Browser is closing
Browser is opening
login test started
firefox
Initializing StatusCodesPage
Clicking Status Code: 500
Test PASSED
Browser is closing]]>
  </system-out>
</testsuite> <!-- herokuapp.pagestest.FT09_DynamicControlTest -->
