<?xml version="1.0" encoding="UTF-8"?>
<!-- Generated by org.testng.reporters.JUnitXMLReporter -->
<testsuite ignored="0" hostname="DESKTOP-NACMCLL" failures="0" tests="3" name="Chrome Test" time="40.412" errors="0" timestamp="2026-01-11T11:43:11 IST">
  <testcase classname="orangehrm.pagestest.LoginPageTest" name="loginTest" time="5.892"/>
  <testcase classname="orangehrm.pagestest.LoginPageTest" name="loginTest" time="5.889"/>
  <testcase classname="orangehrm.pagestest.LoginPageTest" name="loginTest" time="5.906"/>
</testsuite> <!-- Chrome Test -->
