<?xml version="1.0" encoding="UTF-8"?>
<!-- Generated by org.testng.reporters.JUnitXMLReporter -->
<testsuite ignored="0" hostname="DESKTOP-NACMCLL" failures="0" tests="3" name="Chrome Test" time="62.771" errors="0" timestamp="2026-01-11T16:57:54 IST">
  <testcase classname="orangehrm.pagestest.LoginPageTest" name="loginTest" time="6.233"/>
  <testcase classname="orangehrm.pagestest.LoginPageTest" name="loginTest" time="6.107"/>
  <testcase classname="orangehrm.pagestest.LoginPageTest" name="loginTest" time="6.208"/>
</testsuite> <!-- Chrome Test -->
