<?xml version="1.0" encoding="UTF-8"?>
<!-- Generated by org.testng.reporters.JUnitXMLReporter -->
<testsuite ignored="0" hostname="DESKTOP-NACMCLL" failures="0" tests="3" name="firefox-test" time="59.739" errors="0" timestamp="2026-01-11T16:58:54 IST">
  <testcase classname="orangehrm.pagestest.LoginPageTest" name="loginTest" time="7.94"/>
  <testcase classname="orangehrm.pagestest.LoginPageTest" name="loginTest" time="7.829"/>
  <testcase classname="orangehrm.pagestest.LoginPageTest" name="loginTest" time="9.447"/>
</testsuite> <!-- firefox-test -->
