<?xml version="1.0" encoding="UTF-8"?>
<!-- Generated by org.testng.reporters.JUnitXMLReporter -->
<testsuite ignored="0" hostname="DESKTOP-NACMCLL" failures="0" tests="3" name="firefox-test" time="61.946" errors="0" timestamp="2026-01-11T11:44:13 IST">
  <testcase classname="orangehrm.pagestest.LoginPageTest" name="loginTest" time="7.905"/>
  <testcase classname="orangehrm.pagestest.LoginPageTest" name="loginTest" time="7.716"/>
  <testcase classname="orangehrm.pagestest.LoginPageTest" name="loginTest" time="18.734"/>
</testsuite> <!-- firefox-test -->
